<?xml version="1.0" encoding="UTF-8"?>
<testsuite xmlns:xsi="http://www.w3.org/2001/XMLSchema-instance" xsi:noNamespaceSchemaLocation="https://maven.apache.org/surefire/maven-surefire-plugin/xsd/surefire-test-report-3.0.xsd" version="3.0" name="io.camunda.it.auth.ProcessInstanceAuthorizationIT" time="42.26" tests="1" errors="0" skipped="0" failures="1">
  <testcase name="getByKeyShouldReturnAuthorizedVariable(CamundaClient, CamundaClient) Exporter: CAMUNDA_EXPORTER_ELASTIC_SEARCH (Flaky Test)" classname="io.camunda.it.auth.ProcessInstanceAuthorizationIT" time="13.888">
    <failure type="org.junit.jupiter.api.extension.ParameterResolutionException (Flaky Test)"><![CDATA[org.junit.jupiter.api.extension.ParameterResolutionException: Failed to resolve parameter [final io.camunda.client.CamundaClient adminClient] in method [void io.camunda.it.auth.ProcessInstanceAuthorizationIT.setUp(io.camunda.client.CamundaClient)]: Assertion condition defined as a Lambda expression in io.camunda.it.utils.CamundaClientTestFactory null within 20 seconds.
	at java.base/java.util.stream.ForEachOps$ForEachOp$OfRef.accept(ForEachOps.java:184)
	at java.base/java.util.stream.ReferencePipeline$3$1.accept(ReferencePipeline.java:197)
	at java.base/java.util.stream.ReferencePipeline$2$1.accept(ReferencePipeline.java:179)
	at java.base/java.util.stream.ReferencePipeline$3$1.accept(ReferencePipeline.java:197)
	at java.base/java.util.stream.ForEachOps$ForEachOp$OfRef.accept(ForEachOps.java:184)
	at java.base/java.util.stream.ReferencePipeline$3$1.accept(ReferencePipeline.java:197)
	at java.base/java.util.HashMap$KeySpliterator.forEachRemaining(HashMap.java:1715)
	at java.base/java.util.stream.AbstractPipeline.copyInto(AbstractPipeline.java:509)
	at java.base/java.util.stream.AbstractPipeline.wrapAndCopyInto(AbstractPipeline.java:499)
	at java.base/java.util.stream.ForEachOps$ForEachOp.evaluateSequential(ForEachOps.java:151)
	at java.base/java.util.stream.ForEachOps$ForEachOp$OfRef.evaluateSequential(ForEachOps.java:174)
	at java.base/java.util.stream.AbstractPipeline.evaluate(AbstractPipeline.java:234)
	at java.base/java.util.stream.ReferencePipeline.forEach(ReferencePipeline.java:596)
	at java.base/java.util.stream.ReferencePipeline$7$1.accept(ReferencePipeline.java:276)
	at java.base/java.util.ArrayList$ArrayListSpliterator.forEachRemaining(ArrayList.java:1708)
	at java.base/java.util.stream.AbstractPipeline.copyInto(AbstractPipeline.java:509)
	at java.base/java.util.stream.AbstractPipeline.wrapAndCopyInto(AbstractPipeline.java:499)
	at java.base/java.util.stream.ForEachOps$ForEachOp.evaluateSequential(ForEachOps.java:151)
	at java.base/java.util.stream.ForEachOps$ForEachOp$OfRef.evaluateSequential(ForEachOps.java:174)
	at java.base/java.util.stream.AbstractPipeline.evaluate(AbstractPipeline.java:234)
	at java.base/java.util.stream.ReferencePipeline.forEach(ReferencePipeline.java:596)
	at java.base/java.util.concurrent.ForkJoinTask.doExec(ForkJoinTask.java:387)
	at java.base/java.util.concurrent.ForkJoinPool$WorkQueue.topLevelExec(ForkJoinPool.java:1312)
	at java.base/java.util.concurrent.ForkJoinPool.scan(ForkJoinPool.java:1843)
	at java.base/java.util.concurrent.ForkJoinPool.runWorker(ForkJoinPool.java:1808)
	at java.base/java.util.concurrent.ForkJoinWorkerThread.run(ForkJoinWorkerThread.java:188)
Caused by: org.awaitility.core.ConditionTimeoutException: Assertion condition defined as a Lambda expression in io.camunda.it.utils.CamundaClientTestFactory null within 20 seconds.
	at org.awaitility.core.ConditionAwaiter.await(ConditionAwaiter.java:167)
	at org.awaitility.core.AssertionCondition.await(AssertionCondition.java:119)
	at org.awaitility.core.AssertionCondition.await(AssertionCondition.java:31)
	at org.awaitility.core.ConditionFactory.until(ConditionFactory.java:1006)
	at org.awaitility.core.ConditionFactory.untilAsserted(ConditionFactory.java:790)
	at io.camunda.it.utils.CamundaClientTestFactory.createDefaultUserClient(CamundaClientTestFactory.java:90)
	at io.camunda.it.utils.CamundaClientTestFactory.lambda$createCamundaClient$1(CamundaClientTestFactory.java:63)
	at java.base/java.util.concurrent.ConcurrentHashMap.computeIfAbsent(ConcurrentHashMap.java:1708)
	at io.camunda.it.utils.CamundaClientTestFactory.createCamundaClient(CamundaClientTestFactory.java:61)
	at io.camunda.it.utils.BrokerITInvocationProvider$1$1.resolveParameter(BrokerITInvocationProvider.java:227)
	... 26 more
Caused by: java.util.concurrent.TimeoutException
	at java.base/java.util.concurrent.FutureTask.get(FutureTask.java:204)
	at org.awaitility.core.Uninterruptibles.getUninterruptibly(Uninterruptibles.java:101)
	at org.awaitility.core.Uninterruptibles.getUninterruptibly(Uninterruptibles.java:81)
	at org.awaitility.core.ConditionAwaiter.await(ConditionAwaiter.java:103)
	... 35 more
]]></failure>
    <system-out><![CDATA[10:32:39.272 [] [] [ForkJoinPool-1-worker-1] INFO  io.camunda.it.utils.BrokerITInvocationProvider - Starting up '2' camunda instances
10:32:39.303 [] [] [ForkJoinPool-1-worker-1] INFO  io.camunda.it.utils.BrokerITInvocationProvider - Start up 'RDBMS_EXPORTER_H2'
10:32:39.304 [] [] [ForkJoinPool-1-worker-2] INFO  io.camunda.it.utils.BrokerITInvocationProvider - Start up 'CAMUNDA_EXPORTER_ELASTIC_SEARCH'
10:32:39.344 [] [] [ForkJoinPool-1-worker-1] WARN  io.camunda.zeebe.test.util - No system property 'testMavenId' set, using default value 0
10:32:39.344 [] [] [ForkJoinPool-1-worker-1] INFO  io.camunda.zeebe.test.util.SocketUtil - Starting socket assignment with testForkNumber 4 and testMavenId 0
10:32:39.358 [] [] [ForkJoinPool-1-worker-1] INFO  io.camunda.zeebe.test.util.SocketUtil - Choosing next port 1425 for test fork 4 with range PortRange{host='localhost', basePort=1425, maxOffset=100, currentOffset=1}
10:32:39.383 [] [] [ForkJoinPool-1-worker-1] INFO  io.camunda.zeebe.test.util.SocketUtil - Choosing next port 1426 for test fork 4 with range PortRange{host='localhost', basePort=1425, maxOffset=100, currentOffset=2}
10:32:39.576 [] [] [ForkJoinPool-1-worker-2] INFO  org.testcontainers.images.PullPolicy - Image pull policy will be performed by: DefaultPullPolicy()
10:32:39.604 [] [] [ForkJoinPool-1-worker-2] INFO  org.testcontainers.utility.ImageNameSubstitutor - Image name substitution will be performed by: DefaultImageNameSubstitutor (composite of 'ConfigurationFileImageNameSubstitutor' and 'PrefixingImageNameSubstitutor')
10:32:39.982 [] [] [ForkJoinPool-1-worker-1] INFO  io.camunda.zeebe.test.util.SocketUtil - Choosing next port 1427 for test fork 4 with range PortRange{host='localhost', basePort=1425, maxOffset=100, currentOffset=3}
10:32:39.983 [] [] [ForkJoinPool-1-worker-1] INFO  io.camunda.zeebe.test.util.SocketUtil - Choosing next port 1428 for test fork 4 with range PortRange{host='localhost', basePort=1425, maxOffset=100, currentOffset=4}
10:32:39.983 [] [] [ForkJoinPool-1-worker-1] INFO  io.camunda.zeebe.test.util.SocketUtil - Choosing next port 1429 for test fork 4 with range PortRange{host='localhost', basePort=1425, maxOffset=100, currentOffset=5}
10:32:42.014 [] [] [background-preinit] INFO  org.hibernate.validator.internal.util.Version - HV000001: Hibernate Validator 8.0.2.Final
10:32:42.847 [] [] [docker-java-stream--1271341902] INFO  tc.testcontainers/ryuk:0.7.0 - Starting to pull image
10:32:42.877 [] [] [docker-java-stream--1271341902] INFO  tc.testcontainers/ryuk:0.7.0 - Pulling image layers:  0 pending,  0 downloaded,  0 extracted, (0 bytes/0 bytes)
10:32:42.184 [] [] [ForkJoinPool-1-worker-1] INFO  org.springframework.boot.SpringApplication - Starting application using Java 21.0.5 with PID 4448 (started by runner in /home/runner/_work/camunda/camunda/qa/integration-tests)
10:32:43.111 [] [] [ForkJoinPool-1-worker-1] INFO  org.springframework.boot.SpringApplication - The following 3 profiles are active: "test", "broker", "auth-basic"
10:32:43.201 [] [] [docker-java-stream--1271341902] INFO  tc.testcontainers/ryuk:0.7.0 - Pulling image layers:  2 pending,  1 downloaded,  0 extracted, (67 KB/? MB)
10:32:43.211 [] [] [docker-java-stream--1271341902] INFO  tc.testcontainers/ryuk:0.7.0 - Pulling image layers:  1 pending,  2 downloaded,  0 extracted, (67 KB/? MB)
10:32:43.219 [] [] [docker-java-stream--1271341902] INFO  tc.testcontainers/ryuk:0.7.0 - Pulling image layers:  0 pending,  3 downloaded,  0 extracted, (67 KB/6 MB)
10:32:43.438 [] [] [docker-java-stream--1271341902] INFO  tc.testcontainers/ryuk:0.7.0 - Pulling image layers:  0 pending,  3 downloaded,  1 extracted, (3 MB/6 MB)
10:32:43.573 [] [] [docker-java-stream--1271341902] INFO  tc.testcontainers/ryuk:0.7.0 - Pulling image layers:  0 pending,  3 downloaded,  2 extracted, (3 MB/6 MB)
10:32:43.663 [] [] [docker-java-stream--1271341902] INFO  tc.testcontainers/ryuk:0.7.0 - Pulling image layers:  0 pending,  3 downloaded,  3 extracted, (6 MB/6 MB)
10:32:43.697 [] [] [ForkJoinPool-1-worker-2] INFO  tc.testcontainers/ryuk:0.7.0 - Image testcontainers/ryuk:0.7.0 pull took PT2.098061721S
10:32:43.821 [] [] [ForkJoinPool-1-worker-2] INFO  tc.testcontainers/ryuk:0.7.0 - Creating container for image: testcontainers/ryuk:0.7.0
10:32:44.316 [] [] [ForkJoinPool-1-worker-2] INFO  tc.testcontainers/ryuk:0.7.0 - Container testcontainers/ryuk:0.7.0 is starting: 629353e66431a23161a7b4909418196b652d95233c6b0687b17fea1c47519797
10:32:45.179 [] [] [ForkJoinPool-1-worker-2] INFO  tc.testcontainers/ryuk:0.7.0 - Container testcontainers/ryuk:0.7.0 started in PT1.358749094S
10:32:45.199 [] [] [ForkJoinPool-1-worker-2] INFO  org.testcontainers.utility.RyukResourceReaper - Ryuk started - will monitor and terminate Testcontainers containers on JVM exit
10:32:45.199 [] [] [ForkJoinPool-1-worker-2] INFO  org.testcontainers.DockerClientFactory - Checking the system...
10:32:45.199 [] [] [ForkJoinPool-1-worker-2] INFO  org.testcontainers.DockerClientFactory - ✔︎ Docker server version should be at least 1.6.0
10:32:45.210 [] [] [ForkJoinPool-1-worker-2] INFO  tc.docker.elastic.co/elasticsearch/elasticsearch:8.13.4 - Pulling docker image: docker.elastic.co/elasticsearch/elasticsearch:8.13.4. Please be patient; this may take some time but only needs to be done once.
10:32:47.300 [] [] [docker-java-stream--1785464205] INFO  tc.docker.elastic.co/elasticsearch/elasticsearch:8.13.4 - Starting to pull image
10:32:47.301 [] [] [docker-java-stream--1785464205] INFO  tc.docker.elastic.co/elasticsearch/elasticsearch:8.13.4 - Pulling image layers:  0 pending,  0 downloaded,  0 extracted, (0 bytes/0 bytes)
10:32:48.482 [] [] [docker-java-stream--1785464205] INFO  tc.docker.elastic.co/elasticsearch/elasticsearch:8.13.4 - Pulling image layers:  9 pending,  1 downloaded,  0 extracted, (0 bytes/? MB)
10:32:48.482 [] [] [docker-java-stream--1785464205] INFO  tc.docker.elastic.co/elasticsearch/elasticsearch:8.13.4 - Pulling image layers:  8 pending,  2 downloaded,  0 extracted, (0 bytes/? MB)
10:32:48.483 [] [] [docker-java-stream--1785464205] INFO  tc.docker.elastic.co/elasticsearch/elasticsearch:8.13.4 - Pulling image layers:  7 pending,  3 downloaded,  0 extracted, (0 bytes/? MB)
10:32:48.761 [] [] [docker-java-stream--1785464205] INFO  tc.docker.elastic.co/elasticsearch/elasticsearch:8.13.4 - Pulling image layers:  6 pending,  4 downloaded,  0 extracted, (7 MB/? MB)
10:32:48.845 [] [] [docker-java-stream--1785464205] INFO  tc.docker.elastic.co/elasticsearch/elasticsearch:8.13.4 - Pulling image layers:  5 pending,  5 downloaded,  0 extracted, (7 MB/? MB)
10:32:49.149 [] [] [docker-java-stream--1785464205] INFO  tc.docker.elastic.co/elasticsearch/elasticsearch:8.13.4 - Pulling image layers:  4 pending,  6 downloaded,  0 extracted, (71 MB/? MB)
10:32:49.224 [] [] [docker-java-stream--1785464205] INFO  tc.docker.elastic.co/elasticsearch/elasticsearch:8.13.4 - Pulling image layers:  3 pending,  7 downloaded,  0 extracted, (96 MB/? MB)
10:32:49.520 [] [] [docker-java-stream--1785464205] INFO  tc.docker.elastic.co/elasticsearch/elasticsearch:8.13.4 - Pulling image layers:  2 pending,  8 downloaded,  0 extracted, (162 MB/? MB)
10:32:49.613 [] [] [docker-java-stream--1785464205] INFO  tc.docker.elastic.co/elasticsearch/elasticsearch:8.13.4 - Pulling image layers:  1 pending,  9 downloaded,  0 extracted, (183 MB/? MB)
10:32:50.423 [] [] [ForkJoinPool-1-worker-1] INFO  org.springframework.boot.web.embedded.tomcat.TomcatWebServer - Tomcat initialized with port 1425 (http)
10:32:50.466 [] [] [ForkJoinPool-1-worker-1] INFO  org.apache.coyote.http11.Http11NioProtocol - Initializing ProtocolHandler ["http-nio-0.0.0.0-1425"]
10:32:50.472 [] [] [ForkJoinPool-1-worker-1] INFO  org.apache.catalina.core.StandardService - Starting service [Tomcat]
10:32:50.473 [] [] [ForkJoinPool-1-worker-1] INFO  org.apache.catalina.core.StandardEngine - Starting Servlet engine: [Apache Tomcat/10.1.34]
10:32:50.632 [] [] [docker-java-stream--1785464205] INFO  tc.docker.elastic.co/elasticsearch/elasticsearch:8.13.4 - Pulling image layers:  1 pending,  9 downloaded,  1 extracted, (392 MB/? MB)
10:32:50.887 [] [] [ForkJoinPool-1-worker-1] INFO  org.apache.catalina.core.ContainerBase.[Tomcat].[localhost].[/] - Initializing Spring embedded WebApplicationContext
10:32:50.901 [] [] [ForkJoinPool-1-worker-1] INFO  org.springframework.boot.web.servlet.context.ServletWebServerApplicationContext - Root WebApplicationContext: initialization completed in 7681 ms
10:32:51.225 [] [] [docker-java-stream--1785464205] INFO  tc.docker.elastic.co/elasticsearch/elasticsearch:8.13.4 - Pulling image layers:  1 pending,  9 downloaded,  2 extracted, (520 MB/? MB)
10:32:51.264 [] [] [docker-java-stream--1785464205] INFO  tc.docker.elastic.co/elasticsearch/elasticsearch:8.13.4 - Pulling image layers:  1 pending,  9 downloaded,  3 extracted, (520 MB/? MB)
10:32:51.294 [] [] [docker-java-stream--1785464205] INFO  tc.docker.elastic.co/elasticsearch/elasticsearch:8.13.4 - Pulling image layers:  1 pending,  9 downloaded,  4 extracted, (520 MB/? MB)
10:32:51.397 [] [] [ForkJoinPool-1-worker-1] INFO  io.camunda.zeebe.broker.system - Started with development/test mode; data will be deleted on shutdown
10:32:51.605 [] [] [docker-java-stream--1785464205] INFO  tc.docker.elastic.co/elasticsearch/elasticsearch:8.13.4 - Pulling image layers:  0 pending, 10 downloaded,  4 extracted, (583 MB/608 MB)
10:32:52.882 [Broker-0] [] [netty-messaging-event-epoll-server-0] INFO  io.atomix.cluster.messaging.impl.NettyMessagingService - Started messaging service bound to [0.0.0.0:1428], advertising 10.128.89.11:1428, and using plaintext
10:32:52.943 [Broker-0] [] [netty-unicast-event-nio-client-0] INFO  io.atomix.cluster.messaging.impl.NettyUnicastService - Started plaintext unicast service bound to 0.0.0.0:1428, advertising 10.128.89.11:1428
10:32:52.947 [] [] [atomix-cluster-0] DEBUG io.atomix.cluster.discovery.BootstrapDiscoveryProvider - Local node Node{id=0, address=10.128.89.11:1428} joined the bootstrap service
10:32:52.951 [] [] [atomix-cluster-0] DEBUG io.atomix.cluster.protocol.swim - Nodes from discovery service []
10:32:52.956 [] [] [atomix-cluster-0] INFO  io.atomix.cluster.protocol.swim - Started
10:32:52.958 [] [] [atomix-cluster-0] INFO  io.atomix.cluster.impl.DefaultClusterMembershipService - Started cluster membership service for member Member{id=0, address=10.128.89.11:1428, properties={}}
10:32:52.959 [] [] [atomix-cluster-0] INFO  io.atomix.cluster.messaging.impl.DefaultClusterCommunicationService - Started
10:32:52.962 [] [] [atomix-cluster-0] INFO  io.atomix.cluster.messaging.impl.DefaultClusterEventService - Started
10:32:53.061 [] [] [ForkJoinPool-1-worker-1] DEBUG org.apache.ibatis.logging.LogFactory - Logging initialized using 'class org.apache.ibatis.logging.slf4j.Slf4jImpl' adapter.
10:32:53.071 [] [] [ForkJoinPool-1-worker-1] INFO  com.zaxxer.hikari.HikariDataSource - HikariPool-1 - Starting...
10:32:53.706 [] [] [ForkJoinPool-1-worker-1] INFO  com.zaxxer.hikari.pool.HikariPool - HikariPool-1 - Added connection conn0: url=jdbc:h2:mem:testdb+d3577cb9-947e-4b6f-8fa4-f2f5a0432f0a user=SA
10:32:53.708 [] [] [ForkJoinPool-1-worker-1] INFO  com.zaxxer.hikari.HikariDataSource - HikariPool-1 - Start completed.
10:32:53.740 [] [] [ForkJoinPool-1-worker-1] INFO  io.camunda.application.commons.rdbms.MyBatisConfiguration - Detected databaseId: h2
10:32:55.704 [] [] [ForkJoinPool-1-worker-1] INFO  org.ehcache.core.EhcacheManager - Cache 'tokenCache' created in EhcacheManager.
10:32:56.207 [] [] [ForkJoinPool-1-worker-1] WARN  io.camunda.service.license.CamundaLicense - No license detected when one is expected. Please provide a license through the CAMUNDA_LICENSE_KEY environment variable.
10:32:56.233 [] [] [ForkJoinPool-1-worker-1] WARN  io.camunda.document.store.SimpleDocumentStoreRegistry - No document stores configured. Using fallback in-memory document store.
10:32:56.423 [] [] [ForkJoinPool-1-worker-1] INFO  io.camunda.application.commons.rdbms.MyBatisConfiguration - Initializing Liquibase for RDBMS.
10:32:56.474 [Broker-0] [] [atomix-cluster-heartbeat-sender] DEBUG io.atomix.cluster.protocol.swim - 0 - Detected local properties change {event-service-topics-subscribed=KIIDAGpvYnNBdmFpbGFibOU=}
10:32:56.542 [] [] [ForkJoinPool-1-worker-1] INFO  liquibase.integration - Schema based multitenancy enabled
10:32:56.542 [] [] [ForkJoinPool-1-worker-1] INFO  liquibase.integration - Schemas not defined, using defaultSchema only
10:32:56.545 [] [] [ForkJoinPool-1-worker-1] INFO  liquibase.integration - Initializing Liquibase for schema null
10:32:56.854 [] [] [ForkJoinPool-1-worker-1] INFO  liquibase.database - Set default schema name to PUBLIC
10:32:58.459 [] [] [ForkJoinPool-1-worker-1] INFO  liquibase.changelog - Creating database history table with name: PUBLIC.DATABASECHANGELOG
10:32:58.887 [] [] [ForkJoinPool-1-worker-1] INFO  liquibase.changelog - Reading from PUBLIC.DATABASECHANGELOG
10:32:58.928 [] [] [ForkJoinPool-1-worker-1] INFO  liquibase.snapshot - Creating snapshot
10:32:59.478 [] [] [ForkJoinPool-1-worker-1] INFO  liquibase.lockservice - Successfully acquired change log lock
10:32:59.479 [] [] [ForkJoinPool-1-worker-1] INFO  liquibase.command - Using deploymentId: 6418779478
10:32:59.486 [] [] [ForkJoinPool-1-worker-1] INFO  liquibase.changelog - Reading from PUBLIC.DATABASECHANGELOG
10:32:59.785 [] [] [ForkJoinPool-1-worker-1] INFO  liquibase.ui - Running Changeset: db/changelog/rdbms-exporter/changesets/8.8.0.xml::create_exporter_position_table::pwunderlich
10:32:59.814 [] [] [ForkJoinPool-1-worker-1] INFO  liquibase.changelog - Table EXPORTER_POSITION created
10:32:59.819 [] [] [ForkJoinPool-1-worker-1] INFO  liquibase.changelog - ChangeSet db/changelog/rdbms-exporter/changesets/8.8.0.xml::create_exporter_position_table::pwunderlich ran successfully in 19ms
10:32:59.860 [] [] [ForkJoinPool-1-worker-1] INFO  liquibase.ui - Running Changeset: db/changelog/rdbms-exporter/changesets/8.8.0.xml::create_process_deployment_table::cthiel
10:32:59.877 [] [] [ForkJoinPool-1-worker-1] INFO  liquibase.changelog - Table PROCESS_DEFINITION created
10:32:59.883 [] [] [ForkJoinPool-1-worker-1] INFO  liquibase.changelog - Index IDX_PROCESS_DEFINITION_ID created
10:32:59.884 [] [] [ForkJoinPool-1-worker-1] INFO  liquibase.changelog - ChangeSet db/changelog/rdbms-exporter/changesets/8.8.0.xml::create_process_deployment_table::cthiel ran successfully in 23ms
10:32:59.899 [] [] [ForkJoinPool-1-worker-1] INFO  liquibase.ui - Running Changeset: db/changelog/rdbms-exporter/changesets/8.8.0.xml::create_process_instance_table::cthiel
10:32:59.911 [] [] [ForkJoinPool-1-worker-1] INFO  liquibase.changelog - Table PROCESS_INSTANCE created
10:32:59.912 [] [] [ForkJoinPool-1-worker-1] INFO  liquibase.changelog - ChangeSet db/changelog/rdbms-exporter/changesets/8.8.0.xml::create_process_instance_table::cthiel ran successfully in 13ms
10:32:59.934 [] [] [ForkJoinPool-1-worker-1] INFO  liquibase.ui - Running Changeset: db/changelog/rdbms-exporter/changesets/8.8.0.xml::create_variable_table::pwunderlich
10:32:59.952 [] [] [ForkJoinPool-1-worker-1] INFO  liquibase.changelog - Table VARIABLE created
10:32:59.954 [] [] [ForkJoinPool-1-worker-1] INFO  liquibase.changelog - Index IDX_VARIABLE_PROCESS_INSTANCE_KEY created
10:32:59.964 [] [] [ForkJoinPool-1-worker-1] INFO  liquibase.changelog - Index IDX_VARIABLE_TENANT_ID created
10:32:59.965 [] [] [ForkJoinPool-1-worker-1] INFO  liquibase.changelog - ChangeSet db/changelog/rdbms-exporter/changesets/8.8.0.xml::create_variable_table::pwunderlich ran successfully in 17ms
10:32:59.979 [] [] [ForkJoinPool-1-worker-1] INFO  liquibase.ui - Running Changeset: db/changelog/rdbms-exporter/changesets/8.8.0.xml::create_flow_node_table::cthiel
10:32:59.991 [] [] [ForkJoinPool-1-worker-1] INFO  liquibase.changelog - Table FLOW_NODE_INSTANCE created
10:32:59.992 [] [] [ForkJoinPool-1-worker-1] INFO  liquibase.changelog - ChangeSet db/changelog/rdbms-exporter/changesets/8.8.0.xml::create_flow_node_table::cthiel ran successfully in 11ms
10:33:00.010 [] [] [ForkJoinPool-1-worker-1] INFO  liquibase.ui - Running Changeset: db/changelog/rdbms-exporter/changesets/8.8.0.xml::create_usertask_table::pwunderlich
10:33:00.033 [] [] [ForkJoinPool-1-worker-1] INFO  liquibase.changelog - Table USER_TASK created
10:33:00.036 [] [] [ForkJoinPool-1-worker-1] INFO  liquibase.changelog - Table CANDIDATE_USER created
10:33:00.037 [] [] [ForkJoinPool-1-worker-1] INFO  liquibase.changelog - Table CANDIDATE_GROUP created
10:33:00.063 [] [] [ForkJoinPool-1-worker-1] INFO  liquibase.changelog - Index IDX_CANDIDATE_USER_USER_TASK_KEY created
10:33:00.066 [] [] [ForkJoinPool-1-worker-1] INFO  liquibase.changelog - Index IDX_CANDIDATE_GROUP_USER_TASK_KEY created
10:33:00.088 [] [] [ForkJoinPool-1-worker-1] INFO  liquibase.changelog - ChangeSet db/changelog/rdbms-exporter/changesets/8.8.0.xml::create_usertask_table::pwunderlich ran successfully in 51ms
10:33:00.102 [] [] [ForkJoinPool-1-worker-1] INFO  liquibase.ui - Running Changeset: db/changelog/rdbms-exporter/changesets/8.8.0.xml::create_incident::cthiel
10:33:00.119 [] [] [ForkJoinPool-1-worker-1] INFO  liquibase.changelog - Table INCIDENT created
10:33:00.120 [] [] [ForkJoinPool-1-worker-1] INFO  liquibase.changelog - ChangeSet db/changelog/rdbms-exporter/changesets/8.8.0.xml::create_incident::cthiel ran successfully in 16ms
10:33:00.132 [] [] [ForkJoinPool-1-worker-1] INFO  liquibase.ui - Running Changeset: db/changelog/rdbms-exporter/changesets/8.8.0.xml::create_decision_definition_table::cthiel
10:33:00.151 [] [] [ForkJoinPool-1-worker-1] INFO  liquibase.changelog - Table DECISION_DEFINITION created
10:33:00.171 [] [] [ForkJoinPool-1-worker-1] INFO  liquibase.changelog - Index IDX_DECISION_DEFINITION_ID created
10:33:00.171 [] [] [ForkJoinPool-1-worker-1] INFO  liquibase.changelog - ChangeSet db/changelog/rdbms-exporter/changesets/8.8.0.xml::create_decision_definition_table::cthiel ran successfully in 23ms
10:33:00.193 [] [] [ForkJoinPool-1-worker-1] INFO  liquibase.ui - Running Changeset: db/changelog/rdbms-exporter/changesets/8.8.0.xml::create_decision_requirements_table::cthiel
10:33:00.213 [] [] [ForkJoinPool-1-worker-1] INFO  liquibase.changelog - Table DECISION_REQUIREMENTS created
10:33:00.214 [] [] [ForkJoinPool-1-worker-1] INFO  liquibase.changelog - Index IDX_DECISION_REQUIREMENTS_ID created
10:33:00.214 [] [] [ForkJoinPool-1-worker-1] INFO  liquibase.changelog - ChangeSet db/changelog/rdbms-exporter/changesets/8.8.0.xml::create_decision_requirements_table::cthiel ran successfully in 21ms
10:33:00.241 [] [] [ForkJoinPool-1-worker-1] INFO  liquibase.ui - Running Changeset: db/changelog/rdbms-exporter/changesets/8.8.0.xml::create_decision_instance_table::cthiel
10:33:00.262 [] [] [ForkJoinPool-1-worker-1] INFO  liquibase.changelog - Table DECISION_INSTANCE created
10:33:00.262 [] [] [ForkJoinPool-1-worker-1] INFO  liquibase.changelog - ChangeSet db/changelog/rdbms-exporter/changesets/8.8.0.xml::create_decision_instance_table::cthiel ran successfully in 21ms
10:33:00.272 [] [] [ForkJoinPool-1-worker-1] INFO  liquibase.ui - Running Changeset: db/changelog/rdbms-exporter/changesets/8.8.0.xml::create_decision_instance_input_table::cthiel
10:33:00.282 [] [] [ForkJoinPool-1-worker-1] INFO  liquibase.changelog - Table DECISION_INSTANCE_INPUT created
10:33:00.283 [] [] [ForkJoinPool-1-worker-1] INFO  liquibase.changelog - ChangeSet db/changelog/rdbms-exporter/changesets/8.8.0.xml::create_decision_instance_input_table::cthiel ran successfully in 11ms
10:33:00.298 [] [] [ForkJoinPool-1-worker-1] INFO  liquibase.ui - Running Changeset: db/changelog/rdbms-exporter/changesets/8.8.0.xml::create_decision_instance_output_table::cthiel
10:33:00.301 [] [] [ForkJoinPool-1-worker-1] INFO  liquibase.changelog - Table DECISION_INSTANCE_OUTPUT created
10:33:00.302 [] [] [ForkJoinPool-1-worker-1] INFO  liquibase.changelog - ChangeSet db/changelog/rdbms-exporter/changesets/8.8.0.xml::create_decision_instance_output_table::cthiel ran successfully in 2ms
10:33:00.318 [] [] [ForkJoinPool-1-worker-1] INFO  liquibase.ui - Running Changeset: db/changelog/rdbms-exporter/changesets/8.8.0.xml::create_user_table::cthiel
10:33:00.333 [] [] [ForkJoinPool-1-worker-1] INFO  liquibase.changelog - Table USERS created
10:33:00.333 [] [] [ForkJoinPool-1-worker-1] INFO  liquibase.changelog - ChangeSet db/changelog/rdbms-exporter/changesets/8.8.0.xml::create_user_table::cthiel ran successfully in 14ms
10:33:00.349 [] [] [ForkJoinPool-1-worker-1] INFO  liquibase.ui - Running Changeset: db/changelog/rdbms-exporter/changesets/8.8.0.xml::create_form_table::pwunderlich
10:33:00.368 [] [] [ForkJoinPool-1-worker-1] INFO  liquibase.changelog - Table FORM created
10:33:00.369 [] [] [ForkJoinPool-1-worker-1] INFO  liquibase.changelog - Index IDX_FORM_ID created
10:33:00.373 [] [] [ForkJoinPool-1-worker-1] INFO  liquibase.changelog - Index IDX_FORM_TENANT_ID created
10:33:00.373 [] [] [ForkJoinPool-1-worker-1] INFO  liquibase.changelog - ChangeSet db/changelog/rdbms-exporter/changesets/8.8.0.xml::create_form_table::pwunderlich ran successfully in 23ms
10:33:00.377 [] [] [ForkJoinPool-1-worker-1] INFO  liquibase.ui - Running Changeset: db/changelog/rdbms-exporter/changesets/8.8.0.xml::create_mapping_table::pwunderlich
10:33:00.388 [] [] [ForkJoinPool-1-worker-1] INFO  liquibase.changelog - Table MAPPINGS created
10:33:00.389 [] [] [ForkJoinPool-1-worker-1] INFO  liquibase.changelog - ChangeSet db/changelog/rdbms-exporter/changesets/8.8.0.xml::create_mapping_table::pwunderlich ran successfully in 12ms
10:33:00.393 [] [] [ForkJoinPool-1-worker-1] INFO  liquibase.ui - Running Changeset: db/changelog/rdbms-exporter/changesets/8.8.0.xml::create_tenant_table::cthiel
10:33:00.416 [] [] [ForkJoinPool-1-worker-1] INFO  liquibase.changelog - Table TENANT created
10:33:00.416 [] [] [ForkJoinPool-1-worker-1] INFO  liquibase.changelog - ChangeSet db/changelog/rdbms-exporter/changesets/8.8.0.xml::create_tenant_table::cthiel ran successfully in 23ms
10:33:00.418 [] [] [ForkJoinPool-1-worker-1] INFO  liquibase.ui - Running Changeset: db/changelog/rdbms-exporter/changesets/8.8.0.xml::tenant_members_table::cthiel
10:33:00.435 [] [] [ForkJoinPool-1-worker-1] INFO  liquibase.changelog - Table TENANT_MEMBER created
10:33:00.435 [] [] [ForkJoinPool-1-worker-1] INFO  liquibase.changelog - ChangeSet db/changelog/rdbms-exporter/changesets/8.8.0.xml::tenant_members_table::cthiel ran successfully in 17ms
10:33:00.438 [] [] [ForkJoinPool-1-worker-1] INFO  liquibase.ui - Running Changeset: db/changelog/rdbms-exporter/changesets/8.8.0.xml::create_role_table::cthiel
10:33:00.446 [] [] [ForkJoinPool-1-worker-1] INFO  liquibase.changelog - Table ROLES created
10:33:00.446 [] [] [ForkJoinPool-1-worker-1] INFO  liquibase.changelog - ChangeSet db/changelog/rdbms-exporter/changesets/8.8.0.xml::create_role_table::cthiel ran successfully in 8ms
10:33:00.452 [] [] [ForkJoinPool-1-worker-1] INFO  liquibase.ui - Running Changeset: db/changelog/rdbms-exporter/changesets/8.8.0.xml::role_members_table::cthiel
10:33:00.454 [] [] [ForkJoinPool-1-worker-1] INFO  liquibase.changelog - Table ROLE_MEMBER created
10:33:00.454 [] [] [ForkJoinPool-1-worker-1] INFO  liquibase.changelog - ChangeSet db/changelog/rdbms-exporter/changesets/8.8.0.xml::role_members_table::cthiel ran successfully in 2ms
10:33:00.466 [] [] [ForkJoinPool-1-worker-1] INFO  liquibase.ui - Running Changeset: db/changelog/rdbms-exporter/changesets/8.8.0.xml::create_group_table::cthiel
10:33:00.493 [] [] [ForkJoinPool-1-worker-1] INFO  liquibase.changelog - Table GROUPS created
10:33:00.494 [] [] [ForkJoinPool-1-worker-1] INFO  liquibase.changelog - ChangeSet db/changelog/rdbms-exporter/changesets/8.8.0.xml::create_group_table::cthiel ran successfully in 27ms
10:33:00.496 [] [] [ForkJoinPool-1-worker-1] INFO  liquibase.ui - Running Changeset: db/changelog/rdbms-exporter/changesets/8.8.0.xml::group_members_table::cthiel
10:33:00.520 [] [] [ForkJoinPool-1-worker-1] INFO  liquibase.changelog - Table GROUP_MEMBER created
10:33:00.520 [] [] [ForkJoinPool-1-worker-1] INFO  liquibase.changelog - ChangeSet db/changelog/rdbms-exporter/changesets/8.8.0.xml::group_members_table::cthiel ran successfully in 24ms
10:33:00.537 [] [] [ForkJoinPool-1-worker-1] INFO  liquibase.ui - Running Changeset: db/changelog/rdbms-exporter/changesets/8.8.0.xml::create_authorization_permission_table::cthiel
10:33:00.539 [] [] [ForkJoinPool-1-worker-1] INFO  liquibase.changelog - Table AUTHORIZATIONS created
10:33:00.542 [] [] [ForkJoinPool-1-worker-1] INFO  liquibase.changelog - Index IDX_AUTHORIZATIONS created
10:33:00.542 [] [] [ForkJoinPool-1-worker-1] INFO  liquibase.changelog - ChangeSet db/changelog/rdbms-exporter/changesets/8.8.0.xml::create_authorization_permission_table::cthiel ran successfully in 4ms
10:33:00.555 [] [] [ForkJoinPool-1-worker-1] INFO  liquibase.util - UPDATE SUMMARY
10:33:00.555 [] [] [ForkJoinPool-1-worker-1] INFO  liquibase.util - Run:                         22
10:33:00.555 [] [] [ForkJoinPool-1-worker-1] INFO  liquibase.util - Previously run:               0
10:33:00.555 [] [] [ForkJoinPool-1-worker-1] INFO  liquibase.util - Filtered out:                 0
10:33:00.556 [] [] [ForkJoinPool-1-worker-1] INFO  liquibase.util - -------------------------------
10:33:00.556 [] [] [ForkJoinPool-1-worker-1] INFO  liquibase.util - Total change sets:           22
10:33:00.556 [] [] [ForkJoinPool-1-worker-1] INFO  liquibase.util - Update summary generated
10:33:00.576 [] [] [ForkJoinPool-1-worker-1] INFO  liquibase.command - Update command completed successfully.
10:33:00.576 [] [] [ForkJoinPool-1-worker-1] INFO  liquibase.ui - Liquibase: Update has been successful. Rows affected: 22
10:33:00.588 [] [] [ForkJoinPool-1-worker-1] INFO  liquibase.lockservice - Successfully released change log lock
10:33:00.589 [] [] [ForkJoinPool-1-worker-1] INFO  liquibase.command - Command execution complete
10:33:01.278 [] [] [ForkJoinPool-1-worker-1] INFO  liquibase.integration - Liquibase ran for schema null
10:33:01.285 [] [] [ForkJoinPool-1-worker-1] INFO  io.camunda.zeebe.broker.system - Provide ExporterDescriptor for RDBMS Exporter
10:33:01.293 [] [] [ForkJoinPool-1-worker-1] INFO  io.camunda.zeebe.broker.system - Create ExporterRepository with predefined exporter descriptors.
10:33:01.298 [] [] [ForkJoinPool-1-worker-1] WARN  io.camunda.zeebe.broker.system - No backup store is configured. Backups will not be taken
10:33:01.319 [] [] [ForkJoinPool-1-worker-1] INFO  io.camunda.zeebe.broker.exporter - Use default exporter factory to create instance of class io.camunda.zeebe.test.util.record.RecordingExporter
10:33:01.338 [] [] [ForkJoinPool-1-worker-1] INFO  io.camunda.zeebe.broker.system - Starting broker 0 version 8.7.0-SNAPSHOT
10:33:01.341 [Broker-0] [Startup] [zb-actors-0] DEBUG io.camunda.zeebe.broker.system - Startup was called with context: BrokerStartupContextImpl{broker=0}
10:33:01.342 [Broker-0] [Startup] [zb-actors-0] INFO  io.camunda.zeebe.broker.system - Startup Cluster Services
10:33:01.344 [Broker-0] [Startup] [zb-actors-0] INFO  io.camunda.zeebe.broker.system - Startup Cluster Topology Manager
10:33:01.380 [Broker-0] [] [zb-actors-0] DEBUG io.camunda.zeebe.dynamic.config.ClusterConfigurationInitializer$StaticInitializer - Generated cluster configuration from provided configuration. ClusterConfiguration[version=1, members={0=MemberState[version=0, lastUpdated=-1000000000-01-01T00:00:00Z, state=ACTIVE, partitions={1=PartitionState[state=ACTIVE, priority=1, config=DynamicPartitionConfig[exporting=ExportersConfig[exporters={rdbms=ExporterState[metadataVersion=0, state=ENABLED, initializedFrom=Optional.empty], recordingExporter=ExporterState[metadataVersion=0, state=ENABLED, initializedFrom=Optional.empty]}]]]}]}, lastChange=Optional.empty, pendingChanges=Optional.empty, routingState=Optional.empty]
10:33:01.590 [Broker-0] [] [zb-actors-0] DEBUG io.camunda.zeebe.dynamic.config.ClusterConfigurationManagerImpl - Initialized cluster configuration 'ClusterConfiguration[version=1, members={0=MemberState[version=0, lastUpdated=-1000000000-01-01T00:00:00Z, state=ACTIVE, partitions={1=PartitionState[state=ACTIVE, priority=1, config=DynamicPartitionConfig[exporting=ExportersConfig[exporters={rdbms=ExporterState[metadataVersion=0, state=ENABLED, initializedFrom=Optional.empty], recordingExporter=ExporterState[metadataVersion=0, state=ENABLED, initializedFrom=Optional.empty]}]]]}]}, lastChange=Optional.empty, pendingChanges=Optional.empty, routingState=Optional.empty]'
10:33:01.598 [Broker-0] [Startup] [zb-actors-1] INFO  io.camunda.zeebe.broker.system - Startup Disk Space Usage Monitor
10:33:01.600 [Broker-0] [GatewayTopologyManager] [zb-actors-0] DEBUG io.camunda.zeebe.broker.client.impl.BrokerTopologyManagerImpl - Updating topology with clusterSize 1, partitionsCount 1 and replicationFactor 1
10:33:01.601 [Broker-0] [Startup] [zb-actors-1] INFO  io.camunda.zeebe.broker.system - Startup Health Monitor
10:33:01.602 [Broker-0] [Startup] [zb-actors-1] INFO  io.camunda.zeebe.broker.system - Startup API Messaging Service
10:33:01.613 [Broker-0] [] [netty-messaging-event-epoll-server-0] INFO  io.atomix.cluster.messaging.impl.NettyMessagingService - Started messaging service bound to [0.0.0.0:1427], advertising 10.128.89.11:1427, and using plaintext
10:33:01.614 [Broker-0] [Startup] [zb-actors-1] DEBUG io.camunda.zeebe.broker.system - Bound API to [0.0.0.0:1427], using advertised address 10.128.89.11:1427 
10:33:01.614 [Broker-0] [Startup] [zb-actors-1] INFO  io.camunda.zeebe.broker.system - Startup Request Id Generator
10:33:01.616 [Broker-0] [Startup] [zb-actors-1] INFO  io.camunda.zeebe.broker.system - Startup Broker Transport
10:33:01.617 [Broker-0] [Startup] [zb-actors-1] INFO  io.camunda.zeebe.broker.system - Startup Command API
10:33:01.651 [Broker-0] [Startup] [zb-actors-1] INFO  io.camunda.zeebe.broker.system - Startup Embedded Gateway
10:33:01.832 [Broker-0] [Startup] [zb-actors-1] INFO  io.camunda.zeebe.broker.system - Startup JobStreamService
10:33:01.847 [Broker-0] [Startup] [zb-actors-1] INFO  io.camunda.zeebe.broker.system - Startup Partition Manager
10:33:01.873 [Broker-0] [Startup] [zb-actors-1] DEBUG io.camunda.zeebe.broker.partitioning.Partition - Startup was called with context: PartitionStartupContext{partition=1}
10:33:01.874 [Broker-0] [Startup] [zb-actors-1] INFO  io.camunda.zeebe.broker.partitioning.Partition - Startup Partition Directory
10:33:01.874 [Broker-0] [Startup] [zb-actors-1] INFO  io.camunda.zeebe.broker.system - Startup Broker Admin Interface
10:33:01.875 [Broker-0] [Startup] [zb-actors-1] INFO  io.camunda.zeebe.broker.partitioning.Partition - Startup Snapshot Store
10:33:01.879 [Broker-0] [Startup] [zb-actors-1] DEBUG io.camunda.zeebe.broker.system - Finished startup process
10:33:01.881 [Broker-0] [Startup] [zb-actors-1] INFO  io.camunda.zeebe.broker.partitioning.Partition - Startup Bootstrapped Raft Partition
10:33:01.938 [Broker-0] [Startup] [zb-actors-1] DEBUG io.atomix.raft.impl.RaftContext - RaftServer{raft-partition-partition-1} - Priority election is enabled with target priority 1 and node priority 1
10:33:01.997 [Broker-0] [] [atomix-cluster-heartbeat-sender] DEBUG io.atomix.cluster.protocol.swim - 0 - Detected local properties change {brokerInfo=EADJAAAABQAAAAAAAQAAAAEAAAABAAAAAAABCgAAAGNvbW1hbmRBcGkRAAAAMTAuMTI4Ljg5LjExOjE0MjcFAAAMAAAOAAAAOC43LjAtU05BUFNIT1QFAAA=, event-service-topics-subscribed=KIIDAGpvYnNBdmFpbGFibOU=}
10:33:01.998 [Broker-0] [] [atomix-cluster-events] DEBUG io.camunda.zeebe.broker.client.impl.BrokerTopologyManagerImpl - Received metadata change from Broker 0, partitions {}, terms {} and health {}.
10:33:02.155 [Broker-0] [Startup] [zb-actors-1] DEBUG io.atomix.raft.impl.RaftContext - RaftServer{raft-partition-partition-1} - Server started with term=0, lastVotedFor=null, lastFlushedIndex=-1, commitIndex=0
10:33:02.164 [Broker-0] [Startup] [zb-actors-1] INFO  io.atomix.raft.partition.impl.RaftPartitionServer - RaftPartitionServer{raft-partition-partition-1} - Server bootstrapping partition PartitionId{id=1, group=raft-partition}
10:33:02.197 [Broker-0] [raft-server-1] [raft-server-0-1] INFO  io.atomix.raft.impl.RaftContext - RaftServer{raft-partition-partition-1} - Transitioning to FOLLOWER
10:33:02.210 [Broker-0] [raft-server-1] [raft-server-0-1] INFO  io.atomix.raft.roles.FollowerRole - RaftServer{raft-partition-partition-1}{role=FOLLOWER} - Single member cluster. Transitioning directly to candidate.
10:33:02.210 [Broker-0] [raft-server-1] [raft-server-0-1] INFO  io.atomix.raft.impl.RaftContext - RaftServer{raft-partition-partition-1} - Transitioning to CANDIDATE
10:33:02.212 [Broker-0] [raft-server-1] [raft-server-0-1] INFO  io.atomix.raft.roles.CandidateRole - RaftServer{raft-partition-partition-1}{role=CANDIDATE} - Single member cluster. Transitioning directly to leader.
10:33:02.212 [Broker-0] [raft-server-1] [raft-server-0-1] DEBUG io.atomix.raft.impl.RaftContext - RaftServer{raft-partition-partition-1} - Set term 1
10:33:02.213 [Broker-0] [raft-server-1] [raft-server-0-1] DEBUG io.atomix.raft.impl.RaftContext - RaftServer{raft-partition-partition-1} - Voted for 0
10:33:02.213 [Broker-0] [raft-server-1] [raft-server-0-1] INFO  io.atomix.raft.impl.RaftContext - RaftServer{raft-partition-partition-1} - Transitioning to LEADER
10:33:02.227 [Broker-0] [raft-server-1] [raft-server-0-1] INFO  io.atomix.raft.impl.RaftContext - RaftServer{raft-partition-partition-1} - Found leader 0
10:33:02.245 [Broker-0] [raft-server-1] [raft-server-0-1] INFO  io.atomix.raft.impl.RaftContext - RaftServer{raft-partition-partition-1} - Commit index is 1. RaftServer is ready
10:33:02.253 [Broker-0] [raft-server-1] [raft-server-0-1] INFO  io.atomix.raft.impl.DefaultRaftServer - RaftServer{raft-partition-partition-1} - Server join completed. Waiting for the server to be READY
10:33:02.253 [Broker-0] [raft-server-1] [raft-server-0-1] DEBUG io.atomix.raft.impl.DefaultRaftServer - RaftServer{raft-partition-partition-1} - Server started successfully!
10:33:02.253 [Broker-0] [raft-server-1] [raft-server-0-1] INFO  io.atomix.raft.partition.impl.RaftPartitionServer - RaftPartitionServer{raft-partition-partition-1} - Server successfully bootstrapped partition PartitionId{id=1, group=raft-partition} in 88ms
10:33:02.256 [Broker-0] [Startup] [zb-actors-0] INFO  io.camunda.zeebe.broker.partitioning.Partition - Startup Zeebe Partition
10:33:02.335 [] [] [ForkJoinPool-1-worker-1] INFO  org.springframework.security.config.annotation.authentication.configuration.InitializeUserDetailsBeanManagerConfigurer$InitializeUserDetailsManagerConfigurer - Global AuthenticationManager configured with UserDetailsService bean with name camundaUserDetailsService
10:33:02.406 [] [] [ForkJoinPool-1-worker-1] INFO  io.camunda.authentication.config.WebSecurityConfig - Configuring basic auth login
10:33:02.460 [Broker-0] [ZeebePartition-1] [zb-actors-0] DEBUG io.camunda.zeebe.broker.system - Startup was called with context: PartitionStartupAndTransitionContextImpl{partitionId=1, currentTerm=0, currentRole=null}
10:33:02.473 [Broker-0] [ZeebePartition-1] [zb-actors-0] INFO  io.camunda.zeebe.broker.system - Startup RocksDB metric timer
10:33:02.478 [Broker-0] [ZeebePartition-1] [zb-actors-0] DEBUG io.camunda.zeebe.broker.system - Finished startup process
10:33:02.480 [Broker-0] [Startup] [zb-actors-0] INFO  io.camunda.zeebe.broker.partitioning.Partition - Startup Partition Registration
10:33:02.485 [Broker-0] [Startup] [zb-actors-0] DEBUG io.camunda.zeebe.broker.partitioning.Partition - Finished startup process
10:33:02.485 [Broker-0] [Startup] [zb-actors-0] INFO  io.camunda.zeebe.broker.partitioning.PartitionManagerImpl - Started partition 1
10:33:02.487 [Broker-0] [ZeebePartition-1] [zb-actors-0] DEBUG io.camunda.zeebe.broker.system - Detected 'UNHEALTHY' components. The current health status of components: [HealthReport[componentName=ZeebePartitionHealth-1, status=UNHEALTHY, issue=HealthIssue[message=Services not installed, throwable=null, cause=null, since=2025-01-09T10:33:02.486400511Z], children={}]]
10:33:02.495 [Broker-0] [ZeebePartition-1] [zb-actors-0] INFO  io.camunda.zeebe.broker.system - Transition to LEADER on term 1 requested.
10:33:02.496 [Broker-0] [ZeebePartition-1] [zb-actors-0] DEBUG io.camunda.zeebe.broker.system - Partition role transitioning from null to LEADER in term 1
10:33:02.491 [Broker-0] [HealthCheckService] [zb-actors-1] DEBUG io.camunda.zeebe.broker.system - Detected 'UNHEALTHY' components. The current health status of components: [HealthReport[componentName=Partition-1, status=UNHEALTHY, issue=HealthIssue[message=Services not installed, throwable=null, cause=null, since=2025-01-09T10:33:02.486400511Z], children={ZeebePartitionHealth-1=HealthReport[componentName=ZeebePartitionHealth-1, status=UNHEALTHY, issue=HealthIssue[message=Services not installed, throwable=null, cause=null, since=2025-01-09T10:33:02.486400511Z], children={}], RaftPartition-1=HealthReport[componentName=RaftPartition-1, status=HEALTHY, issue=null, children={}]}]]
10:33:02.498 [Broker-0] [HealthCheckService] [zb-actors-1] INFO  io.camunda.zeebe.broker.system - All partitions are installed. Broker is ready!
10:33:02.503 [Broker-0] [ZeebePartition-1] [zb-actors-0] INFO  io.camunda.zeebe.broker.system - Transition to LEADER on term 1 starting
10:33:02.504 [Broker-0] [ZeebePartition-1] [zb-actors-0] DEBUG io.camunda.zeebe.broker.system - Transition to LEADER on term 1 - transitioning Metrics
10:33:02.504 [Broker-0] [ZeebePartition-1] [zb-actors-0] DEBUG io.camunda.zeebe.broker.system - Transition to LEADER on term 1 - transitioning LogStorage
10:33:02.505 [Broker-0] [HealthCheckService] [zb-actors-1] WARN  io.camunda.zeebe.broker.system - Partition-1 failed, marking it as unhealthy: HealthReport[componentName=Partition-1, status=UNHEALTHY, issue=HealthIssue[message=Services not installed, throwable=null, cause=null, since=2025-01-09T10:33:02.486400511Z], children={ZeebePartitionHealth-1=HealthReport[componentName=ZeebePartitionHealth-1, status=UNHEALTHY, issue=HealthIssue[message=Services not installed, throwable=null, cause=null, since=2025-01-09T10:33:02.486400511Z], children={}], RaftPartition-1=HealthReport[componentName=RaftPartition-1, status=HEALTHY, issue=null, children={}]}]
10:33:02.511 [Broker-0] [ZeebePartition-1] [zb-actors-0] DEBUG io.camunda.zeebe.broker.system - Transition to LEADER on term 1 - transitioning LogStream
10:33:02.550 [Broker-0] [ZeebePartition-1] [zb-actors-0] DEBUG io.camunda.zeebe.broker.system - Transition to LEADER on term 1 - transitioning ZeebeDb
10:33:02.755 [Broker-0] [] [atomix-cluster-heartbeat-sender] DEBUG io.atomix.cluster.protocol.swim - 0 - Detected local properties change {brokerInfo=EADJAAAABQAAAAAAAQAAAAEAAAABAAAAAAABCgAAAGNvbW1hbmRBcGkRAAAAMTAuMTI4Ljg5LjExOjE0MjcFAAAMAAAOAAAAOC43LjAtU05BUFNIT1QFAAEBAAAAAA==, event-service-topics-subscribed=KIIDAGpvYnNBdmFpbGFibOU=}
10:33:02.755 [Broker-0] [] [atomix-cluster-events] DEBUG io.camunda.zeebe.broker.client.impl.BrokerTopologyManagerImpl - Received metadata change from Broker 0, partitions {}, terms {} and health {1=UNHEALTHY}.
10:33:02.795 [Broker-0] [SnapshotStore-1] [zb-fs-workers-0] DEBUG io.camunda.zeebe.logstreams.snapshot - Opened database from '/tmp/zeebe8595525156729544397/data/raft-partition/partitions/1/runtime'.
10:33:02.796 [Broker-0] [ZeebePartition-1] [zb-actors-1] DEBUG io.camunda.zeebe.broker.system - Transition to LEADER on term 1 - transitioning Migration
10:33:03.174 [] [] [docker-java-stream--1785464205] INFO  tc.docker.elastic.co/elasticsearch/elasticsearch:8.13.4 - Pulling image layers:  0 pending, 10 downloaded,  5 extracted, (608 MB/608 MB)
10:33:03.314 [Broker-0] [ZeebePartition-1] [zb-actors-1] INFO  org.camunda.feel.FeelEngine - Engine created. [value-mapper: CompositeValueMapper(List(io.camunda.zeebe.feel.impl.MessagePackValueMapper@2c7393b2)), function-provider: io.camunda.zeebe.feel.impl.FeelFunctionProvider@4d7e44dc, clock: io.camunda.zeebe.engine.processing.bpmn.clock.ZeebeFeelEngineClock@33bed7c5, configuration: {externalFunctionsEnabled: false}]
10:33:03.446 [] [] [docker-java-stream--1785464205] INFO  tc.docker.elastic.co/elasticsearch/elasticsearch:8.13.4 - Pulling image layers:  0 pending, 10 downloaded,  6 extracted, (608 MB/608 MB)
10:33:03.478 [] [] [docker-java-stream--1785464205] INFO  tc.docker.elastic.co/elasticsearch/elasticsearch:8.13.4 - Pulling image layers:  0 pending, 10 downloaded,  7 extracted, (608 MB/608 MB)
10:33:03.586 [] [] [docker-java-stream--1785464205] INFO  tc.docker.elastic.co/elasticsearch/elasticsearch:8.13.4 - Pulling image layers:  0 pending, 10 downloaded,  8 extracted, (608 MB/608 MB)
10:33:03.587 [] [] [docker-java-stream--1785464205] INFO  tc.docker.elastic.co/elasticsearch/elasticsearch:8.13.4 - Pulling image layers:  0 pending, 10 downloaded,  9 extracted, (608 MB/608 MB)
10:33:03.630 [] [] [docker-java-stream--1785464205] INFO  tc.docker.elastic.co/elasticsearch/elasticsearch:8.13.4 - Pulling image layers:  0 pending, 10 downloaded, 10 extracted, (608 MB/608 MB)
10:33:03.655 [] [] [docker-java-stream--1785464205] INFO  tc.docker.elastic.co/elasticsearch/elasticsearch:8.13.4 - Pull complete. 10 layers, pulled in 16s (downloaded 608 MB at 38 MB/s)
10:33:03.656 [] [] [ForkJoinPool-1-worker-2] INFO  tc.docker.elastic.co/elasticsearch/elasticsearch:8.13.4 - Image docker.elastic.co/elasticsearch/elasticsearch:8.13.4 pull took PT18.445303935S
10:33:03.669 [] [] [ForkJoinPool-1-worker-2] INFO  tc.docker.elastic.co/elasticsearch/elasticsearch:8.13.4 - Creating container for image: docker.elastic.co/elasticsearch/elasticsearch:8.13.4
10:33:03.812 [Broker-0] [ZeebePartition-1] [zb-actors-1] INFO  org.camunda.dmn.DmnEngine - DMN-Engine created. [value-mapper: CompositeValueMapper(List(io.camunda.zeebe.feel.impl.MessagePackValueMapper@6757cf0b)), function-provider: org.camunda.feel.context.FunctionProvider$EmptyFunctionProvider$@2fb72dfd, audit-loggers: List(), configuration: Configuration(false,false,false)]
10:33:03.818 [Broker-0] [ZeebePartition-1] [zb-actors-1] INFO  org.camunda.feel.FeelEngine - Engine created. [value-mapper: CompositeValueMapper(List(org.camunda.dmn.NoUnpackValueMapper@6f3df3ea)), function-provider: org.camunda.feel.context.FunctionProvider$EmptyFunctionProvider$@2fb72dfd, clock: SystemClock, configuration: {externalFunctionsEnabled: false}]
10:33:03.887 [Broker-0] [ZeebePartition-1] [zb-actors-1] INFO  org.camunda.dmn.DmnEngine - DMN-Engine created. [value-mapper: CompositeValueMapper(List(io.camunda.zeebe.feel.impl.MessagePackValueMapper@7ef36888)), function-provider: org.camunda.feel.context.FunctionProvider$EmptyFunctionProvider$@2fb72dfd, audit-loggers: List(), configuration: Configuration(false,false,false)]
10:33:03.887 [Broker-0] [ZeebePartition-1] [zb-actors-1] INFO  org.camunda.feel.FeelEngine - Engine created. [value-mapper: CompositeValueMapper(List(org.camunda.dmn.NoUnpackValueMapper@418180e3)), function-provider: org.camunda.feel.context.FunctionProvider$EmptyFunctionProvider$@2fb72dfd, clock: SystemClock, configuration: {externalFunctionsEnabled: false}]
10:33:03.993 [Broker-0] [ZeebePartition-1] [zb-actors-1] INFO  io.camunda.zeebe.engine.state.migration - Starting processing 21 migration tasks (use LogLevel.DEBUG for more details) ... 
10:33:03.993 [Broker-0] [ZeebePartition-1] [zb-actors-1] DEBUG io.camunda.zeebe.engine.state.migration - Found 21 migration tasks: ProcessMessageSubscriptionSentTimeMigration, MessageSubscriptionSentTimeMigration, TemporaryVariableMigration, DecisionMigration, DecisionRequirementsMigration, ProcessInstanceByProcessDefinitionMigration, JobTimeoutCleanupMigration, JobBackoffCleanupMigration, MultiTenancyProcessStateMigration, MultiTenancyDecisionStateMigration, MultiTenancyMessageStateMigration, MultiTenancyMessageStartEventSubscriptionStateMigration, MultiTenancyMessageSubscriptionStateMigration, MultiTenancyProcessMessageSubscriptionStateMigration, MultiTenancyJobStateMigration, ColumnFamilyPrefixCorrectionMigration, MultiTenancySignalSubscriptionStateMigration, JobBackoffRestoreMigration, RoutingInfoMigration, OrderedCommandDistributionMigration, IdempotentCommandDistributionMigration
10:33:04.004 [Broker-0] [ZeebePartition-1] [zb-actors-1] DEBUG io.camunda.zeebe.engine.state.migration - Skipping ProcessMessageSubscriptionSentTimeMigration migration (1/21). It was determined it does not need to run right now.
10:33:04.005 [Broker-0] [ZeebePartition-1] [zb-actors-1] DEBUG io.camunda.zeebe.engine.state.migration - Skipping MessageSubscriptionSentTimeMigration migration (2/21). It was determined it does not need to run right now.
10:33:04.005 [Broker-0] [ZeebePartition-1] [zb-actors-1] DEBUG io.camunda.zeebe.engine.state.migration - Skipping TemporaryVariableMigration migration (3/21). It was determined it does not need to run right now.
10:33:04.005 [Broker-0] [ZeebePartition-1] [zb-actors-1] DEBUG io.camunda.zeebe.engine.state.migration - Skipping DecisionMigration migration (4/21). It was determined it does not need to run right now.
10:33:04.005 [Broker-0] [ZeebePartition-1] [zb-actors-1] DEBUG io.camunda.zeebe.engine.state.migration - Skipping DecisionRequirementsMigration migration (5/21). It was determined it does not need to run right now.
10:33:04.005 [Broker-0] [ZeebePartition-1] [zb-actors-1] DEBUG io.camunda.zeebe.engine.state.migration - Starting ProcessInstanceByProcessDefinitionMigration migration (6/21)
10:33:04.006 [Broker-0] [ZeebePartition-1] [zb-actors-1] DEBUG io.camunda.zeebe.engine.state.migration - Finished ProcessInstanceByProcessDefinitionMigration migration (6/21) in 1 ms.
10:33:04.006 [Broker-0] [ZeebePartition-1] [zb-actors-1] DEBUG io.camunda.zeebe.engine.state.migration - Starting JobTimeoutCleanupMigration migration (7/21)
10:33:04.007 [Broker-0] [ZeebePartition-1] [zb-actors-1] DEBUG io.camunda.zeebe.engine.state.migration - Finished JobTimeoutCleanupMigration migration (7/21) in 1 ms.
10:33:04.007 [Broker-0] [ZeebePartition-1] [zb-actors-1] DEBUG io.camunda.zeebe.engine.state.migration - Starting JobBackoffCleanupMigration migration (8/21)
10:33:04.007 [Broker-0] [ZeebePartition-1] [zb-actors-1] DEBUG io.camunda.zeebe.engine.state.migration - Finished JobBackoffCleanupMigration migration (8/21) in 0 ms.
10:33:04.015 [Broker-0] [ZeebePartition-1] [zb-actors-1] DEBUG io.camunda.zeebe.engine.state.migration - Skipping MultiTenancyProcessStateMigration migration (9/21). It was determined it does not need to run right now.
10:33:04.015 [Broker-0] [ZeebePartition-1] [zb-actors-1] DEBUG io.camunda.zeebe.engine.state.migration - Skipping MultiTenancyDecisionStateMigration migration (10/21). It was determined it does not need to run right now.
10:33:04.015 [Broker-0] [ZeebePartition-1] [zb-actors-1] DEBUG io.camunda.zeebe.engine.state.migration - Skipping MultiTenancyMessageStateMigration migration (11/21). It was determined it does not need to run right now.
10:33:04.016 [Broker-0] [ZeebePartition-1] [zb-actors-1] DEBUG io.camunda.zeebe.engine.state.migration - Skipping MultiTenancyMessageStartEventSubscriptionStateMigration migration (12/21). It was determined it does not need to run right now.
10:33:04.016 [Broker-0] [ZeebePartition-1] [zb-actors-1] DEBUG io.camunda.zeebe.engine.state.migration - Skipping MultiTenancyMessageSubscriptionStateMigration migration (13/21). It was determined it does not need to run right now.
10:33:04.016 [Broker-0] [ZeebePartition-1] [zb-actors-1] DEBUG io.camunda.zeebe.engine.state.migration - Skipping MultiTenancyProcessMessageSubscriptionStateMigration migration (14/21). It was determined it does not need to run right now.
10:33:04.016 [Broker-0] [ZeebePartition-1] [zb-actors-1] DEBUG io.camunda.zeebe.engine.state.migration - Skipping MultiTenancyJobStateMigration migration (15/21). It was determined it does not need to run right now.
10:33:04.016 [Broker-0] [ZeebePartition-1] [zb-actors-1] DEBUG io.camunda.zeebe.engine.state.migration - Starting ColumnFamilyPrefixCorrectionMigration migration (16/21)
10:33:04.017 [Broker-0] [ZeebePartition-1] [zb-actors-1] DEBUG io.camunda.zeebe.engine.state.migration - Finished ColumnFamilyPrefixCorrectionMigration migration (16/21) in 1 ms.
10:33:04.017 [Broker-0] [ZeebePartition-1] [zb-actors-1] DEBUG io.camunda.zeebe.engine.state.migration - Skipping MultiTenancySignalSubscriptionStateMigration migration (17/21). It was determined it does not need to run right now.
10:33:04.018 [Broker-0] [ZeebePartition-1] [zb-actors-1] DEBUG io.camunda.zeebe.engine.state.migration - Starting JobBackoffRestoreMigration migration (18/21)
10:33:04.027 [Broker-0] [ZeebePartition-1] [zb-actors-1] DEBUG io.camunda.zeebe.engine.state.migration - Finished JobBackoffRestoreMigration migration (18/21) in 8 ms.
10:33:04.027 [Broker-0] [ZeebePartition-1] [zb-actors-1] DEBUG io.camunda.zeebe.engine.state.migration - Starting RoutingInfoMigration migration (19/21)
10:33:04.046 [Broker-0] [ZeebePartition-1] [zb-actors-1] DEBUG io.camunda.zeebe.engine.state.migration - Finished RoutingInfoMigration migration (19/21) in 17 ms.
10:33:04.046 [Broker-0] [ZeebePartition-1] [zb-actors-1] DEBUG io.camunda.zeebe.engine.state.migration - Skipping OrderedCommandDistributionMigration migration (20/21). It was determined it does not need to run right now.
10:33:04.053 [Broker-0] [ZeebePartition-1] [zb-actors-1] DEBUG io.camunda.zeebe.engine.state.migration - Skipping IdempotentCommandDistributionMigration migration (21/21). It was determined it does not need to run right now.
10:33:04.060 [Broker-0] [ZeebePartition-1] [zb-actors-1] INFO  io.camunda.zeebe.engine.state.migration - Completed processing of -9/6 migration tasks (use LogLevel.DEBUG for more details) ... 
10:33:04.060 [Broker-0] [ZeebePartition-1] [zb-actors-1] DEBUG io.camunda.zeebe.engine.state.migration - Executed -9 migration tasks (15 skipped out of 6): ProcessInstanceByProcessDefinitionMigration, JobTimeoutCleanupMigration, JobBackoffCleanupMigration, ColumnFamilyPrefixCorrectionMigration, JobBackoffRestoreMigration, RoutingInfoMigration
10:33:04.061 [Broker-0] [ZeebePartition-1] [zb-actors-1] DEBUG io.camunda.zeebe.broker.system - Transition to LEADER on term 1 - transitioning QueryService
10:33:04.061 [Broker-0] [ZeebePartition-1] [zb-actors-1] DEBUG io.camunda.zeebe.broker.system - Transition to LEADER on term 1 - transitioning BackupStore
10:33:04.062 [Broker-0] [ZeebePartition-1] [zb-actors-1] DEBUG io.camunda.zeebe.broker.system - Transition to LEADER on term 1 - transitioning BackupManager
10:33:04.076 [Broker-0] [ZeebePartition-1] [zb-actors-1] DEBUG io.camunda.zeebe.broker.system - Transition to LEADER on term 1 - transitioning InterPartitionCommandService
10:33:04.088 [Broker-0] [ZeebePartition-1] [zb-actors-1] DEBUG io.camunda.zeebe.broker.system - Transition to LEADER on term 1 - transitioning StreamProcessor
10:33:04.282 [Broker-0] [StreamProcessor-1] [zb-actors-1] DEBUG io.camunda.zeebe.logstreams - Recovering state of partition 1 from snapshot
10:33:04.292 [Broker-0] [StreamProcessor-1] [zb-actors-1] INFO  io.camunda.zeebe.logstreams - Recovered state of partition 1 from snapshot at position -1
10:33:04.398 [Broker-0] [StreamProcessor-1] [zb-actors-1] INFO  org.camunda.feel.FeelEngine - Engine created. [value-mapper: CompositeValueMapper(List(io.camunda.zeebe.feel.impl.MessagePackValueMapper@4a4570ac)), function-provider: io.camunda.zeebe.feel.impl.FeelFunctionProvider@357da95d, clock: io.camunda.zeebe.engine.processing.bpmn.clock.ZeebeFeelEngineClock@100ab35f, configuration: {externalFunctionsEnabled: false}]
10:33:04.406 [Broker-0] [StreamProcessor-1] [zb-actors-1] INFO  org.camunda.dmn.DmnEngine - DMN-Engine created. [value-mapper: CompositeValueMapper(List(io.camunda.zeebe.feel.impl.MessagePackValueMapper@777109ed)), function-provider: org.camunda.feel.context.FunctionProvider$EmptyFunctionProvider$@2fb72dfd, audit-loggers: List(), configuration: Configuration(false,false,false)]
10:33:04.407 [Broker-0] [StreamProcessor-1] [zb-actors-1] INFO  org.camunda.feel.FeelEngine - Engine created. [value-mapper: CompositeValueMapper(List(org.camunda.dmn.NoUnpackValueMapper@711e3a90)), function-provider: org.camunda.feel.context.FunctionProvider$EmptyFunctionProvider$@2fb72dfd, clock: SystemClock, configuration: {externalFunctionsEnabled: false}]
10:33:04.414 [Broker-0] [StreamProcessor-1] [zb-actors-1] INFO  org.camunda.dmn.DmnEngine - DMN-Engine created. [value-mapper: CompositeValueMapper(List(io.camunda.zeebe.feel.impl.MessagePackValueMapper@3157d0af)), function-provider: org.camunda.feel.context.FunctionProvider$EmptyFunctionProvider$@2fb72dfd, audit-loggers: List(), configuration: Configuration(false,false,false)]
10:33:04.414 [Broker-0] [StreamProcessor-1] [zb-actors-1] INFO  org.camunda.feel.FeelEngine - Engine created. [value-mapper: CompositeValueMapper(List(org.camunda.dmn.NoUnpackValueMapper@35696964)), function-provider: org.camunda.feel.context.FunctionProvider$EmptyFunctionProvider$@2fb72dfd, clock: SystemClock, configuration: {externalFunctionsEnabled: false}]
10:33:04.501 [Broker-0] [StreamProcessor-1] [zb-actors-1] INFO  org.camunda.dmn.DmnEngine - DMN-Engine created. [value-mapper: CompositeValueMapper(List(io.camunda.zeebe.feel.impl.MessagePackValueMapper@16302317)), function-provider: org.camunda.feel.context.FunctionProvider$EmptyFunctionProvider$@2fb72dfd, audit-loggers: List(), configuration: Configuration(false,false,false)]
10:33:04.502 [Broker-0] [StreamProcessor-1] [zb-actors-1] INFO  org.camunda.feel.FeelEngine - Engine created. [value-mapper: CompositeValueMapper(List(org.camunda.dmn.NoUnpackValueMapper@4f9dc119)), function-provider: org.camunda.feel.context.FunctionProvider$EmptyFunctionProvider$@2fb72dfd, clock: SystemClock, configuration: {externalFunctionsEnabled: false}]
10:33:04.512 [Broker-0] [StreamProcessor-1] [zb-actors-1] INFO  org.camunda.feel.FeelEngine - Engine created. [value-mapper: CompositeValueMapper(List(io.camunda.zeebe.feel.impl.MessagePackValueMapper@4e3da158)), function-provider: io.camunda.zeebe.feel.impl.FeelFunctionProvider@6fff48e8, clock: io.camunda.zeebe.engine.processing.bpmn.clock.ZeebeFeelEngineClock@33313fc4, configuration: {externalFunctionsEnabled: false}]
10:33:04.589 [Broker-0] [StreamProcessor-1] [zb-actors-1] INFO  org.camunda.feel.FeelEngine - Engine created. [value-mapper: CompositeValueMapper(List(io.camunda.zeebe.feel.impl.MessagePackValueMapper@526a5649)), function-provider: io.camunda.zeebe.feel.impl.FeelFunctionProvider@54d6edab, clock: io.camunda.zeebe.engine.processing.bpmn.clock.ZeebeFeelEngineClock@1ffd9431, configuration: {externalFunctionsEnabled: false}]
10:33:04.590 [Broker-0] [StreamProcessor-1] [zb-actors-1] INFO  org.camunda.feel.FeelEngine - Engine created. [value-mapper: CompositeValueMapper(List(io.camunda.zeebe.feel.impl.MessagePackValueMapper@4a118636)), function-provider: io.camunda.zeebe.feel.impl.FeelFunctionProvider@43a8b829, clock: io.camunda.zeebe.engine.processing.bpmn.clock.ZeebeFeelEngineClock@43497972, configuration: {externalFunctionsEnabled: false}]
10:33:04.687 [Broker-0] [StreamProcessor-1] [zb-actors-1] INFO  org.camunda.dmn.DmnEngine - DMN-Engine created. [value-mapper: CompositeValueMapper(List(io.camunda.zeebe.feel.impl.MessagePackValueMapper@2bab7c4f)), function-provider: org.camunda.feel.context.FunctionProvider$EmptyFunctionProvider$@2fb72dfd, audit-loggers: List(), configuration: Configuration(false,false,false)]
10:33:04.692 [Broker-0] [StreamProcessor-1] [zb-actors-1] INFO  org.camunda.feel.FeelEngine - Engine created. [value-mapper: CompositeValueMapper(List(org.camunda.dmn.NoUnpackValueMapper@7a88a9bd)), function-provider: org.camunda.feel.context.FunctionProvider$EmptyFunctionProvider$@2fb72dfd, clock: SystemClock, configuration: {externalFunctionsEnabled: false}]
10:33:04.952 [Broker-0] [StreamProcessor-1] [zb-actors-1] INFO  io.camunda.zeebe.processor - Processor starts replay of events. [snapshot-position: -1, replay-mode: PROCESSING]
10:33:04.954 [Broker-0] [StreamProcessor-1] [zb-actors-1] INFO  io.camunda.zeebe.processor - Processor finished replay, with [lastProcessedPosition: -1, lastWrittenPosition: -1]
10:33:04.962 [Broker-0] [ZeebePartition-1] [zb-actors-0] DEBUG io.camunda.zeebe.broker.system - Transition to LEADER on term 1 - transitioning CommandApiService
10:33:04.973 [Broker-0] [ZeebePartition-1] [zb-actors-0] DEBUG io.camunda.zeebe.broker.system - Transition to LEADER on term 1 - transitioning SnapshotDirector
10:33:04.974 [Broker-0] [ZeebePartition-1] [zb-actors-0] DEBUG io.camunda.zeebe.broker.system - Transition to LEADER on term 1 - transitioning ExporterDirector
10:33:04.992 [Broker-0] [ZeebePartition-1] [zb-actors-0] INFO  io.camunda.zeebe.broker.exporter - Use default exporter factory to create instance of class io.camunda.zeebe.test.util.record.RecordingExporter
10:33:05.023 [Broker-0] [Exporter-1] [zb-fs-workers-0] DEBUG io.camunda.zeebe.broker.exporter - Recovering exporter from snapshot
10:33:05.032 [Broker-0] [ZeebePartition-1] [zb-actors-0] DEBUG io.camunda.zeebe.broker.system - Transition to LEADER on term 1 - transitioning BackupApiRequestHandler
10:33:05.034 [Broker-0] [Exporter-1] [zb-fs-workers-0] DEBUG io.camunda.zeebe.broker.exporter - Recovered exporter 'Exporter-1' from snapshot at lastExportedPosition -1
10:33:05.035 [Broker-0] [Exporter-1] [zb-fs-workers-0] DEBUG io.camunda.zeebe.broker.exporter - Configure exporter with id 'rdbms'
10:33:05.035 [Broker-0] [Exporter-1] [zb-fs-workers-0] INFO  io.camunda.exporter.rdbms.RdbmsExporterWrapper - [RDBMS Exporter] Configuration: flushInterval=PT0.5S, maxQueueSize=1000
10:33:05.039 [Broker-0] [ZeebePartition-1] [zb-actors-0] DEBUG io.camunda.zeebe.broker.system - Transition to LEADER on term 1 - transitioning Admin API
10:33:05.041 [Broker-0] [ZeebePartition-1] [zb-actors-0] INFO  io.camunda.zeebe.broker.system - Transition to LEADER on term 1 completed
10:33:05.047 [Broker-0] [ZeebePartition-1] [zb-actors-0] INFO  io.camunda.zeebe.broker.system - ZeebePartitionHealth-1 recovered, marking it as healthy
10:33:05.053 [Broker-0] [Exporter-1] [zb-fs-workers-0] DEBUG io.camunda.zeebe.broker.exporter - Configure exporter with id 'recordingExporter'
10:33:05.054 [Broker-0] [ZeebePartition-1] [zb-actors-0] DEBUG io.camunda.zeebe.broker.system - Detected 'HEALTHY' components. The current health status of components: [HealthReport[componentName=SnapshotDirector-1, status=HEALTHY, issue=null, children={}], HealthReport[componentName=ZeebePartitionHealth-1, status=HEALTHY, issue=null, children={}], HealthReport[componentName=StreamProcessor-1, status=HEALTHY, issue=null, children={}], HealthReport[componentName=Exporter-1, status=HEALTHY, issue=null, children={}], HealthReport[componentName=RaftPartition-1, status=HEALTHY, issue=null, children={}]]
10:33:05.055 [Broker-0] [HealthCheckService] [zb-actors-0] INFO  io.camunda.zeebe.broker.system - Partition-1 recovered, marking it as healthy
10:33:05.055 [Broker-0] [HealthCheckService] [zb-actors-0] DEBUG io.camunda.zeebe.broker.system - Detected 'HEALTHY' components. The current health status of components: [HealthReport[componentName=Partition-1, status=HEALTHY, issue=null, children={SnapshotDirector-1=HealthReport[componentName=SnapshotDirector-1, status=HEALTHY, issue=null, children={}], ZeebePartitionHealth-1=HealthReport[componentName=ZeebePartitionHealth-1, status=HEALTHY, issue=null, children={}], StreamProcessor-1=HealthReport[componentName=StreamProcessor-1, status=HEALTHY, issue=null, children={}], Exporter-1=HealthReport[componentName=Exporter-1, status=HEALTHY, issue=null, children={}], RaftPartition-1=HealthReport[componentName=RaftPartition-1, status=HEALTHY, issue=null, children={}]}]]
10:33:05.055 [Broker-0] [HealthCheckService] [zb-actors-0] INFO  io.camunda.zeebe.broker.system - Partition-1 recovered, marking it as healthy
10:33:05.059 [Broker-0] [Exporter-1] [zb-fs-workers-0] DEBUG io.camunda.zeebe.broker.exporter - Set event filter for exporters: io.camunda.zeebe.stream.api.EventFilter$$Lambda/0x00007e552d0477a0@2c90a6b1
10:33:05.070 [Broker-0] [Exporter-1] [zb-fs-workers-0] DEBUG io.camunda.zeebe.broker.exporter - Open exporter with id 'recordingExporter'
10:33:05.071 [Broker-0] [Exporter-1] [zb-fs-workers-0] DEBUG io.camunda.zeebe.broker.exporter - Open exporter with id 'rdbms'
10:33:05.159 [Broker-0] [Exporter-1] [zb-fs-workers-0] DEBUG io.camunda.db.rdbms.sql.ExporterPositionMapper.findOne - ==>  Preparing: SELECT PARTITION_ID, EXPORTER, LAST_EXPORTED_POSITION, CREATED, LAST_UPDATED FROM EXPORTER_POSITION WHERE PARTITION_ID = ?
10:33:05.244 [Broker-0] [Exporter-1] [zb-fs-workers-0] DEBUG io.camunda.db.rdbms.sql.ExporterPositionMapper.findOne - ==> Parameters: 1(Long)
10:33:05.270 [Broker-0] [] [atomix-cluster-heartbeat-sender] DEBUG io.atomix.cluster.protocol.swim - 0 - Detected local properties change {brokerInfo=EADJAAAABQAAAAAAAQAAAAEAAAABAAAAAAABCgAAAGNvbW1hbmRBcGkRAAAAMTAuMTI4Ljg5LjExOjE0MjcFAAEBAAAAAAwAAQEAAAABAAAAAAAAAA4AAAA4LjcuMC1TTkFQU0hPVAUAAQEAAAAB, event-service-topics-subscribed=KIIDAGpvYnNBdmFpbGFibOU=}
10:33:05.280 [Broker-0] [] [atomix-cluster-events] DEBUG io.camunda.zeebe.broker.client.impl.BrokerTopologyManagerImpl - Received metadata change from Broker 0, partitions {1=LEADER}, terms {1=1} and health {1=HEALTHY}.
10:33:05.288 [Broker-0] [Exporter-1] [zb-fs-workers-0] DEBUG io.camunda.db.rdbms.sql.ExporterPositionMapper.findOne - <==      Total: 0
10:33:05.306 [Broker-0] [Exporter-1] [zb-fs-workers-0] DEBUG io.camunda.db.rdbms.sql.ExporterPositionMapper.insert - ==>  Preparing: INSERT INTO EXPORTER_POSITION (PARTITION_ID, EXPORTER, LAST_EXPORTED_POSITION, CREATED, LAST_UPDATED) VALUES (?, ?, ?, ?, ?)
10:33:05.319 [Broker-0] [Exporter-1] [zb-fs-workers-0] DEBUG io.camunda.db.rdbms.sql.ExporterPositionMapper.insert - ==> Parameters: 1(Long), RdbmsExporter(String), -1(Long), 2025-01-09T10:33:05.301703481(LocalDateTime), 2025-01-09T10:33:05.301731551(LocalDateTime)
10:33:05.320 [Broker-0] [Exporter-1] [zb-fs-workers-0] DEBUG io.camunda.db.rdbms.sql.ExporterPositionMapper.insert - <==    Updates: 1
10:33:05.321 [Broker-0] [Exporter-1] [zb-fs-workers-0] INFO  io.camunda.exporter.rdbms.RdbmsExporter - [RDBMS Exporter] Exporter opened with last exported position -1
10:33:05.850 [Broker-0] [Exporter-1] [zb-fs-workers-1] DEBUG io.camunda.db.rdbms.write.queue.DefaultExecutionQueue - [RDBMS ExecutionQueue, Partition 1] Added entry to queue: QueueItem[contextType=ROLE, id=2251799813685249, statementId=io.camunda.db.rdbms.sql.RoleMapper.insert, parameter=RoleDbModel{roleKey=2251799813685249, name='Admin', members=null}]
10:33:05.852 [Broker-0] [Exporter-1] [zb-fs-workers-1] DEBUG io.camunda.db.rdbms.write.queue.DefaultExecutionQueue - [RDBMS ExecutionQueue, Partition 1] Flushing execution queue with 1 items
10:33:05.869 [Broker-0] [Exporter-1] [zb-fs-workers-1] DEBUG io.camunda.db.rdbms.sql.RoleMapper.insert - ==>  Preparing: INSERT INTO ROLES (ROLE_KEY, NAME) VALUES (?, ?)
10:33:05.871 [Broker-0] [Exporter-1] [zb-fs-workers-1] DEBUG io.camunda.db.rdbms.sql.RoleMapper.insert - ==> Parameters: 2251799813685249(Long), Admin(String)
10:33:05.871 [Broker-0] [Exporter-1] [zb-fs-workers-1] DEBUG io.camunda.db.rdbms.write.queue.DefaultExecutionQueue - [RDBMS ExecutionQueue, Partition 1] Call pre flush listeners
10:33:05.871 [Broker-0] [Exporter-1] [zb-fs-workers-1] DEBUG io.camunda.db.rdbms.write.queue.DefaultExecutionQueue - [RDBMS ExecutionQueue, Partition 1] Added entry to queue: QueueItem[contextType=EXPORTER_POSITION, id=1, statementId=io.camunda.db.rdbms.sql.ExporterPositionMapper.update, parameter=ExporterPositionModel[partitionId=1, exporter=RdbmsExporter, lastExportedPosition=2, created=2025-01-09T10:33:05.301703481, lastUpdated=2025-01-09T10:33:05.871581942]]
10:33:05.914 [Broker-0] [Exporter-1] [zb-fs-workers-1] DEBUG io.camunda.db.rdbms.write.queue.DefaultExecutionQueue - [RDBMS ExecutionQueue, Partition 1] Call post flush listeners
10:33:05.915 [Broker-0] [Exporter-1] [zb-fs-workers-1] DEBUG io.camunda.db.rdbms.write.queue.DefaultExecutionQueue - [RDBMS ExecutionQueue, Partition 1] Commit queue with 1 entries in 63ms
10:33:05.921 [Broker-0] [Exporter-1] [zb-fs-workers-1] DEBUG io.camunda.db.rdbms.write.queue.DefaultExecutionQueue - [RDBMS ExecutionQueue, Partition 1] Added entry to queue: QueueItem[contextType=AUTHORIZATION, id=2251799813685249_ROLE_AUTHORIZATION, statementId=io.camunda.db.rdbms.sql.AuthorizationMapper.insert, parameter=io.camunda.db.rdbms.write.domain.AuthorizationDbModel@6b88dd36]
10:33:05.932 [Broker-0] [Exporter-1] [zb-fs-workers-1] DEBUG io.camunda.db.rdbms.write.queue.DefaultExecutionQueue - [RDBMS ExecutionQueue, Partition 1] Added entry to queue: QueueItem[contextType=AUTHORIZATION, id=2251799813685249_ROLE_MAPPING_RULE, statementId=io.camunda.db.rdbms.sql.AuthorizationMapper.insert, parameter=io.camunda.db.rdbms.write.domain.AuthorizationDbModel@5a1a6fe3]
10:33:05.933 [Broker-0] [Exporter-1] [zb-fs-workers-1] DEBUG io.camunda.db.rdbms.write.queue.DefaultExecutionQueue - [RDBMS ExecutionQueue, Partition 1] Added entry to queue: QueueItem[contextType=AUTHORIZATION, id=2251799813685249_ROLE_MESSAGE, statementId=io.camunda.db.rdbms.sql.AuthorizationMapper.insert, parameter=io.camunda.db.rdbms.write.domain.AuthorizationDbModel@1f70e708]
10:33:05.940 [Broker-0] [Exporter-1] [zb-fs-workers-1] DEBUG io.camunda.db.rdbms.write.queue.DefaultExecutionQueue - [RDBMS ExecutionQueue, Partition 1] Added entry to queue: QueueItem[contextType=AUTHORIZATION, id=2251799813685249_ROLE_BATCH, statementId=io.camunda.db.rdbms.sql.AuthorizationMapper.insert, parameter=io.camunda.db.rdbms.write.domain.AuthorizationDbModel@7911fedb]
10:33:05.949 [Broker-0] [Exporter-1] [zb-fs-workers-1] DEBUG io.camunda.db.rdbms.write.queue.DefaultExecutionQueue - [RDBMS ExecutionQueue, Partition 1] Added entry to queue: QueueItem[contextType=AUTHORIZATION, id=2251799813685249_ROLE_APPLICATION, statementId=io.camunda.db.rdbms.sql.AuthorizationMapper.insert, parameter=io.camunda.db.rdbms.write.domain.AuthorizationDbModel@545dfda2]
10:33:05.955 [Broker-0] [Exporter-1] [zb-fs-workers-1] DEBUG io.camunda.db.rdbms.write.queue.DefaultExecutionQueue - [RDBMS ExecutionQueue, Partition 1] Added entry to queue: QueueItem[contextType=AUTHORIZATION, id=2251799813685249_ROLE_SYSTEM, statementId=io.camunda.db.rdbms.sql.AuthorizationMapper.insert, parameter=io.camunda.db.rdbms.write.domain.AuthorizationDbModel@5db1e5bd]
10:33:05.956 [Broker-0] [Exporter-1] [zb-fs-workers-1] DEBUG io.camunda.db.rdbms.write.queue.DefaultExecutionQueue - [RDBMS ExecutionQueue, Partition 1] Added entry to queue: QueueItem[contextType=AUTHORIZATION, id=2251799813685249_ROLE_TENANT, statementId=io.camunda.db.rdbms.sql.AuthorizationMapper.insert, parameter=io.camunda.db.rdbms.write.domain.AuthorizationDbModel@456111a4]
10:33:05.961 [Broker-0] [Exporter-1] [zb-fs-workers-1] DEBUG io.camunda.db.rdbms.write.queue.DefaultExecutionQueue - [RDBMS ExecutionQueue, Partition 1] Added entry to queue: QueueItem[contextType=AUTHORIZATION, id=2251799813685249_ROLE_DEPLOYMENT, statementId=io.camunda.db.rdbms.sql.AuthorizationMapper.insert, parameter=io.camunda.db.rdbms.write.domain.AuthorizationDbModel@3370d8f5]
10:33:05.971 [Broker-0] [Exporter-1] [zb-fs-workers-1] DEBUG io.camunda.db.rdbms.write.queue.DefaultExecutionQueue - [RDBMS ExecutionQueue, Partition 1] Added entry to queue: QueueItem[contextType=AUTHORIZATION, id=2251799813685249_ROLE_PROCESS_DEFINITION, statementId=io.camunda.db.rdbms.sql.AuthorizationMapper.insert, parameter=io.camunda.db.rdbms.write.domain.AuthorizationDbModel@87b93d4]
10:33:05.972 [Broker-0] [Exporter-1] [zb-fs-workers-1] DEBUG io.camunda.db.rdbms.write.queue.DefaultExecutionQueue - [RDBMS ExecutionQueue, Partition 1] Added entry to queue: QueueItem[contextType=AUTHORIZATION, id=2251799813685249_ROLE_DECISION_REQUIREMENTS_DEFINITION, statementId=io.camunda.db.rdbms.sql.AuthorizationMapper.insert, parameter=io.camunda.db.rdbms.write.domain.AuthorizationDbModel@5ab5036b]
10:33:05.992 [Broker-0] [Exporter-1] [zb-fs-workers-1] DEBUG io.camunda.db.rdbms.write.queue.DefaultExecutionQueue - [RDBMS ExecutionQueue, Partition 1] Added entry to queue: QueueItem[contextType=AUTHORIZATION, id=2251799813685249_ROLE_DECISION_DEFINITION, statementId=io.camunda.db.rdbms.sql.AuthorizationMapper.insert, parameter=io.camunda.db.rdbms.write.domain.AuthorizationDbModel@1714d5a8]
10:33:05.994 [Broker-0] [Exporter-1] [zb-fs-workers-1] DEBUG io.camunda.db.rdbms.write.queue.DefaultExecutionQueue - [RDBMS ExecutionQueue, Partition 1] Added entry to queue: QueueItem[contextType=AUTHORIZATION, id=2251799813685249_ROLE_GROUP, statementId=io.camunda.db.rdbms.sql.AuthorizationMapper.insert, parameter=io.camunda.db.rdbms.write.domain.AuthorizationDbModel@229610cf]
10:33:05.995 [Broker-0] [Exporter-1] [zb-fs-workers-1] DEBUG io.camunda.db.rdbms.write.queue.DefaultExecutionQueue - [RDBMS ExecutionQueue, Partition 1] Added entry to queue: QueueItem[contextType=AUTHORIZATION, id=2251799813685249_ROLE_USER, statementId=io.camunda.db.rdbms.sql.AuthorizationMapper.insert, parameter=io.camunda.db.rdbms.write.domain.AuthorizationDbModel@76a7c27a]
10:33:05.995 [Broker-0] [Exporter-1] [zb-fs-workers-1] DEBUG io.camunda.db.rdbms.write.queue.DefaultExecutionQueue - [RDBMS ExecutionQueue, Partition 1] Added entry to queue: QueueItem[contextType=AUTHORIZATION, id=2251799813685249_ROLE_ROLE, statementId=io.camunda.db.rdbms.sql.AuthorizationMapper.insert, parameter=io.camunda.db.rdbms.write.domain.AuthorizationDbModel@4fb299e]
10:33:06.014 [Broker-0] [Exporter-1] [zb-fs-workers-1] DEBUG io.camunda.db.rdbms.write.queue.DefaultExecutionQueue - [RDBMS ExecutionQueue, Partition 1] Added entry to queue: QueueItem[contextType=USER, id=2251799813685250, statementId=io.camunda.db.rdbms.sql.UserMapper.insert, parameter=UserDbModel[userKey=2251799813685250, username=demo, name=Demo, email=demo@demo.com, password={bcrypt}$2a$10$SfIW/aJCEnHOQhoIeJdZte05zUia5WsGLLgbuxJ2Ca8veLGnY7S62]]
10:33:06.019 [Broker-0] [Exporter-1] [zb-fs-workers-1] DEBUG io.camunda.db.rdbms.write.queue.DefaultExecutionQueue - [RDBMS ExecutionQueue, Partition 1] Added entry to queue: QueueItem[contextType=ROLE, id=2251799813685249, statementId=io.camunda.db.rdbms.sql.RoleMapper.insertMember, parameter=RoleMemberDbModel[roleKey=2251799813685249, entityKey=2251799813685250, entityType=USER]]
10:33:06.029 [Broker-0] [Exporter-1] [zb-fs-workers-1] DEBUG io.camunda.db.rdbms.write.queue.DefaultExecutionQueue - [RDBMS ExecutionQueue, Partition 1] Added entry to queue: QueueItem[contextType=TENANT, id=2251799813685251, statementId=io.camunda.db.rdbms.sql.TenantMapper.insert, parameter=io.camunda.db.rdbms.write.domain.TenantDbModel@2c5af7d1]
10:33:06.447 [] [] [ForkJoinPool-1-worker-1] WARN  org.springframework.boot.autoconfigure.freemarker.FreeMarkerAutoConfiguration - Cannot find template location: [classpath:/templates/] (please add some templates, check your FreeMarker configuration, or set spring.freemarker.check-template-location=false)
10:33:06.640 [Broker-0] [Exporter-1] [zb-fs-workers-1] DEBUG io.camunda.db.rdbms.write.queue.DefaultExecutionQueue - [RDBMS ExecutionQueue, Partition 1] Flushing execution queue with 18 items
10:33:06.640 [Broker-0] [Exporter-1] [zb-fs-workers-1] DEBUG io.camunda.db.rdbms.sql.ExporterPositionMapper.update - ==>  Preparing: UPDATE EXPORTER_POSITION SET LAST_EXPORTED_POSITION = ?, LAST_UPDATED = ? WHERE PARTITION_ID = ?
10:33:06.640 [Broker-0] [Exporter-1] [zb-fs-workers-1] DEBUG io.camunda.db.rdbms.sql.ExporterPositionMapper.update - ==> Parameters: 2(Long), 2025-01-09T10:33:05.871581942(LocalDateTime), 1(Long)
10:33:06.829 [Broker-0] [Exporter-1] [zb-fs-workers-1] DEBUG io.camunda.db.rdbms.sql.AuthorizationMapper.insert - ==>  Preparing: INSERT INTO AUTHORIZATIONS (OWNER_KEY, OWNER_TYPE, RESOURCE_TYPE, PERMISSION_TYPE, RESOURCE_ID) VALUES (?, ?, ?, ?, ?) , (?, ?, ?, ?, ?) , (?, ?, ?, ?, ?) , (?, ?, ?, ?, ?) , (?, ?, ?, ?, ?) , (?, ?, ?, ?, ?) , (?, ?, ?, ?, ?) , (?, ?, ?, ?, ?) , (?, ?, ?, ?, ?) , (?, ?, ?, ?, ?) , (?, ?, ?, ?, ?) , (?, ?, ?, ?, ?) , (?, ?, ?, ?, ?) , (?, ?, ?, ?, ?) , (?, ?, ?, ?, ?) , (?, ?, ?, ?, ?)
10:33:06.854 [Broker-0] [Exporter-1] [zb-fs-workers-1] DEBUG io.camunda.db.rdbms.sql.AuthorizationMapper.insert - ==> Parameters: 2251799813685249(Long), ROLE(String), AUTHORIZATION(String), ACCESS(String), *(String), 2251799813685249(Long), ROLE(String), AUTHORIZATION(String), CREATE(String), *(String), 2251799813685249(Long), ROLE(String), AUTHORIZATION(String), CREATE_PROCESS_INSTANCE(String), *(String), 2251799813685249(Long), ROLE(String), AUTHORIZATION(String), CREATE_DECISION_INSTANCE(String), *(String), 2251799813685249(Long), ROLE(String), AUTHORIZATION(String), READ(String), *(String), 2251799813685249(Long), ROLE(String), AUTHORIZATION(String), READ_PROCESS_INSTANCE(String), *(String), 2251799813685249(Long), ROLE(String), AUTHORIZATION(String), READ_USER_TASK(String), *(String), 2251799813685249(Long), ROLE(String), AUTHORIZATION(String), READ_DECISION_INSTANCE(String), *(String), 2251799813685249(Long), ROLE(String), AUTHORIZATION(String), UPDATE(String), *(String), 2251799813685249(Long), ROLE(String), AUTHORIZATION(String), UPDATE_PROCESS_INSTANCE(String), *(String), 2251799813685249(Long), ROLE(String), AUTHORIZATION(String), UPDATE_USER_TASK(String), *(String), 2251799813685249(Long), ROLE(String), AUTHORIZATION(String), DELETE(String), *(String), 2251799813685249(Long), ROLE(String), AUTHORIZATION(String), DELETE_PROCESS(String), *(String), 2251799813685249(Long), ROLE(String), AUTHORIZATION(String), DELETE_DRD(String), *(String), 2251799813685249(Long), ROLE(String), AUTHORIZATION(String), DELETE_FORM(String), *(String), 2251799813685249(Long), ROLE(String), AUTHORIZATION(String), DELETE_PROCESS_INSTANCE(String), *(String)
[...]
10:33:42.795 [Broker-0] [StreamProcessor-1] [zb-actors-0] INFO  org.camunda.feel.FeelEngine - Engine created. [value-mapper: CompositeValueMapper(List(org.camunda.dmn.NoUnpackValueMapper@26317bb0)), function-provider: org.camunda.feel.context.FunctionProvider$EmptyFunctionProvider$@2fb72dfd, clock: SystemClock, configuration: {externalFunctionsEnabled: false}]
10:33:42.815 [Broker-0] [StreamProcessor-1] [zb-actors-0] INFO  io.camunda.zeebe.processor - Processor starts replay of events. [snapshot-position: -1, replay-mode: PROCESSING]
10:33:42.815 [Broker-0] [StreamProcessor-1] [zb-actors-0] INFO  io.camunda.zeebe.processor - Processor finished replay, with [lastProcessedPosition: -1, lastWrittenPosition: -1]
10:33:42.815 [Broker-0] [ZeebePartition-1] [zb-actors-0] DEBUG io.camunda.zeebe.broker.system - Transition to LEADER on term 1 - transitioning CommandApiService
10:33:42.816 [Broker-0] [ZeebePartition-1] [zb-actors-0] DEBUG io.camunda.zeebe.broker.system - Transition to LEADER on term 1 - transitioning SnapshotDirector
10:33:42.817 [Broker-0] [ZeebePartition-1] [zb-actors-0] DEBUG io.camunda.zeebe.broker.system - Transition to LEADER on term 1 - transitioning ExporterDirector
10:33:42.817 [Broker-0] [ZeebePartition-1] [zb-actors-0] INFO  io.camunda.zeebe.broker.exporter - Use default exporter factory to create instance of class io.camunda.zeebe.test.util.record.RecordingExporter
10:33:42.827 [Broker-0] [ZeebePartition-1] [zb-actors-0] INFO  io.camunda.zeebe.broker.exporter - Use default exporter factory to create instance of class io.camunda.exporter.CamundaExporter
10:33:42.888 [Broker-0] [Exporter-1] [zb-fs-workers-1] DEBUG io.camunda.zeebe.broker.exporter - Recovering exporter from snapshot
10:33:42.888 [Broker-0] [Exporter-1] [zb-fs-workers-1] DEBUG io.camunda.zeebe.broker.exporter - Recovered exporter 'Exporter-1' from snapshot at lastExportedPosition -1
10:33:42.889 [Broker-0] [Exporter-1] [zb-fs-workers-1] DEBUG io.camunda.zeebe.broker.exporter - Configure exporter with id 'recordingExporter'
10:33:42.889 [Broker-0] [Exporter-1] [zb-fs-workers-1] DEBUG io.camunda.zeebe.broker.exporter - Configure exporter with id 'CamundaExporter'
10:33:42.893 [Broker-0] [ZeebePartition-1] [zb-actors-0] DEBUG io.camunda.zeebe.broker.system - Transition to LEADER on term 1 - transitioning BackupApiRequestHandler
10:33:42.897 [Broker-0] [Exporter-1] [zb-fs-workers-1] WARN  io.camunda.search.connect.es.ElasticsearchConnector - Username and/or password for are empty. Basic authentication for elasticsearch is not used.
10:33:42.905 [Broker-0] [ZeebePartition-1] [zb-actors-1] DEBUG io.camunda.zeebe.broker.system - Transition to LEADER on term 1 - transitioning Admin API
10:33:42.905 [Broker-0] [ZeebePartition-1] [zb-actors-1] INFO  io.camunda.zeebe.broker.system - Transition to LEADER on term 1 completed
10:33:42.906 [Broker-0] [ZeebePartition-1] [zb-actors-1] INFO  io.camunda.zeebe.broker.system - ZeebePartitionHealth-1 recovered, marking it as healthy
10:33:42.906 [Broker-0] [ZeebePartition-1] [zb-actors-1] DEBUG io.camunda.zeebe.broker.system - Detected 'HEALTHY' components. The current health status of components: [HealthReport[componentName=SnapshotDirector-1, status=HEALTHY, issue=null, children={}], HealthReport[componentName=ZeebePartitionHealth-1, status=HEALTHY, issue=null, children={}], HealthReport[componentName=StreamProcessor-1, status=HEALTHY, issue=null, children={}], HealthReport[componentName=Exporter-1, status=HEALTHY, issue=null, children={}], HealthReport[componentName=RaftPartition-1, status=HEALTHY, issue=null, children={}]]
10:33:42.906 [Broker-0] [HealthCheckService] [zb-actors-1] INFO  io.camunda.zeebe.broker.system - Partition-1 recovered, marking it as healthy
10:33:42.909 [Broker-0] [HealthCheckService] [zb-actors-1] DEBUG io.camunda.zeebe.broker.system - Detected 'HEALTHY' components. The current health status of components: [HealthReport[componentName=Partition-1, status=HEALTHY, issue=null, children={SnapshotDirector-1=HealthReport[componentName=SnapshotDirector-1, status=HEALTHY, issue=null, children={}], ZeebePartitionHealth-1=HealthReport[componentName=ZeebePartitionHealth-1, status=HEALTHY, issue=null, children={}], StreamProcessor-1=HealthReport[componentName=StreamProcessor-1, status=HEALTHY, issue=null, children={}], Exporter-1=HealthReport[componentName=Exporter-1, status=HEALTHY, issue=null, children={}], RaftPartition-1=HealthReport[componentName=RaftPartition-1, status=HEALTHY, issue=null, children={}]}]]
10:33:42.909 [Broker-0] [HealthCheckService] [zb-actors-1] INFO  io.camunda.zeebe.broker.system - Partition-1 recovered, marking it as healthy
10:33:42.974 [Broker-0] [Exporter-1] [zb-fs-workers-1] WARN  io.camunda.search.connect.es.ElasticsearchConnector - Username and/or password for are empty. Basic authentication for elasticsearch is not used.
10:33:43.013 [Broker-0] [Exporter-1] [zb-fs-workers-1] WARN  io.camunda.search.connect.es.ElasticsearchConnector - Username and/or password for are empty. Basic authentication for elasticsearch is not used.
10:33:43.039 [Broker-0] [Exporter-1] [zb-fs-workers-1] WARN  io.camunda.search.connect.es.ElasticsearchConnector - Username and/or password for are empty. Basic authentication for elasticsearch is not used.
10:33:43.060 [Broker-0] [] [atomix-cluster-heartbeat-sender] DEBUG io.atomix.cluster.protocol.swim - 0 - Detected local properties change {brokerInfo=EADJAAAABQAAAAAAAQAAAAEAAAABAAAAAAABCgAAAGNvbW1hbmRBcGkRAAAAMTAuMTI4Ljg5LjExOjE0MzIFAAEBAAAAAAwAAQEAAAABAAAAAAAAAA4AAAA4LjcuMC1TTkFQU0hPVAUAAQEAAAAB, event-service-topics-subscribed=KIIDAGpvYnNBdmFpbGFibOU=}
10:33:43.062 [Broker-0] [] [atomix-cluster-events] DEBUG io.camunda.zeebe.broker.client.impl.BrokerTopologyManagerImpl - Received metadata change from Broker 0, partitions {1=LEADER}, terms {1=1} and health {1=HEALTHY}.
10:33:43.083 [Broker-0] [Exporter-1] [zb-fs-workers-1] DEBUG io.camunda.zeebe.broker.exporter - Set event filter for exporters: io.camunda.zeebe.stream.api.EventFilter$$Lambda/0x00007e552d0477a0@722c1d3a
10:33:43.084 [Broker-0] [Exporter-1] [zb-fs-workers-1] DEBUG io.camunda.zeebe.broker.exporter - Open exporter with id 'CamundaExporter'
10:33:43.088 [Broker-0] [Exporter-1] [zb-fs-workers-1] INFO  io.camunda.exporter.schema.SchemaManager - Schema creation is enabled. Start Schema management.
10:33:43.881 [Broker-0] [Exporter-1] [zb-fs-workers-1] INFO  io.camunda.exporter.schema.SchemaManager - Validate '0' existing indices based on '15' descriptors
10:33:44.234 [] [] [ForkJoinPool-1-worker-2] WARN  org.springframework.boot.autoconfigure.freemarker.FreeMarkerAutoConfiguration - Cannot find template location: [classpath:/templates/] (please add some templates, check your FreeMarker configuration, or set spring.freemarker.check-template-location=false)
10:33:44.324 [] [] [ForkJoinPool-1-worker-2] INFO  org.apache.coyote.http11.Http11NioProtocol - Starting ProtocolHandler ["http-nio-0.0.0.0-1430"]
10:33:44.374 [] [] [ForkJoinPool-1-worker-2] INFO  org.springframework.boot.web.embedded.tomcat.TomcatWebServer - Tomcat started on port 1430 (http) with context path '/'
10:33:44.594 [] [] [ForkJoinPool-1-worker-2] INFO  org.springframework.boot.web.embedded.tomcat.TomcatWebServer - Tomcat initialized with port 1431 (http)
10:33:44.595 [] [] [ForkJoinPool-1-worker-2] INFO  org.apache.coyote.http11.Http11NioProtocol - Initializing ProtocolHandler ["http-nio-0.0.0.0-1431"]
10:33:44.595 [] [] [ForkJoinPool-1-worker-2] INFO  org.apache.catalina.core.StandardService - Starting service [Tomcat]
10:33:44.595 [] [] [ForkJoinPool-1-worker-2] INFO  org.apache.catalina.core.StandardEngine - Starting Servlet engine: [Apache Tomcat/10.1.34]
10:33:44.883 [] [] [ForkJoinPool-1-worker-2] INFO  org.apache.catalina.core.ContainerBase.[Tomcat-3].[localhost].[/] - Initializing Spring embedded WebApplicationContext
10:33:44.883 [] [] [ForkJoinPool-1-worker-2] INFO  org.springframework.boot.web.servlet.context.ServletWebServerApplicationContext - Root WebApplicationContext: initialization completed in 496 ms
10:33:44.952 [] [] [ForkJoinPool-1-worker-2] INFO  org.springframework.boot.actuate.endpoint.web.EndpointLinksResolver - Exposing 15 endpoints beneath base path '/actuator'
10:33:45.155 [] [] [ForkJoinPool-1-worker-2] INFO  org.apache.coyote.http11.Http11NioProtocol - Starting ProtocolHandler ["http-nio-0.0.0.0-1431"]
10:33:45.233 [] [] [ForkJoinPool-1-worker-2] INFO  org.springframework.boot.web.embedded.tomcat.TomcatWebServer - Tomcat started on port 1431 (http) with context path '/'
10:33:45.267 [] [] [ForkJoinPool-1-worker-2] INFO  org.springframework.boot.SpringApplication - Started application in 5.887 seconds (process running for 69.53)
10:33:45.270 [] [] [ForkJoinPool-1-worker-2] INFO  io.camunda.zeebe.qa.util.cluster.TestSpringApplication - Started TestSpringApplication ...
10:33:45.270 [] [] [ForkJoinPool-1-worker-2] INFO  io.camunda.zeebe.qa.util.cluster.TestSpringApplication - -> Server / Rest Port: 1430
10:33:45.270 [] [] [ForkJoinPool-1-worker-2] INFO  io.camunda.zeebe.qa.util.cluster.TestSpringApplication - -> Monitoring Port: 1431
10:33:45.270 [] [] [ForkJoinPool-1-worker-2] INFO  io.camunda.zeebe.qa.util.cluster.TestSpringApplication - -> Additional Profiles: [test, broker, auth-basic]
10:33:45.270 [] [] [ForkJoinPool-1-worker-2] INFO  io.camunda.zeebe.qa.util.cluster.TestSpringApplication - -> Secondary Database Type: es
10:33:45.416 [Broker-0] [Exporter-1] [zb-fs-workers-1] INFO  io.camunda.exporter.schema.SchemaManager - Validate '13' existing index templates based on '15' template descriptors
10:33:45.448 [] [] [ForkJoinPool-1-worker-2] INFO  io.camunda.it.utils.BrokerITInvocationProvider - Start up of 'CAMUNDA_EXPORTER_ELASTIC_SEARCH' finished.
10:33:45.483 [Broker-0] [Exporter-1] [zb-fs-workers-1] INFO  io.camunda.exporter.schema.SchemaManager - Found '0' existing indices. Create missing index templates based on '15' descriptors.
10:33:45.484 [Broker-0] [Exporter-1] [zb-fs-workers-1] INFO  io.camunda.exporter.schema.SchemaManager - Create missing index 'camunda-user-8.7.0_'
10:33:45.579 [] [] [ForkJoinPool-1-worker-1] INFO  io.camunda.it.utils.CamundaClientTestFactory - Creating Zeebe client for user 'admin' and broker address 'http://0.0.0.0:1430/
10:33:46.296 [] [] [http-nio-0.0.0.0-1430-exec-1] INFO  org.apache.catalina.core.ContainerBase.[Tomcat-2].[localhost].[/] - Initializing Spring DispatcherServlet 'dispatcherServlet'
10:33:46.296 [] [] [http-nio-0.0.0.0-1430-exec-1] INFO  org.springframework.web.servlet.DispatcherServlet - Initializing Servlet 'dispatcherServlet'
10:33:46.298 [] [] [http-nio-0.0.0.0-1430-exec-1] INFO  org.springframework.web.servlet.DispatcherServlet - Completed initialization in 2 ms
10:33:48.034 [Broker-0] [Exporter-1] [zb-fs-workers-1] INFO  io.camunda.exporter.schema.SchemaManager - Create missing index 'operate-process-8.3.0_'
10:33:48.567 [Broker-0] [Exporter-1] [zb-fs-workers-1] INFO  io.camunda.exporter.schema.SchemaManager - Create missing index 'camunda-tenant-8.7.0_'
10:33:48.998 [Broker-0] [Exporter-1] [zb-fs-workers-1] INFO  io.camunda.exporter.schema.SchemaManager - Create missing index 'camunda-mapping-8.7.0_'
10:33:49.421 [Broker-0] [Exporter-1] [zb-fs-workers-1] INFO  io.camunda.exporter.schema.SchemaManager - Create missing index 'operate-metric-8.3.0_'
10:33:49.856 [Broker-0] [Exporter-1] [zb-fs-workers-1] INFO  io.camunda.exporter.schema.SchemaManager - Create missing index 'operate-import-position-8.3.0_'
10:33:50.387 [Broker-0] [Exporter-1] [zb-fs-workers-1] INFO  io.camunda.exporter.schema.SchemaManager - Create missing index 'tasklist-import-position-8.2.0_'
10:33:50.813 [Broker-0] [Exporter-1] [zb-fs-workers-1] INFO  io.camunda.exporter.schema.SchemaManager - Create missing index 'camunda-role-8.7.0_'
10:33:51.268 [Broker-0] [Exporter-1] [zb-fs-workers-1] INFO  io.camunda.exporter.schema.SchemaManager - Create missing index 'camunda-web-session-8.7.0_'
10:33:51.694 [Broker-0] [Exporter-1] [zb-fs-workers-1] INFO  io.camunda.exporter.schema.SchemaManager - Create missing index 'camunda-group-8.7.0_'
10:33:52.146 [Broker-0] [Exporter-1] [zb-fs-workers-1] INFO  io.camunda.exporter.schema.SchemaManager - Create missing index 'operate-decision-requirements-8.3.0_'
10:33:52.611 [Broker-0] [Exporter-1] [zb-fs-workers-1] INFO  io.camunda.exporter.schema.SchemaManager - Create missing index 'operate-decision-8.3.0_'
10:33:52.909 [Broker-0] [Exporter-1] [zb-fs-workers-1] INFO  io.camunda.exporter.schema.SchemaManager - Create missing index 'tasklist-form-8.4.0_'
10:33:53.434 [Broker-0] [Exporter-1] [zb-fs-workers-1] INFO  io.camunda.exporter.schema.SchemaManager - Create missing index 'camunda-authorization-8.7.0_'
10:33:53.910 [Broker-0] [Exporter-1] [zb-fs-workers-1] INFO  io.camunda.exporter.schema.SchemaManager - Create missing index 'tasklist-metric-8.3.0_'
10:33:54.438 [Broker-0] [Exporter-1] [zb-fs-workers-1] INFO  io.camunda.exporter.schema.SchemaManager - Found '13' existing index templates. Create missing index templates based on '15' descriptors.
10:33:54.442 [Broker-0] [Exporter-1] [zb-fs-workers-1] INFO  io.camunda.exporter.schema.SchemaManager - Create missing index template 'operate-batch-operation-1.0.0_template'
10:33:54.552 [Broker-0] [Exporter-1] [zb-fs-workers-1] INFO  io.camunda.exporter.schema.SchemaManager - Create missing index 'operate-batch-operation-1.0.0_', for template 'operate-batch-operation-1.0.0_template'
10:33:54.911 [Broker-0] [Exporter-1] [zb-fs-workers-1] INFO  io.camunda.exporter.schema.SchemaManager - Create missing index template 'operate-flownode-instance-8.3.1_template'
10:33:55.035 [Broker-0] [Exporter-1] [zb-fs-workers-1] INFO  io.camunda.exporter.schema.SchemaManager - Create missing index 'operate-flownode-instance-8.3.1_', for template 'operate-flownode-instance-8.3.1_template'
10:33:55.519 [Broker-0] [Exporter-1] [zb-fs-workers-1] INFO  io.camunda.exporter.schema.SchemaManager - Create missing index template 'operate-post-importer-queue-8.3.0_template'
10:33:55.745 [Broker-0] [Exporter-1] [zb-fs-workers-1] INFO  io.camunda.exporter.schema.SchemaManager - Create missing index 'operate-post-importer-queue-8.3.0_', for template 'operate-post-importer-queue-8.3.0_template'
10:33:56.256 [Broker-0] [Exporter-1] [zb-fs-workers-1] INFO  io.camunda.exporter.schema.SchemaManager - Create missing index template 'tasklist-task-8.5.0_template'
10:33:56.375 [Broker-0] [Exporter-1] [zb-fs-workers-1] INFO  io.camunda.exporter.schema.SchemaManager - Create missing index 'tasklist-task-8.5.0_', for template 'tasklist-task-8.5.0_template'
10:33:56.846 [Broker-0] [Exporter-1] [zb-fs-workers-1] INFO  io.camunda.exporter.schema.SchemaManager - Create missing index template 'operate-event-8.3.0_template'
10:33:57.008 [Broker-0] [Exporter-1] [zb-fs-workers-1] INFO  io.camunda.exporter.schema.SchemaManager - Create missing index 'operate-event-8.3.0_', for template 'operate-event-8.3.0_template'
10:33:57.489 [Broker-0] [Exporter-1] [zb-fs-workers-1] INFO  io.camunda.exporter.schema.SchemaManager - Create missing index template 'operate-sequence-flow-8.3.0_template'
10:33:57.623 [Broker-0] [Exporter-1] [zb-fs-workers-1] INFO  io.camunda.exporter.schema.SchemaManager - Create missing index 'operate-sequence-flow-8.3.0_', for template 'operate-sequence-flow-8.3.0_template'
10:33:57.906 [Broker-0] [Exporter-1] [zb-fs-workers-1] INFO  io.camunda.exporter.schema.SchemaManager - Create missing index template 'operate-incident-8.3.1_template'
10:33:58.062 [Broker-0] [Exporter-1] [zb-fs-workers-1] INFO  io.camunda.exporter.schema.SchemaManager - Create missing index 'operate-incident-8.3.1_', for template 'operate-incident-8.3.1_template'
10:33:58.574 [Broker-0] [Exporter-1] [zb-fs-workers-1] INFO  io.camunda.exporter.schema.SchemaManager - Create missing index template 'operate-operation-8.4.1_template'
10:33:58.777 [Broker-0] [Exporter-1] [zb-fs-workers-1] INFO  io.camunda.exporter.schema.SchemaManager - Create missing index 'operate-operation-8.4.1_', for template 'operate-operation-8.4.1_template'
10:33:59.252 [Broker-0] [Exporter-1] [zb-fs-workers-1] INFO  io.camunda.exporter.schema.SchemaManager - Create missing index template 'tasklist-task-variable-8.3.0_template'
10:33:59.413 [Broker-0] [Exporter-1] [zb-fs-workers-1] INFO  io.camunda.exporter.schema.SchemaManager - Create missing index 'tasklist-task-variable-8.3.0_', for template 'tasklist-task-variable-8.3.0_template'
10:33:59.773 [Broker-0] [Exporter-1] [zb-fs-workers-1] INFO  io.camunda.exporter.schema.SchemaManager - Create missing index template 'tasklist-draft-task-variable-8.3.0_template'
10:33:59.983 [Broker-0] [Exporter-1] [zb-fs-workers-1] INFO  io.camunda.exporter.schema.SchemaManager - Create missing index 'tasklist-draft-task-variable-8.3.0_', for template 'tasklist-draft-task-variable-8.3.0_template'
10:34:00.528 [Broker-0] [Exporter-1] [zb-fs-workers-1] INFO  io.camunda.exporter.schema.SchemaManager - Create missing index template 'operate-job-8.6.0_template'
10:34:00.676 [Broker-0] [Exporter-1] [zb-fs-workers-1] INFO  io.camunda.exporter.schema.SchemaManager - Create missing index 'operate-job-8.6.0_', for template 'operate-job-8.6.0_template'
10:34:01.122 [Broker-0] [Exporter-1] [zb-fs-workers-1] INFO  io.camunda.exporter.schema.SchemaManager - Create missing index template 'operate-decision-instance-8.3.0_template'
10:34:01.271 [Broker-0] [Exporter-1] [zb-fs-workers-1] INFO  io.camunda.exporter.schema.SchemaManager - Create missing index 'operate-decision-instance-8.3.0_', for template 'operate-decision-instance-8.3.0_template'
10:34:01.836 [Broker-0] [Exporter-1] [zb-fs-workers-1] INFO  io.camunda.exporter.schema.SchemaManager - Create missing index template 'operate-variable-8.3.0_template'
10:34:02.110 [Broker-0] [Exporter-1] [zb-fs-workers-1] INFO  io.camunda.exporter.schema.SchemaManager - Create missing index 'operate-variable-8.3.0_', for template 'operate-variable-8.3.0_template'
10:34:02.744 [Broker-0] [Exporter-1] [zb-fs-workers-1] INFO  io.camunda.exporter.schema.SchemaManager - Create missing index template 'operate-message-8.5.0_template'
10:34:02.940 [Broker-0] [Exporter-1] [zb-fs-workers-1] INFO  io.camunda.exporter.schema.SchemaManager - Create missing index 'operate-message-8.5.0_', for template 'operate-message-8.5.0_template'
10:34:03.394 [Broker-0] [Exporter-1] [zb-fs-workers-1] INFO  io.camunda.exporter.schema.SchemaManager - Create missing index template 'operate-list-view-8.3.0_template'
10:34:03.594 [Broker-0] [Exporter-1] [zb-fs-workers-1] INFO  io.camunda.exporter.schema.SchemaManager - Create missing index 'operate-list-view-8.3.0_', for template 'operate-list-view-8.3.0_template'
10:34:03.953 [Broker-0] [Exporter-1] [zb-fs-workers-1] INFO  io.camunda.exporter.schema.SchemaManager - Update index schema. '0' indices need to be updated
10:34:03.953 [Broker-0] [Exporter-1] [zb-fs-workers-1] INFO  io.camunda.exporter.schema.SchemaManager - Update index template schema. '0' index templates need to be updated
10:34:03.953 [Broker-0] [Exporter-1] [zb-fs-workers-1] INFO  io.camunda.exporter.schema.SchemaManager - Schema management completed.
10:34:03.975 [Broker-0] [Exporter-1] [zb-fs-workers-1] DEBUG io.camunda.zeebe.broker.exporter.CamundaExporter - Starting 5 background tasks (with 0 previously submitted tasks out of 5 tasks)
10:34:03.977 [Broker-0] [Exporter-1] [zb-fs-workers-1] INFO  io.camunda.exporter.CamundaExporter - Exporter opened
10:34:03.977 [Broker-0] [Exporter-1] [zb-fs-workers-1] DEBUG io.camunda.zeebe.broker.exporter - Open exporter with id 'recordingExporter'
]]></system-out>
  </testcase>
</testsuite>