<?xml version="1.0" encoding="UTF-8"?>
<testsuite xmlns:xsi="http://www.w3.org/2001/XMLSchema-instance" xsi:noNamespaceSchemaLocation="https://maven.apache.org/surefire/maven-surefire-plugin/xsd/surefire-test-report-3.0.xsd" version="3.0" name="io.camunda.it.auth.DecisionInstanceAuthorizationIT" time="27.004" tests="1" errors="0" skipped="0" failures="1">
  <testcase name="searchShouldReturnAuthorizedDecisionInstances(CamundaClient) Exporter: CAMUNDA_EXPORTER_ELASTIC_SEARCH (Flaky Test)" classname="io.camunda.it.auth.DecisionInstanceAuthorizationIT" time="11.856">
    <failure type="org.junit.jupiter.api.extension.ParameterResolutionException (Flaky Test)"><![CDATA[org.junit.jupiter.api.extension.ParameterResolutionException: Failed to resolve parameter [final io.camunda.client.CamundaClient adminClient] in method [void io.camunda.it.auth.DecisionInstanceAuthorizationIT.setUp(io.camunda.client.CamundaClient)]: Assertion condition defined as a Lambda expression in io.camunda.it.utils.CamundaClientTestFactory null within 20 seconds.
	at java.base/java.util.stream.ForEachOps$ForEachOp$OfRef.accept(ForEachOps.java:184)
	at java.base/java.util.stream.ReferencePipeline$3$1.accept(ReferencePipeline.java:197)
	at java.base/java.util.stream.ReferencePipeline$2$1.accept(ReferencePipeline.java:179)
	at java.base/java.util.stream.ReferencePipeline$3$1.accept(ReferencePipeline.java:197)
	at java.base/java.util.stream.ForEachOps$ForEachOp$OfRef.accept(ForEachOps.java:184)
	at java.base/java.util.stream.ReferencePipeline$3$1.accept(ReferencePipeline.java:197)
	at java.base/java.util.HashMap$KeySpliterator.forEachRemaining(HashMap.java:1715)
	at java.base/java.util.stream.AbstractPipeline.copyInto(AbstractPipeline.java:509)
	at java.base/java.util.stream.AbstractPipeline.wrapAndCopyInto(AbstractPipeline.java:499)
	at java.base/java.util.stream.ForEachOps$ForEachOp.evaluateSequential(ForEachOps.java:151)
	at java.base/java.util.stream.ForEachOps$ForEachOp$OfRef.evaluateSequential(ForEachOps.java:174)
	at java.base/java.util.stream.AbstractPipeline.evaluate(AbstractPipeline.java:234)
	at java.base/java.util.stream.ReferencePipeline.forEach(ReferencePipeline.java:596)
	at java.base/java.util.stream.ReferencePipeline$7$1.accept(ReferencePipeline.java:276)
	at java.base/java.util.ArrayList$ArrayListSpliterator.forEachRemaining(ArrayList.java:1708)
	at java.base/java.util.stream.AbstractPipeline.copyInto(AbstractPipeline.java:509)
	at java.base/java.util.stream.AbstractPipeline.wrapAndCopyInto(AbstractPipeline.java:499)
	at java.base/java.util.stream.ForEachOps$ForEachOp.evaluateSequential(ForEachOps.java:151)
	at java.base/java.util.stream.ForEachOps$ForEachOp$OfRef.evaluateSequential(ForEachOps.java:174)
	at java.base/java.util.stream.AbstractPipeline.evaluate(AbstractPipeline.java:234)
	at java.base/java.util.stream.ReferencePipeline.forEach(ReferencePipeline.java:596)
	at java.base/java.util.concurrent.ForkJoinTask.doExec(ForkJoinTask.java:387)
	at java.base/java.util.concurrent.ForkJoinPool$WorkQueue.topLevelExec(ForkJoinPool.java:1312)
	at java.base/java.util.concurrent.ForkJoinPool.scan(ForkJoinPool.java:1843)
	at java.base/java.util.concurrent.ForkJoinPool.runWorker(ForkJoinPool.java:1808)
	at java.base/java.util.concurrent.ForkJoinWorkerThread.run(ForkJoinWorkerThread.java:188)
Caused by: org.awaitility.core.ConditionTimeoutException: Assertion condition defined as a Lambda expression in io.camunda.it.utils.CamundaClientTestFactory null within 20 seconds.
	at org.awaitility.core.ConditionAwaiter.await(ConditionAwaiter.java:167)
	at org.awaitility.core.AssertionCondition.await(AssertionCondition.java:119)
	at org.awaitility.core.AssertionCondition.await(AssertionCondition.java:31)
	at org.awaitility.core.ConditionFactory.until(ConditionFactory.java:1006)
	at org.awaitility.core.ConditionFactory.untilAsserted(ConditionFactory.java:790)
	at io.camunda.it.utils.CamundaClientTestFactory.createDefaultUserClient(CamundaClientTestFactory.java:90)
	at io.camunda.it.utils.CamundaClientTestFactory.lambda$createCamundaClient$1(CamundaClientTestFactory.java:63)
	at java.base/java.util.concurrent.ConcurrentHashMap.computeIfAbsent(ConcurrentHashMap.java:1708)
	at io.camunda.it.utils.CamundaClientTestFactory.createCamundaClient(CamundaClientTestFactory.java:61)
	at io.camunda.it.utils.BrokerITInvocationProvider$1$1.resolveParameter(BrokerITInvocationProvider.java:227)
	... 26 more
Caused by: java.util.concurrent.TimeoutException
	at java.base/java.util.concurrent.FutureTask.get(FutureTask.java:204)
	at org.awaitility.core.Uninterruptibles.getUninterruptibly(Uninterruptibles.java:101)
	at org.awaitility.core.Uninterruptibles.getUninterruptibly(Uninterruptibles.java:81)
	at org.awaitility.core.ConditionAwaiter.await(ConditionAwaiter.java:103)
	... 35 more
]]></failure>
    <system-out><![CDATA[10:32:39.184 [] [] [ForkJoinPool-1-worker-1] INFO  io.camunda.it.utils.BrokerITInvocationProvider - Starting up '2' camunda instances
10:32:39.222 [] [] [ForkJoinPool-1-worker-1] INFO  io.camunda.it.utils.BrokerITInvocationProvider - Start up 'CAMUNDA_EXPORTER_ELASTIC_SEARCH'
10:32:39.222 [] [] [ForkJoinPool-1-worker-2] INFO  io.camunda.it.utils.BrokerITInvocationProvider - Start up 'RDBMS_EXPORTER_H2'
10:32:39.254 [] [] [ForkJoinPool-1-worker-2] WARN  io.camunda.zeebe.test.util - No system property 'testMavenId' set, using default value 0
10:32:39.254 [] [] [ForkJoinPool-1-worker-2] INFO  io.camunda.zeebe.test.util.SocketUtil - Starting socket assignment with testForkNumber 1 and testMavenId 0
10:32:39.275 [] [] [ForkJoinPool-1-worker-2] INFO  io.camunda.zeebe.test.util.SocketUtil - Choosing next port 1125 for test fork 1 with range PortRange{host='localhost', basePort=1125, maxOffset=100, currentOffset=1}
10:32:39.296 [] [] [ForkJoinPool-1-worker-2] INFO  io.camunda.zeebe.test.util.SocketUtil - Choosing next port 1126 for test fork 1 with range PortRange{host='localhost', basePort=1125, maxOffset=100, currentOffset=2}
10:32:39.386 [] [] [ForkJoinPool-1-worker-1] INFO  org.testcontainers.images.PullPolicy - Image pull policy will be performed by: DefaultPullPolicy()
10:32:39.397 [] [] [ForkJoinPool-1-worker-1] INFO  org.testcontainers.utility.ImageNameSubstitutor - Image name substitution will be performed by: DefaultImageNameSubstitutor (composite of 'ConfigurationFileImageNameSubstitutor' and 'PrefixingImageNameSubstitutor')
10:32:39.809 [] [] [ForkJoinPool-1-worker-2] INFO  io.camunda.zeebe.test.util.SocketUtil - Choosing next port 1127 for test fork 1 with range PortRange{host='localhost', basePort=1125, maxOffset=100, currentOffset=3}
10:32:39.810 [] [] [ForkJoinPool-1-worker-2] INFO  io.camunda.zeebe.test.util.SocketUtil - Choosing next port 1128 for test fork 1 with range PortRange{host='localhost', basePort=1125, maxOffset=100, currentOffset=4}
10:32:39.810 [] [] [ForkJoinPool-1-worker-2] INFO  io.camunda.zeebe.test.util.SocketUtil - Choosing next port 1129 for test fork 1 with range PortRange{host='localhost', basePort=1125, maxOffset=100, currentOffset=5}
10:32:41.824 [] [] [background-preinit] INFO  org.hibernate.validator.internal.util.Version - HV000001: Hibernate Validator 8.0.2.Final
10:32:42.859 [] [] [docker-java-stream--1271341902] INFO  tc.testcontainers/ryuk:0.7.0 - Starting to pull image
10:32:42.927 [] [] [docker-java-stream--1271341902] INFO  tc.testcontainers/ryuk:0.7.0 - Pulling image layers:  0 pending,  0 downloaded,  0 extracted, (0 bytes/0 bytes)
10:32:41.949 [] [] [ForkJoinPool-1-worker-2] INFO  org.springframework.boot.SpringApplication - Starting application using Java 21.0.5 with PID 4425 (started by runner in /home/runner/_work/camunda/camunda/qa/integration-tests)
10:32:43.012 [] [] [ForkJoinPool-1-worker-2] INFO  org.springframework.boot.SpringApplication - The following 3 profiles are active: "test", "broker", "auth-basic"
10:32:43.193 [] [] [docker-java-stream--1271341902] INFO  tc.testcontainers/ryuk:0.7.0 - Pulling image layers:  2 pending,  1 downloaded,  0 extracted, (341 KB/? MB)
10:32:43.208 [] [] [docker-java-stream--1271341902] INFO  tc.testcontainers/ryuk:0.7.0 - Pulling image layers:  1 pending,  2 downloaded,  0 extracted, (341 KB/? MB)
10:32:43.225 [] [] [docker-java-stream--1271341902] INFO  tc.testcontainers/ryuk:0.7.0 - Pulling image layers:  0 pending,  3 downloaded,  0 extracted, (341 KB/6 MB)
10:32:43.433 [] [] [docker-java-stream--1271341902] INFO  tc.testcontainers/ryuk:0.7.0 - Pulling image layers:  0 pending,  3 downloaded,  1 extracted, (3 MB/6 MB)
10:32:43.573 [] [] [docker-java-stream--1271341902] INFO  tc.testcontainers/ryuk:0.7.0 - Pulling image layers:  0 pending,  3 downloaded,  2 extracted, (3 MB/6 MB)
10:32:43.661 [] [] [docker-java-stream--1271341902] INFO  tc.testcontainers/ryuk:0.7.0 - Pulling image layers:  0 pending,  3 downloaded,  3 extracted, (6 MB/6 MB)
10:32:43.703 [] [] [ForkJoinPool-1-worker-1] INFO  tc.testcontainers/ryuk:0.7.0 - Image testcontainers/ryuk:0.7.0 pull took PT2.249697708S
10:32:43.800 [] [] [ForkJoinPool-1-worker-1] INFO  tc.testcontainers/ryuk:0.7.0 - Creating container for image: testcontainers/ryuk:0.7.0
10:32:44.099 [] [] [ForkJoinPool-1-worker-1] INFO  tc.testcontainers/ryuk:0.7.0 - Container testcontainers/ryuk:0.7.0 is starting: bb8ed82bf81f6e5c17d800146ee48a9034b5e762c7190c461f625cec3ed6f9b8
10:32:45.356 [] [] [ForkJoinPool-1-worker-1] INFO  tc.testcontainers/ryuk:0.7.0 - Container testcontainers/ryuk:0.7.0 started in PT1.556120497S
10:32:45.389 [] [] [ForkJoinPool-1-worker-1] INFO  org.testcontainers.utility.RyukResourceReaper - Ryuk started - will monitor and terminate Testcontainers containers on JVM exit
10:32:45.389 [] [] [ForkJoinPool-1-worker-1] INFO  org.testcontainers.DockerClientFactory - Checking the system...
10:32:45.389 [] [] [ForkJoinPool-1-worker-1] INFO  org.testcontainers.DockerClientFactory - ✔︎ Docker server version should be at least 1.6.0
10:32:45.392 [] [] [ForkJoinPool-1-worker-1] INFO  tc.docker.elastic.co/elasticsearch/elasticsearch:8.13.4 - Pulling docker image: docker.elastic.co/elasticsearch/elasticsearch:8.13.4. Please be patient; this may take some time but only needs to be done once.
10:32:46.894 [] [] [docker-java-stream--1785464205] INFO  tc.docker.elastic.co/elasticsearch/elasticsearch:8.13.4 - Starting to pull image
10:32:46.895 [] [] [docker-java-stream--1785464205] INFO  tc.docker.elastic.co/elasticsearch/elasticsearch:8.13.4 - Pulling image layers:  0 pending,  0 downloaded,  0 extracted, (0 bytes/0 bytes)
10:32:48.320 [] [] [docker-java-stream--1785464205] INFO  tc.docker.elastic.co/elasticsearch/elasticsearch:8.13.4 - Pulling image layers:  9 pending,  1 downloaded,  0 extracted, (0 bytes/? MB)
10:32:48.376 [] [] [docker-java-stream--1785464205] INFO  tc.docker.elastic.co/elasticsearch/elasticsearch:8.13.4 - Pulling image layers:  8 pending,  2 downloaded,  0 extracted, (382 KB/? MB)
10:32:48.459 [] [] [docker-java-stream--1785464205] INFO  tc.docker.elastic.co/elasticsearch/elasticsearch:8.13.4 - Pulling image layers:  7 pending,  3 downloaded,  0 extracted, (21 MB/? MB)
10:32:48.764 [] [] [docker-java-stream--1785464205] INFO  tc.docker.elastic.co/elasticsearch/elasticsearch:8.13.4 - Pulling image layers:  6 pending,  4 downloaded,  0 extracted, (22 MB/? MB)
10:32:48.858 [] [] [docker-java-stream--1785464205] INFO  tc.docker.elastic.co/elasticsearch/elasticsearch:8.13.4 - Pulling image layers:  5 pending,  5 downloaded,  0 extracted, (22 MB/? MB)
10:32:49.142 [] [] [docker-java-stream--1785464205] INFO  tc.docker.elastic.co/elasticsearch/elasticsearch:8.13.4 - Pulling image layers:  4 pending,  6 downloaded,  0 extracted, (81 MB/? MB)
10:32:49.228 [] [] [docker-java-stream--1785464205] INFO  tc.docker.elastic.co/elasticsearch/elasticsearch:8.13.4 - Pulling image layers:  3 pending,  7 downloaded,  0 extracted, (104 MB/? MB)
10:32:49.522 [] [] [docker-java-stream--1785464205] INFO  tc.docker.elastic.co/elasticsearch/elasticsearch:8.13.4 - Pulling image layers:  2 pending,  8 downloaded,  0 extracted, (162 MB/? MB)
10:32:49.614 [] [] [docker-java-stream--1785464205] INFO  tc.docker.elastic.co/elasticsearch/elasticsearch:8.13.4 - Pulling image layers:  1 pending,  9 downloaded,  0 extracted, (184 MB/? MB)
10:32:50.631 [] [] [docker-java-stream--1785464205] INFO  tc.docker.elastic.co/elasticsearch/elasticsearch:8.13.4 - Pulling image layers:  1 pending,  9 downloaded,  1 extracted, (392 MB/? MB)
10:32:51.225 [] [] [docker-java-stream--1785464205] INFO  tc.docker.elastic.co/elasticsearch/elasticsearch:8.13.4 - Pulling image layers:  1 pending,  9 downloaded,  2 extracted, (520 MB/? MB)
10:32:51.263 [] [] [docker-java-stream--1785464205] INFO  tc.docker.elastic.co/elasticsearch/elasticsearch:8.13.4 - Pulling image layers:  1 pending,  9 downloaded,  3 extracted, (520 MB/? MB)
10:32:51.294 [] [] [docker-java-stream--1785464205] INFO  tc.docker.elastic.co/elasticsearch/elasticsearch:8.13.4 - Pulling image layers:  1 pending,  9 downloaded,  4 extracted, (520 MB/? MB)
10:32:51.428 [] [] [ForkJoinPool-1-worker-2] INFO  org.springframework.boot.web.embedded.tomcat.TomcatWebServer - Tomcat initialized with port 1125 (http)
10:32:51.480 [] [] [ForkJoinPool-1-worker-2] INFO  org.apache.coyote.http11.Http11NioProtocol - Initializing ProtocolHandler ["http-nio-0.0.0.0-1125"]
10:32:51.487 [] [] [ForkJoinPool-1-worker-2] INFO  org.apache.catalina.core.StandardService - Starting service [Tomcat]
10:32:51.488 [] [] [ForkJoinPool-1-worker-2] INFO  org.apache.catalina.core.StandardEngine - Starting Servlet engine: [Apache Tomcat/10.1.34]
10:32:51.600 [] [] [docker-java-stream--1785464205] INFO  tc.docker.elastic.co/elasticsearch/elasticsearch:8.13.4 - Pulling image layers:  0 pending, 10 downloaded,  4 extracted, (583 MB/608 MB)
10:32:51.765 [] [] [ForkJoinPool-1-worker-2] INFO  org.apache.catalina.core.ContainerBase.[Tomcat].[localhost].[/] - Initializing Spring embedded WebApplicationContext
10:32:51.771 [] [] [ForkJoinPool-1-worker-2] INFO  org.springframework.boot.web.servlet.context.ServletWebServerApplicationContext - Root WebApplicationContext: initialization completed in 8648 ms
10:32:52.349 [] [] [ForkJoinPool-1-worker-2] INFO  io.camunda.zeebe.broker.system - Started with development/test mode; data will be deleted on shutdown
10:32:53.337 [Broker-0] [] [netty-messaging-event-epoll-server-0] INFO  io.atomix.cluster.messaging.impl.NettyMessagingService - Started messaging service bound to [0.0.0.0:1128], advertising 10.128.89.11:1128, and using plaintext
10:32:53.383 [Broker-0] [] [netty-unicast-event-nio-client-0] INFO  io.atomix.cluster.messaging.impl.NettyUnicastService - Started plaintext unicast service bound to 0.0.0.0:1128, advertising 10.128.89.11:1128
10:32:53.384 [] [] [atomix-cluster-0] DEBUG io.atomix.cluster.discovery.BootstrapDiscoveryProvider - Local node Node{id=0, address=10.128.89.11:1128} joined the bootstrap service
10:32:53.399 [] [] [atomix-cluster-0] DEBUG io.atomix.cluster.protocol.swim - Nodes from discovery service []
10:32:53.404 [] [] [atomix-cluster-0] INFO  io.atomix.cluster.protocol.swim - Started
10:32:53.404 [] [] [atomix-cluster-0] INFO  io.atomix.cluster.impl.DefaultClusterMembershipService - Started cluster membership service for member Member{id=0, address=10.128.89.11:1128, properties={}}
10:32:53.405 [] [] [atomix-cluster-0] INFO  io.atomix.cluster.messaging.impl.DefaultClusterCommunicationService - Started
10:32:53.408 [] [] [atomix-cluster-0] INFO  io.atomix.cluster.messaging.impl.DefaultClusterEventService - Started
10:32:53.701 [] [] [ForkJoinPool-1-worker-2] DEBUG org.apache.ibatis.logging.LogFactory - Logging initialized using 'class org.apache.ibatis.logging.slf4j.Slf4jImpl' adapter.
10:32:53.714 [] [] [ForkJoinPool-1-worker-2] INFO  com.zaxxer.hikari.HikariDataSource - HikariPool-1 - Starting...
10:32:54.833 [] [] [ForkJoinPool-1-worker-2] INFO  com.zaxxer.hikari.pool.HikariPool - HikariPool-1 - Added connection conn0: url=jdbc:h2:mem:testdb+865b6b8e-5e61-4ebd-b3d6-724cf72dffe7 user=SA
10:32:54.836 [] [] [ForkJoinPool-1-worker-2] INFO  com.zaxxer.hikari.HikariDataSource - HikariPool-1 - Start completed.
10:32:54.882 [] [] [ForkJoinPool-1-worker-2] INFO  io.camunda.application.commons.rdbms.MyBatisConfiguration - Detected databaseId: h2
10:32:57.415 [] [] [ForkJoinPool-1-worker-2] INFO  org.ehcache.core.EhcacheManager - Cache 'tokenCache' created in EhcacheManager.
10:32:57.859 [] [] [ForkJoinPool-1-worker-2] WARN  io.camunda.service.license.CamundaLicense - No license detected when one is expected. Please provide a license through the CAMUNDA_LICENSE_KEY environment variable.
10:32:57.882 [] [] [ForkJoinPool-1-worker-2] WARN  io.camunda.document.store.SimpleDocumentStoreRegistry - No document stores configured. Using fallback in-memory document store.
10:32:58.081 [] [] [ForkJoinPool-1-worker-2] INFO  io.camunda.application.commons.rdbms.MyBatisConfiguration - Initializing Liquibase for RDBMS.
10:32:58.162 [] [] [ForkJoinPool-1-worker-2] INFO  liquibase.integration - Schema based multitenancy enabled
10:32:58.162 [] [] [ForkJoinPool-1-worker-2] INFO  liquibase.integration - Schemas not defined, using defaultSchema only
10:32:58.163 [] [] [ForkJoinPool-1-worker-2] INFO  liquibase.integration - Initializing Liquibase for schema null
10:32:58.211 [Broker-0] [] [atomix-cluster-heartbeat-sender] DEBUG io.atomix.cluster.protocol.swim - 0 - Detected local properties change {event-service-topics-subscribed=KIIDAGpvYnNBdmFpbGFibOU=}
10:32:58.352 [] [] [ForkJoinPool-1-worker-2] INFO  liquibase.database - Set default schema name to PUBLIC
10:32:59.597 [] [] [ForkJoinPool-1-worker-2] INFO  liquibase.changelog - Creating database history table with name: PUBLIC.DATABASECHANGELOG
10:33:00.040 [] [] [ForkJoinPool-1-worker-2] INFO  liquibase.changelog - Reading from PUBLIC.DATABASECHANGELOG
10:33:00.082 [] [] [ForkJoinPool-1-worker-2] INFO  liquibase.snapshot - Creating snapshot
10:33:00.689 [] [] [ForkJoinPool-1-worker-2] INFO  liquibase.lockservice - Successfully acquired change log lock
10:33:00.705 [] [] [ForkJoinPool-1-worker-2] INFO  liquibase.command - Using deploymentId: 6418780690
10:33:00.708 [] [] [ForkJoinPool-1-worker-2] INFO  liquibase.changelog - Reading from PUBLIC.DATABASECHANGELOG
10:33:01.003 [] [] [ForkJoinPool-1-worker-2] INFO  liquibase.ui - Running Changeset: db/changelog/rdbms-exporter/changesets/8.8.0.xml::create_exporter_position_table::pwunderlich
10:33:01.014 [] [] [ForkJoinPool-1-worker-2] INFO  liquibase.changelog - Table EXPORTER_POSITION created
10:33:01.014 [] [] [ForkJoinPool-1-worker-2] INFO  liquibase.changelog - ChangeSet db/changelog/rdbms-exporter/changesets/8.8.0.xml::create_exporter_position_table::pwunderlich ran successfully in 10ms
10:33:01.031 [] [] [ForkJoinPool-1-worker-2] INFO  liquibase.ui - Running Changeset: db/changelog/rdbms-exporter/changesets/8.8.0.xml::create_process_deployment_table::cthiel
10:33:01.038 [] [] [ForkJoinPool-1-worker-2] INFO  liquibase.changelog - Table PROCESS_DEFINITION created
10:33:01.044 [] [] [ForkJoinPool-1-worker-2] INFO  liquibase.changelog - Index IDX_PROCESS_DEFINITION_ID created
10:33:01.045 [] [] [ForkJoinPool-1-worker-2] INFO  liquibase.changelog - ChangeSet db/changelog/rdbms-exporter/changesets/8.8.0.xml::create_process_deployment_table::cthiel ran successfully in 14ms
10:33:01.052 [] [] [ForkJoinPool-1-worker-2] INFO  liquibase.ui - Running Changeset: db/changelog/rdbms-exporter/changesets/8.8.0.xml::create_process_instance_table::cthiel
10:33:01.062 [] [] [ForkJoinPool-1-worker-2] INFO  liquibase.changelog - Table PROCESS_INSTANCE created
10:33:01.062 [] [] [ForkJoinPool-1-worker-2] INFO  liquibase.changelog - ChangeSet db/changelog/rdbms-exporter/changesets/8.8.0.xml::create_process_instance_table::cthiel ran successfully in 10ms
10:33:01.071 [] [] [ForkJoinPool-1-worker-2] INFO  liquibase.ui - Running Changeset: db/changelog/rdbms-exporter/changesets/8.8.0.xml::create_variable_table::pwunderlich
10:33:01.077 [] [] [ForkJoinPool-1-worker-2] INFO  liquibase.changelog - Table VARIABLE created
10:33:01.079 [] [] [ForkJoinPool-1-worker-2] INFO  liquibase.changelog - Index IDX_VARIABLE_PROCESS_INSTANCE_KEY created
10:33:01.080 [] [] [ForkJoinPool-1-worker-2] INFO  liquibase.changelog - Index IDX_VARIABLE_TENANT_ID created
10:33:01.084 [] [] [ForkJoinPool-1-worker-2] INFO  liquibase.changelog - ChangeSet db/changelog/rdbms-exporter/changesets/8.8.0.xml::create_variable_table::pwunderlich ran successfully in 9ms
10:33:01.093 [] [] [ForkJoinPool-1-worker-2] INFO  liquibase.ui - Running Changeset: db/changelog/rdbms-exporter/changesets/8.8.0.xml::create_flow_node_table::cthiel
10:33:01.101 [] [] [ForkJoinPool-1-worker-2] INFO  liquibase.changelog - Table FLOW_NODE_INSTANCE created
10:33:01.103 [] [] [ForkJoinPool-1-worker-2] INFO  liquibase.changelog - ChangeSet db/changelog/rdbms-exporter/changesets/8.8.0.xml::create_flow_node_table::cthiel ran successfully in 10ms
10:33:01.121 [] [] [ForkJoinPool-1-worker-2] INFO  liquibase.ui - Running Changeset: db/changelog/rdbms-exporter/changesets/8.8.0.xml::create_usertask_table::pwunderlich
10:33:01.125 [] [] [ForkJoinPool-1-worker-2] INFO  liquibase.changelog - Table USER_TASK created
10:33:01.126 [] [] [ForkJoinPool-1-worker-2] INFO  liquibase.changelog - Table CANDIDATE_USER created
10:33:01.137 [] [] [ForkJoinPool-1-worker-2] INFO  liquibase.changelog - Table CANDIDATE_GROUP created
10:33:01.138 [] [] [ForkJoinPool-1-worker-2] INFO  liquibase.changelog - Index IDX_CANDIDATE_USER_USER_TASK_KEY created
10:33:01.144 [] [] [ForkJoinPool-1-worker-2] INFO  liquibase.changelog - Index IDX_CANDIDATE_GROUP_USER_TASK_KEY created
10:33:01.144 [] [] [ForkJoinPool-1-worker-2] INFO  liquibase.changelog - ChangeSet db/changelog/rdbms-exporter/changesets/8.8.0.xml::create_usertask_table::pwunderlich ran successfully in 23ms
10:33:01.156 [] [] [ForkJoinPool-1-worker-2] INFO  liquibase.ui - Running Changeset: db/changelog/rdbms-exporter/changesets/8.8.0.xml::create_incident::cthiel
10:33:01.172 [] [] [ForkJoinPool-1-worker-2] INFO  liquibase.changelog - Table INCIDENT created
10:33:01.172 [] [] [ForkJoinPool-1-worker-2] INFO  liquibase.changelog - ChangeSet db/changelog/rdbms-exporter/changesets/8.8.0.xml::create_incident::cthiel ran successfully in 16ms
10:33:01.182 [] [] [ForkJoinPool-1-worker-2] INFO  liquibase.ui - Running Changeset: db/changelog/rdbms-exporter/changesets/8.8.0.xml::create_decision_definition_table::cthiel
10:33:01.195 [] [] [ForkJoinPool-1-worker-2] INFO  liquibase.changelog - Table DECISION_DEFINITION created
10:33:01.198 [] [] [ForkJoinPool-1-worker-2] INFO  liquibase.changelog - Index IDX_DECISION_DEFINITION_ID created
10:33:01.198 [] [] [ForkJoinPool-1-worker-2] INFO  liquibase.changelog - ChangeSet db/changelog/rdbms-exporter/changesets/8.8.0.xml::create_decision_definition_table::cthiel ran successfully in 9ms
10:33:01.207 [] [] [ForkJoinPool-1-worker-2] INFO  liquibase.ui - Running Changeset: db/changelog/rdbms-exporter/changesets/8.8.0.xml::create_decision_requirements_table::cthiel
10:33:01.214 [] [] [ForkJoinPool-1-worker-2] INFO  liquibase.changelog - Table DECISION_REQUIREMENTS created
10:33:01.215 [] [] [ForkJoinPool-1-worker-2] INFO  liquibase.changelog - Index IDX_DECISION_REQUIREMENTS_ID created
10:33:01.215 [] [] [ForkJoinPool-1-worker-2] INFO  liquibase.changelog - ChangeSet db/changelog/rdbms-exporter/changesets/8.8.0.xml::create_decision_requirements_table::cthiel ran successfully in 8ms
10:33:01.230 [] [] [ForkJoinPool-1-worker-2] INFO  liquibase.ui - Running Changeset: db/changelog/rdbms-exporter/changesets/8.8.0.xml::create_decision_instance_table::cthiel
10:33:01.242 [] [] [ForkJoinPool-1-worker-2] INFO  liquibase.changelog - Table DECISION_INSTANCE created
10:33:01.242 [] [] [ForkJoinPool-1-worker-2] INFO  liquibase.changelog - ChangeSet db/changelog/rdbms-exporter/changesets/8.8.0.xml::create_decision_instance_table::cthiel ran successfully in 12ms
10:33:01.249 [] [] [ForkJoinPool-1-worker-2] INFO  liquibase.ui - Running Changeset: db/changelog/rdbms-exporter/changesets/8.8.0.xml::create_decision_instance_input_table::cthiel
10:33:01.252 [] [] [ForkJoinPool-1-worker-2] INFO  liquibase.changelog - Table DECISION_INSTANCE_INPUT created
10:33:01.257 [] [] [ForkJoinPool-1-worker-2] INFO  liquibase.changelog - ChangeSet db/changelog/rdbms-exporter/changesets/8.8.0.xml::create_decision_instance_input_table::cthiel ran successfully in 8ms
10:33:01.266 [] [] [ForkJoinPool-1-worker-2] INFO  liquibase.ui - Running Changeset: db/changelog/rdbms-exporter/changesets/8.8.0.xml::create_decision_instance_output_table::cthiel
10:33:01.270 [] [] [ForkJoinPool-1-worker-2] INFO  liquibase.changelog - Table DECISION_INSTANCE_OUTPUT created
10:33:01.270 [] [] [ForkJoinPool-1-worker-2] INFO  liquibase.changelog - ChangeSet db/changelog/rdbms-exporter/changesets/8.8.0.xml::create_decision_instance_output_table::cthiel ran successfully in 4ms
10:33:01.277 [] [] [ForkJoinPool-1-worker-2] INFO  liquibase.ui - Running Changeset: db/changelog/rdbms-exporter/changesets/8.8.0.xml::create_user_table::cthiel
10:33:01.284 [] [] [ForkJoinPool-1-worker-2] INFO  liquibase.changelog - Table USERS created
10:33:01.285 [] [] [ForkJoinPool-1-worker-2] INFO  liquibase.changelog - ChangeSet db/changelog/rdbms-exporter/changesets/8.8.0.xml::create_user_table::cthiel ran successfully in 8ms
10:33:01.291 [] [] [ForkJoinPool-1-worker-2] INFO  liquibase.ui - Running Changeset: db/changelog/rdbms-exporter/changesets/8.8.0.xml::create_form_table::pwunderlich
10:33:01.296 [] [] [ForkJoinPool-1-worker-2] INFO  liquibase.changelog - Table FORM created
10:33:01.297 [] [] [ForkJoinPool-1-worker-2] INFO  liquibase.changelog - Index IDX_FORM_ID created
10:33:01.298 [] [] [ForkJoinPool-1-worker-2] INFO  liquibase.changelog - Index IDX_FORM_TENANT_ID created
10:33:01.299 [] [] [ForkJoinPool-1-worker-2] INFO  liquibase.changelog - ChangeSet db/changelog/rdbms-exporter/changesets/8.8.0.xml::create_form_table::pwunderlich ran successfully in 7ms
10:33:01.301 [] [] [ForkJoinPool-1-worker-2] INFO  liquibase.ui - Running Changeset: db/changelog/rdbms-exporter/changesets/8.8.0.xml::create_mapping_table::pwunderlich
10:33:01.303 [] [] [ForkJoinPool-1-worker-2] INFO  liquibase.changelog - Table MAPPINGS created
10:33:01.303 [] [] [ForkJoinPool-1-worker-2] INFO  liquibase.changelog - ChangeSet db/changelog/rdbms-exporter/changesets/8.8.0.xml::create_mapping_table::pwunderlich ran successfully in 2ms
10:33:01.307 [] [] [ForkJoinPool-1-worker-2] INFO  liquibase.ui - Running Changeset: db/changelog/rdbms-exporter/changesets/8.8.0.xml::create_tenant_table::cthiel
10:33:01.309 [] [] [ForkJoinPool-1-worker-2] INFO  liquibase.changelog - Table TENANT created
10:33:01.309 [] [] [ForkJoinPool-1-worker-2] INFO  liquibase.changelog - ChangeSet db/changelog/rdbms-exporter/changesets/8.8.0.xml::create_tenant_table::cthiel ran successfully in 2ms
10:33:01.312 [] [] [ForkJoinPool-1-worker-2] INFO  liquibase.ui - Running Changeset: db/changelog/rdbms-exporter/changesets/8.8.0.xml::tenant_members_table::cthiel
10:33:01.315 [] [] [ForkJoinPool-1-worker-2] INFO  liquibase.changelog - Table TENANT_MEMBER created
10:33:01.315 [] [] [ForkJoinPool-1-worker-2] INFO  liquibase.changelog - ChangeSet db/changelog/rdbms-exporter/changesets/8.8.0.xml::tenant_members_table::cthiel ran successfully in 3ms
10:33:01.317 [] [] [ForkJoinPool-1-worker-2] INFO  liquibase.ui - Running Changeset: db/changelog/rdbms-exporter/changesets/8.8.0.xml::create_role_table::cthiel
10:33:01.319 [] [] [ForkJoinPool-1-worker-2] INFO  liquibase.changelog - Table ROLES created
10:33:01.319 [] [] [ForkJoinPool-1-worker-2] INFO  liquibase.changelog - ChangeSet db/changelog/rdbms-exporter/changesets/8.8.0.xml::create_role_table::cthiel ran successfully in 2ms
10:33:01.323 [] [] [ForkJoinPool-1-worker-2] INFO  liquibase.ui - Running Changeset: db/changelog/rdbms-exporter/changesets/8.8.0.xml::role_members_table::cthiel
10:33:01.326 [] [] [ForkJoinPool-1-worker-2] INFO  liquibase.changelog - Table ROLE_MEMBER created
10:33:01.326 [] [] [ForkJoinPool-1-worker-2] INFO  liquibase.changelog - ChangeSet db/changelog/rdbms-exporter/changesets/8.8.0.xml::role_members_table::cthiel ran successfully in 3ms
10:33:01.329 [] [] [ForkJoinPool-1-worker-2] INFO  liquibase.ui - Running Changeset: db/changelog/rdbms-exporter/changesets/8.8.0.xml::create_group_table::cthiel
10:33:01.330 [] [] [ForkJoinPool-1-worker-2] INFO  liquibase.changelog - Table GROUPS created
10:33:01.330 [] [] [ForkJoinPool-1-worker-2] INFO  liquibase.changelog - ChangeSet db/changelog/rdbms-exporter/changesets/8.8.0.xml::create_group_table::cthiel ran successfully in 1ms
10:33:01.332 [] [] [ForkJoinPool-1-worker-2] INFO  liquibase.ui - Running Changeset: db/changelog/rdbms-exporter/changesets/8.8.0.xml::group_members_table::cthiel
10:33:01.334 [] [] [ForkJoinPool-1-worker-2] INFO  liquibase.changelog - Table GROUP_MEMBER created
10:33:01.334 [] [] [ForkJoinPool-1-worker-2] INFO  liquibase.changelog - ChangeSet db/changelog/rdbms-exporter/changesets/8.8.0.xml::group_members_table::cthiel ran successfully in 2ms
10:33:01.336 [] [] [ForkJoinPool-1-worker-2] INFO  liquibase.ui - Running Changeset: db/changelog/rdbms-exporter/changesets/8.8.0.xml::create_authorization_permission_table::cthiel
10:33:01.338 [] [] [ForkJoinPool-1-worker-2] INFO  liquibase.changelog - Table AUTHORIZATIONS created
10:33:01.339 [] [] [ForkJoinPool-1-worker-2] INFO  liquibase.changelog - Index IDX_AUTHORIZATIONS created
10:33:01.339 [] [] [ForkJoinPool-1-worker-2] INFO  liquibase.changelog - ChangeSet db/changelog/rdbms-exporter/changesets/8.8.0.xml::create_authorization_permission_table::cthiel ran successfully in 3ms
10:33:01.346 [] [] [ForkJoinPool-1-worker-2] INFO  liquibase.util - UPDATE SUMMARY
10:33:01.346 [] [] [ForkJoinPool-1-worker-2] INFO  liquibase.util - Run:                         22
10:33:01.346 [] [] [ForkJoinPool-1-worker-2] INFO  liquibase.util - Previously run:               0
10:33:01.346 [] [] [ForkJoinPool-1-worker-2] INFO  liquibase.util - Filtered out:                 0
10:33:01.347 [] [] [ForkJoinPool-1-worker-2] INFO  liquibase.util - -------------------------------
10:33:01.347 [] [] [ForkJoinPool-1-worker-2] INFO  liquibase.util - Total change sets:           22
10:33:01.347 [] [] [ForkJoinPool-1-worker-2] INFO  liquibase.util - Update summary generated
10:33:01.350 [] [] [ForkJoinPool-1-worker-2] INFO  liquibase.command - Update command completed successfully.
10:33:01.350 [] [] [ForkJoinPool-1-worker-2] INFO  liquibase.ui - Liquibase: Update has been successful. Rows affected: 22
10:33:01.353 [] [] [ForkJoinPool-1-worker-2] INFO  liquibase.lockservice - Successfully released change log lock
10:33:01.354 [] [] [ForkJoinPool-1-worker-2] INFO  liquibase.command - Command execution complete
10:33:01.692 [] [] [ForkJoinPool-1-worker-2] INFO  liquibase.integration - Liquibase ran for schema null
10:33:01.701 [] [] [ForkJoinPool-1-worker-2] INFO  io.camunda.zeebe.broker.system - Provide ExporterDescriptor for RDBMS Exporter
10:33:01.708 [] [] [ForkJoinPool-1-worker-2] INFO  io.camunda.zeebe.broker.system - Create ExporterRepository with predefined exporter descriptors.
10:33:01.717 [] [] [ForkJoinPool-1-worker-2] WARN  io.camunda.zeebe.broker.system - No backup store is configured. Backups will not be taken
10:33:01.742 [] [] [ForkJoinPool-1-worker-2] INFO  io.camunda.zeebe.broker.exporter - Use default exporter factory to create instance of class io.camunda.zeebe.test.util.record.RecordingExporter
10:33:01.760 [] [] [ForkJoinPool-1-worker-2] INFO  io.camunda.zeebe.broker.system - Starting broker 0 version 8.7.0-SNAPSHOT
10:33:01.762 [Broker-0] [Startup] [zb-actors-1] DEBUG io.camunda.zeebe.broker.system - Startup was called with context: BrokerStartupContextImpl{broker=0}
10:33:01.763 [Broker-0] [Startup] [zb-actors-1] INFO  io.camunda.zeebe.broker.system - Startup Cluster Services
10:33:01.765 [Broker-0] [Startup] [zb-actors-1] INFO  io.camunda.zeebe.broker.system - Startup Cluster Topology Manager
10:33:01.795 [Broker-0] [] [zb-actors-1] DEBUG io.camunda.zeebe.dynamic.config.ClusterConfigurationInitializer$StaticInitializer - Generated cluster configuration from provided configuration. ClusterConfiguration[version=1, members={0=MemberState[version=0, lastUpdated=-1000000000-01-01T00:00:00Z, state=ACTIVE, partitions={1=PartitionState[state=ACTIVE, priority=1, config=DynamicPartitionConfig[exporting=ExportersConfig[exporters={recordingExporter=ExporterState[metadataVersion=0, state=ENABLED, initializedFrom=Optional.empty], rdbms=ExporterState[metadataVersion=0, state=ENABLED, initializedFrom=Optional.empty]}]]]}]}, lastChange=Optional.empty, pendingChanges=Optional.empty, routingState=Optional.empty]
10:33:02.087 [Broker-0] [] [zb-actors-1] DEBUG io.camunda.zeebe.dynamic.config.ClusterConfigurationManagerImpl - Initialized cluster configuration 'ClusterConfiguration[version=1, members={0=MemberState[version=0, lastUpdated=-1000000000-01-01T00:00:00Z, state=ACTIVE, partitions={1=PartitionState[state=ACTIVE, priority=1, config=DynamicPartitionConfig[exporting=ExportersConfig[exporters={recordingExporter=ExporterState[metadataVersion=0, state=ENABLED, initializedFrom=Optional.empty], rdbms=ExporterState[metadataVersion=0, state=ENABLED, initializedFrom=Optional.empty]}]]]}]}, lastChange=Optional.empty, pendingChanges=Optional.empty, routingState=Optional.empty]'
10:33:02.099 [Broker-0] [GatewayTopologyManager] [zb-actors-1] DEBUG io.camunda.zeebe.broker.client.impl.BrokerTopologyManagerImpl - Updating topology with clusterSize 1, partitionsCount 1 and replicationFactor 1
10:33:02.099 [Broker-0] [Startup] [zb-actors-0] INFO  io.camunda.zeebe.broker.system - Startup Disk Space Usage Monitor
10:33:02.101 [Broker-0] [Startup] [zb-actors-0] INFO  io.camunda.zeebe.broker.system - Startup Health Monitor
10:33:02.109 [Broker-0] [Startup] [zb-actors-0] INFO  io.camunda.zeebe.broker.system - Startup API Messaging Service
10:33:02.128 [Broker-0] [Startup] [zb-actors-0] INFO  io.atomix.cluster.messaging.impl.NettyMessagingService - Started messaging service bound to [0.0.0.0:1127], advertising 10.128.89.11:1127, and using plaintext
10:33:02.129 [Broker-0] [Startup] [zb-actors-0] DEBUG io.camunda.zeebe.broker.system - Bound API to [0.0.0.0:1127], using advertised address 10.128.89.11:1127 
10:33:02.130 [Broker-0] [Startup] [zb-actors-0] INFO  io.camunda.zeebe.broker.system - Startup Request Id Generator
10:33:02.135 [Broker-0] [Startup] [zb-actors-0] INFO  io.camunda.zeebe.broker.system - Startup Broker Transport
10:33:02.140 [Broker-0] [Startup] [zb-actors-0] INFO  io.camunda.zeebe.broker.system - Startup Command API
10:33:02.151 [Broker-0] [Startup] [zb-actors-0] INFO  io.camunda.zeebe.broker.system - Startup Embedded Gateway
10:33:02.499 [Broker-0] [Startup] [zb-actors-1] INFO  io.camunda.zeebe.broker.system - Startup JobStreamService
10:33:02.544 [Broker-0] [Startup] [zb-actors-1] INFO  io.camunda.zeebe.broker.system - Startup Partition Manager
10:33:02.620 [Broker-0] [Startup] [zb-actors-1] DEBUG io.camunda.zeebe.broker.partitioning.Partition - Startup was called with context: PartitionStartupContext{partition=1}
10:33:02.627 [Broker-0] [Startup] [zb-actors-1] INFO  io.camunda.zeebe.broker.partitioning.Partition - Startup Partition Directory
10:33:02.628 [Broker-0] [Startup] [zb-actors-1] INFO  io.camunda.zeebe.broker.system - Startup Broker Admin Interface
10:33:02.629 [Broker-0] [Startup] [zb-actors-1] INFO  io.camunda.zeebe.broker.partitioning.Partition - Startup Snapshot Store
10:33:02.641 [Broker-0] [Startup] [zb-actors-1] DEBUG io.camunda.zeebe.broker.system - Finished startup process
10:33:02.643 [Broker-0] [Startup] [zb-actors-1] INFO  io.camunda.zeebe.broker.partitioning.Partition - Startup Bootstrapped Raft Partition
10:33:02.724 [Broker-0] [] [atomix-cluster-heartbeat-sender] DEBUG io.atomix.cluster.protocol.swim - 0 - Detected local properties change {brokerInfo=EADJAAAABQAAAAAAAQAAAAEAAAABAAAAAAABCgAAAGNvbW1hbmRBcGkRAAAAMTAuMTI4Ljg5LjExOjExMjcFAAAMAAAOAAAAOC43LjAtU05BUFNIT1QFAAA=, event-service-topics-subscribed=KIIDAGpvYnNBdmFpbGFibOU=}
10:33:02.727 [Broker-0] [] [atomix-cluster-events] DEBUG io.camunda.zeebe.broker.client.impl.BrokerTopologyManagerImpl - Received metadata change from Broker 0, partitions {}, terms {} and health {}.
10:33:02.821 [Broker-0] [Startup] [zb-actors-1] DEBUG io.atomix.raft.impl.RaftContext - RaftServer{raft-partition-partition-1} - Priority election is enabled with target priority 1 and node priority 1
10:33:03.175 [] [] [docker-java-stream--1785464205] INFO  tc.docker.elastic.co/elasticsearch/elasticsearch:8.13.4 - Pulling image layers:  0 pending, 10 downloaded,  5 extracted, (608 MB/608 MB)
10:33:03.306 [Broker-0] [Startup] [zb-actors-1] DEBUG io.atomix.raft.impl.RaftContext - RaftServer{raft-partition-partition-1} - Server started with term=0, lastVotedFor=null, lastFlushedIndex=-1, commitIndex=0
10:33:03.308 [Broker-0] [Startup] [zb-actors-1] INFO  io.atomix.raft.partition.impl.RaftPartitionServer - RaftPartitionServer{raft-partition-partition-1} - Server bootstrapping partition PartitionId{id=1, group=raft-partition}
10:33:03.345 [Broker-0] [raft-server-1] [raft-server-0-1] INFO  io.atomix.raft.impl.RaftContext - RaftServer{raft-partition-partition-1} - Transitioning to FOLLOWER
10:33:03.357 [Broker-0] [raft-server-1] [raft-server-0-1] INFO  io.atomix.raft.roles.FollowerRole - RaftServer{raft-partition-partition-1}{role=FOLLOWER} - Single member cluster. Transitioning directly to candidate.
10:33:03.357 [Broker-0] [raft-server-1] [raft-server-0-1] INFO  io.atomix.raft.impl.RaftContext - RaftServer{raft-partition-partition-1} - Transitioning to CANDIDATE
10:33:03.361 [Broker-0] [raft-server-1] [raft-server-0-1] INFO  io.atomix.raft.roles.CandidateRole - RaftServer{raft-partition-partition-1}{role=CANDIDATE} - Single member cluster. Transitioning directly to leader.
10:33:03.361 [Broker-0] [raft-server-1] [raft-server-0-1] DEBUG io.atomix.raft.impl.RaftContext - RaftServer{raft-partition-partition-1} - Set term 1
10:33:03.361 [Broker-0] [raft-server-1] [raft-server-0-1] DEBUG io.atomix.raft.impl.RaftContext - RaftServer{raft-partition-partition-1} - Voted for 0
10:33:03.361 [Broker-0] [raft-server-1] [raft-server-0-1] INFO  io.atomix.raft.impl.RaftContext - RaftServer{raft-partition-partition-1} - Transitioning to LEADER
10:33:03.387 [Broker-0] [raft-server-1] [raft-server-0-1] INFO  io.atomix.raft.impl.RaftContext - RaftServer{raft-partition-partition-1} - Found leader 0
10:33:03.421 [Broker-0] [raft-server-1] [raft-server-0-1] INFO  io.atomix.raft.impl.RaftContext - RaftServer{raft-partition-partition-1} - Commit index is 1. RaftServer is ready
10:33:03.434 [Broker-0] [raft-server-1] [raft-server-0-1] INFO  io.atomix.raft.impl.DefaultRaftServer - RaftServer{raft-partition-partition-1} - Server join completed. Waiting for the server to be READY
10:33:03.435 [Broker-0] [raft-server-1] [raft-server-0-1] DEBUG io.atomix.raft.impl.DefaultRaftServer - RaftServer{raft-partition-partition-1} - Server started successfully!
10:33:03.435 [Broker-0] [raft-server-1] [raft-server-0-1] INFO  io.atomix.raft.partition.impl.RaftPartitionServer - RaftPartitionServer{raft-partition-partition-1} - Server successfully bootstrapped partition PartitionId{id=1, group=raft-partition} in 127ms
10:33:03.435 [Broker-0] [Startup] [zb-actors-1] INFO  io.camunda.zeebe.broker.partitioning.Partition - Startup Zeebe Partition
10:33:03.441 [] [] [docker-java-stream--1785464205] INFO  tc.docker.elastic.co/elasticsearch/elasticsearch:8.13.4 - Pulling image layers:  0 pending, 10 downloaded,  6 extracted, (608 MB/608 MB)
10:33:03.481 [] [] [docker-java-stream--1785464205] INFO  tc.docker.elastic.co/elasticsearch/elasticsearch:8.13.4 - Pulling image layers:  0 pending, 10 downloaded,  7 extracted, (608 MB/608 MB)
10:33:03.505 [] [] [ForkJoinPool-1-worker-2] INFO  org.springframework.security.config.annotation.authentication.configuration.InitializeUserDetailsBeanManagerConfigurer$InitializeUserDetailsManagerConfigurer - Global AuthenticationManager configured with UserDetailsService bean with name camundaUserDetailsService
10:33:03.552 [] [] [docker-java-stream--1785464205] INFO  tc.docker.elastic.co/elasticsearch/elasticsearch:8.13.4 - Pulling image layers:  0 pending, 10 downloaded,  8 extracted, (608 MB/608 MB)
10:33:03.584 [] [] [docker-java-stream--1785464205] INFO  tc.docker.elastic.co/elasticsearch/elasticsearch:8.13.4 - Pulling image layers:  0 pending, 10 downloaded,  9 extracted, (608 MB/608 MB)
10:33:03.623 [] [] [docker-java-stream--1785464205] INFO  tc.docker.elastic.co/elasticsearch/elasticsearch:8.13.4 - Pulling image layers:  0 pending, 10 downloaded, 10 extracted, (608 MB/608 MB)
10:33:03.663 [] [] [docker-java-stream--1785464205] INFO  tc.docker.elastic.co/elasticsearch/elasticsearch:8.13.4 - Pull complete. 10 layers, pulled in 16s (downloaded 608 MB at 38 MB/s)
10:33:03.667 [] [] [ForkJoinPool-1-worker-1] INFO  tc.docker.elastic.co/elasticsearch/elasticsearch:8.13.4 - Image docker.elastic.co/elasticsearch/elasticsearch:8.13.4 pull took PT18.27317701S
10:33:03.687 [] [] [ForkJoinPool-1-worker-1] INFO  tc.docker.elastic.co/elasticsearch/elasticsearch:8.13.4 - Creating container for image: docker.elastic.co/elasticsearch/elasticsearch:8.13.4
10:33:03.714 [] [] [ForkJoinPool-1-worker-2] INFO  io.camunda.authentication.config.WebSecurityConfig - Configuring basic auth login
10:33:03.913 [Broker-0] [ZeebePartition-1] [zb-actors-1] DEBUG io.camunda.zeebe.broker.system - Startup was called with context: PartitionStartupAndTransitionContextImpl{partitionId=1, currentTerm=0, currentRole=null}
10:33:03.925 [Broker-0] [ZeebePartition-1] [zb-actors-1] INFO  io.camunda.zeebe.broker.system - Startup RocksDB metric timer
10:33:03.931 [Broker-0] [ZeebePartition-1] [zb-actors-1] DEBUG io.camunda.zeebe.broker.system - Finished startup process
10:33:03.934 [Broker-0] [Startup] [zb-actors-1] INFO  io.camunda.zeebe.broker.partitioning.Partition - Startup Partition Registration
10:33:03.941 [Broker-0] [Startup] [zb-actors-1] DEBUG io.camunda.zeebe.broker.partitioning.Partition - Finished startup process
10:33:03.941 [Broker-0] [Startup] [zb-actors-1] INFO  io.camunda.zeebe.broker.partitioning.PartitionManagerImpl - Started partition 1
10:33:03.943 [Broker-0] [HealthCheckService] [zb-actors-0] DEBUG io.camunda.zeebe.broker.system - Detected 'UNHEALTHY' components. The current health status of components: [HealthReport[componentName=Partition-1, status=UNHEALTHY, issue=HealthIssue[message=Services not installed, throwable=null, cause=null, since=2025-01-09T10:33:03.942258317Z], children={ZeebePartitionHealth-1=HealthReport[componentName=ZeebePartitionHealth-1, status=UNHEALTHY, issue=HealthIssue[message=Services not installed, throwable=null, cause=null, since=2025-01-09T10:33:03.942258317Z], children={}]}]]
10:33:03.943 [Broker-0] [ZeebePartition-1] [zb-actors-1] DEBUG io.camunda.zeebe.broker.system - Detected 'UNHEALTHY' components. The current health status of components: [HealthReport[componentName=ZeebePartitionHealth-1, status=UNHEALTHY, issue=HealthIssue[message=Services not installed, throwable=null, cause=null, since=2025-01-09T10:33:03.942258317Z], children={}]]
10:33:03.959 [Broker-0] [ZeebePartition-1] [zb-actors-1] INFO  io.camunda.zeebe.broker.system - Transition to LEADER on term 1 requested.
10:33:03.960 [Broker-0] [HealthCheckService] [zb-actors-0] INFO  io.camunda.zeebe.broker.system - All partitions are installed. Broker is ready!
10:33:03.970 [Broker-0] [ZeebePartition-1] [zb-actors-1] DEBUG io.camunda.zeebe.broker.system - Partition role transitioning from null to LEADER in term 1
10:33:03.990 [Broker-0] [ZeebePartition-1] [zb-actors-1] INFO  io.camunda.zeebe.broker.system - Transition to LEADER on term 1 starting
10:33:03.991 [Broker-0] [HealthCheckService] [zb-actors-0] WARN  io.camunda.zeebe.broker.system - Partition-1 failed, marking it as unhealthy: HealthReport[componentName=Partition-1, status=UNHEALTHY, issue=HealthIssue[message=Services not installed, throwable=null, cause=null, since=2025-01-09T10:33:03.942258317Z], children={ZeebePartitionHealth-1=HealthReport[componentName=ZeebePartitionHealth-1, status=UNHEALTHY, issue=HealthIssue[message=Services not installed, throwable=null, cause=null, since=2025-01-09T10:33:03.942258317Z], children={}], RaftPartition-1=HealthReport[componentName=RaftPartition-1, status=HEALTHY, issue=null, children={}]}]
10:33:03.991 [Broker-0] [ZeebePartition-1] [zb-actors-1] DEBUG io.camunda.zeebe.broker.system - Transition to LEADER on term 1 - transitioning Metrics
10:33:03.993 [Broker-0] [ZeebePartition-1] [zb-actors-1] DEBUG io.camunda.zeebe.broker.system - Transition to LEADER on term 1 - transitioning LogStorage
10:33:04.004 [Broker-0] [ZeebePartition-1] [zb-actors-1] DEBUG io.camunda.zeebe.broker.system - Transition to LEADER on term 1 - transitioning LogStream
10:33:04.064 [Broker-0] [ZeebePartition-1] [zb-actors-1] DEBUG io.camunda.zeebe.broker.system - Transition to LEADER on term 1 - transitioning ZeebeDb
10:33:04.234 [Broker-0] [] [atomix-cluster-heartbeat-sender] DEBUG io.atomix.cluster.protocol.swim - 0 - Detected local properties change {brokerInfo=EADJAAAABQAAAAAAAQAAAAEAAAABAAAAAAABCgAAAGNvbW1hbmRBcGkRAAAAMTAuMTI4Ljg5LjExOjExMjcFAAAMAAAOAAAAOC43LjAtU05BUFNIT1QFAAEBAAAAAA==, event-service-topics-subscribed=KIIDAGpvYnNBdmFpbGFibOU=}
10:33:04.234 [Broker-0] [] [atomix-cluster-events] DEBUG io.camunda.zeebe.broker.client.impl.BrokerTopologyManagerImpl - Received metadata change from Broker 0, partitions {}, terms {} and health {1=UNHEALTHY}.
10:33:04.356 [Broker-0] [SnapshotStore-1] [zb-fs-workers-0] DEBUG io.camunda.zeebe.logstreams.snapshot - Opened database from '/tmp/zeebe15470676333014337954/data/raft-partition/partitions/1/runtime'.
10:33:04.356 [Broker-0] [ZeebePartition-1] [zb-actors-1] DEBUG io.camunda.zeebe.broker.system - Transition to LEADER on term 1 - transitioning Migration
10:33:04.936 [Broker-0] [ZeebePartition-1] [zb-actors-1] INFO  org.camunda.feel.FeelEngine - Engine created. [value-mapper: CompositeValueMapper(List(io.camunda.zeebe.feel.impl.MessagePackValueMapper@595962d4)), function-provider: io.camunda.zeebe.feel.impl.FeelFunctionProvider@33ce08b2, clock: io.camunda.zeebe.engine.processing.bpmn.clock.ZeebeFeelEngineClock@42e8ba96, configuration: {externalFunctionsEnabled: false}]
10:33:05.204 [Broker-0] [ZeebePartition-1] [zb-actors-1] INFO  org.camunda.dmn.DmnEngine - DMN-Engine created. [value-mapper: CompositeValueMapper(List(io.camunda.zeebe.feel.impl.MessagePackValueMapper@772c4de4)), function-provider: org.camunda.feel.context.FunctionProvider$EmptyFunctionProvider$@6211d91f, audit-loggers: List(), configuration: Configuration(false,false,false)]
10:33:05.206 [Broker-0] [ZeebePartition-1] [zb-actors-1] INFO  org.camunda.feel.FeelEngine - Engine created. [value-mapper: CompositeValueMapper(List(org.camunda.dmn.NoUnpackValueMapper@7dcc2e41)), function-provider: org.camunda.feel.context.FunctionProvider$EmptyFunctionProvider$@6211d91f, clock: SystemClock, configuration: {externalFunctionsEnabled: false}]
10:33:05.259 [Broker-0] [ZeebePartition-1] [zb-actors-1] INFO  org.camunda.dmn.DmnEngine - DMN-Engine created. [value-mapper: CompositeValueMapper(List(io.camunda.zeebe.feel.impl.MessagePackValueMapper@35380f72)), function-provider: org.camunda.feel.context.FunctionProvider$EmptyFunctionProvider$@6211d91f, audit-loggers: List(), configuration: Configuration(false,false,false)]
10:33:05.259 [Broker-0] [ZeebePartition-1] [zb-actors-1] INFO  org.camunda.feel.FeelEngine - Engine created. [value-mapper: CompositeValueMapper(List(org.camunda.dmn.NoUnpackValueMapper@4fa768e9)), function-provider: org.camunda.feel.context.FunctionProvider$EmptyFunctionProvider$@6211d91f, clock: SystemClock, configuration: {externalFunctionsEnabled: false}]
10:33:05.344 [Broker-0] [ZeebePartition-1] [zb-actors-1] INFO  io.camunda.zeebe.engine.state.migration - Starting processing 21 migration tasks (use LogLevel.DEBUG for more details) ... 
10:33:05.348 [Broker-0] [ZeebePartition-1] [zb-actors-1] DEBUG io.camunda.zeebe.engine.state.migration - Found 21 migration tasks: ProcessMessageSubscriptionSentTimeMigration, MessageSubscriptionSentTimeMigration, TemporaryVariableMigration, DecisionMigration, DecisionRequirementsMigration, ProcessInstanceByProcessDefinitionMigration, JobTimeoutCleanupMigration, JobBackoffCleanupMigration, MultiTenancyProcessStateMigration, MultiTenancyDecisionStateMigration, MultiTenancyMessageStateMigration, MultiTenancyMessageStartEventSubscriptionStateMigration, MultiTenancyMessageSubscriptionStateMigration, MultiTenancyProcessMessageSubscriptionStateMigration, MultiTenancyJobStateMigration, ColumnFamilyPrefixCorrectionMigration, MultiTenancySignalSubscriptionStateMigration, JobBackoffRestoreMigration, RoutingInfoMigration, OrderedCommandDistributionMigration, IdempotentCommandDistributionMigration
10:33:05.350 [Broker-0] [ZeebePartition-1] [zb-actors-1] DEBUG io.camunda.zeebe.engine.state.migration - Skipping ProcessMessageSubscriptionSentTimeMigration migration (1/21). It was determined it does not need to run right now.
10:33:05.351 [Broker-0] [ZeebePartition-1] [zb-actors-1] DEBUG io.camunda.zeebe.engine.state.migration - Skipping MessageSubscriptionSentTimeMigration migration (2/21). It was determined it does not need to run right now.
10:33:05.352 [Broker-0] [ZeebePartition-1] [zb-actors-1] DEBUG io.camunda.zeebe.engine.state.migration - Skipping TemporaryVariableMigration migration (3/21). It was determined it does not need to run right now.
10:33:05.352 [Broker-0] [ZeebePartition-1] [zb-actors-1] DEBUG io.camunda.zeebe.engine.state.migration - Skipping DecisionMigration migration (4/21). It was determined it does not need to run right now.
10:33:05.352 [Broker-0] [ZeebePartition-1] [zb-actors-1] DEBUG io.camunda.zeebe.engine.state.migration - Skipping DecisionRequirementsMigration migration (5/21). It was determined it does not need to run right now.
10:33:05.352 [Broker-0] [ZeebePartition-1] [zb-actors-1] DEBUG io.camunda.zeebe.engine.state.migration - Starting ProcessInstanceByProcessDefinitionMigration migration (6/21)
10:33:05.353 [Broker-0] [ZeebePartition-1] [zb-actors-1] DEBUG io.camunda.zeebe.engine.state.migration - Finished ProcessInstanceByProcessDefinitionMigration migration (6/21) in 1 ms.
10:33:05.353 [Broker-0] [ZeebePartition-1] [zb-actors-1] DEBUG io.camunda.zeebe.engine.state.migration - Starting JobTimeoutCleanupMigration migration (7/21)
10:33:05.353 [Broker-0] [ZeebePartition-1] [zb-actors-1] DEBUG io.camunda.zeebe.engine.state.migration - Finished JobTimeoutCleanupMigration migration (7/21) in 0 ms.
10:33:05.353 [Broker-0] [ZeebePartition-1] [zb-actors-1] DEBUG io.camunda.zeebe.engine.state.migration - Starting JobBackoffCleanupMigration migration (8/21)
10:33:05.353 [Broker-0] [ZeebePartition-1] [zb-actors-1] DEBUG io.camunda.zeebe.engine.state.migration - Finished JobBackoffCleanupMigration migration (8/21) in 0 ms.
10:33:05.354 [Broker-0] [ZeebePartition-1] [zb-actors-1] DEBUG io.camunda.zeebe.engine.state.migration - Skipping MultiTenancyProcessStateMigration migration (9/21). It was determined it does not need to run right now.
10:33:05.354 [Broker-0] [ZeebePartition-1] [zb-actors-1] DEBUG io.camunda.zeebe.engine.state.migration - Skipping MultiTenancyDecisionStateMigration migration (10/21). It was determined it does not need to run right now.
10:33:05.354 [Broker-0] [ZeebePartition-1] [zb-actors-1] DEBUG io.camunda.zeebe.engine.state.migration - Skipping MultiTenancyMessageStateMigration migration (11/21). It was determined it does not need to run right now.
10:33:05.354 [Broker-0] [ZeebePartition-1] [zb-actors-1] DEBUG io.camunda.zeebe.engine.state.migration - Skipping MultiTenancyMessageStartEventSubscriptionStateMigration migration (12/21). It was determined it does not need to run right now.
10:33:05.354 [Broker-0] [ZeebePartition-1] [zb-actors-1] DEBUG io.camunda.zeebe.engine.state.migration - Skipping MultiTenancyMessageSubscriptionStateMigration migration (13/21). It was determined it does not need to run right now.
10:33:05.356 [Broker-0] [ZeebePartition-1] [zb-actors-1] DEBUG io.camunda.zeebe.engine.state.migration - Skipping MultiTenancyProcessMessageSubscriptionStateMigration migration (14/21). It was determined it does not need to run right now.
10:33:05.356 [Broker-0] [ZeebePartition-1] [zb-actors-1] DEBUG io.camunda.zeebe.engine.state.migration - Skipping MultiTenancyJobStateMigration migration (15/21). It was determined it does not need to run right now.
10:33:05.356 [Broker-0] [ZeebePartition-1] [zb-actors-1] DEBUG io.camunda.zeebe.engine.state.migration - Starting ColumnFamilyPrefixCorrectionMigration migration (16/21)
10:33:05.357 [Broker-0] [ZeebePartition-1] [zb-actors-1] DEBUG io.camunda.zeebe.engine.state.migration - Finished ColumnFamilyPrefixCorrectionMigration migration (16/21) in 1 ms.
10:33:05.357 [Broker-0] [ZeebePartition-1] [zb-actors-1] DEBUG io.camunda.zeebe.engine.state.migration - Skipping MultiTenancySignalSubscriptionStateMigration migration (17/21). It was determined it does not need to run right now.
10:33:05.357 [Broker-0] [ZeebePartition-1] [zb-actors-1] DEBUG io.camunda.zeebe.engine.state.migration - Starting JobBackoffRestoreMigration migration (18/21)
10:33:05.361 [Broker-0] [ZeebePartition-1] [zb-actors-1] DEBUG io.camunda.zeebe.engine.state.migration - Finished JobBackoffRestoreMigration migration (18/21) in 3 ms.
10:33:05.361 [Broker-0] [ZeebePartition-1] [zb-actors-1] DEBUG io.camunda.zeebe.engine.state.migration - Starting RoutingInfoMigration migration (19/21)
10:33:05.363 [Broker-0] [ZeebePartition-1] [zb-actors-1] DEBUG io.camunda.zeebe.engine.state.migration - Finished RoutingInfoMigration migration (19/21) in 2 ms.
10:33:05.363 [Broker-0] [ZeebePartition-1] [zb-actors-1] DEBUG io.camunda.zeebe.engine.state.migration - Skipping OrderedCommandDistributionMigration migration (20/21). It was determined it does not need to run right now.
10:33:05.365 [Broker-0] [ZeebePartition-1] [zb-actors-1] DEBUG io.camunda.zeebe.engine.state.migration - Skipping IdempotentCommandDistributionMigration migration (21/21). It was determined it does not need to run right now.
10:33:05.365 [Broker-0] [ZeebePartition-1] [zb-actors-1] INFO  io.camunda.zeebe.engine.state.migration - Completed processing of -9/6 migration tasks (use LogLevel.DEBUG for more details) ... 
10:33:05.375 [Broker-0] [ZeebePartition-1] [zb-actors-1] DEBUG io.camunda.zeebe.engine.state.migration - Executed -9 migration tasks (15 skipped out of 6): ProcessInstanceByProcessDefinitionMigration, JobTimeoutCleanupMigration, JobBackoffCleanupMigration, ColumnFamilyPrefixCorrectionMigration, JobBackoffRestoreMigration, RoutingInfoMigration
10:33:05.375 [Broker-0] [ZeebePartition-1] [zb-actors-1] DEBUG io.camunda.zeebe.broker.system - Transition to LEADER on term 1 - transitioning QueryService
10:33:05.376 [Broker-0] [ZeebePartition-1] [zb-actors-1] DEBUG io.camunda.zeebe.broker.system - Transition to LEADER on term 1 - transitioning BackupStore
10:33:05.376 [Broker-0] [ZeebePartition-1] [zb-actors-1] DEBUG io.camunda.zeebe.broker.system - Transition to LEADER on term 1 - transitioning BackupManager
10:33:05.378 [Broker-0] [ZeebePartition-1] [zb-actors-1] DEBUG io.camunda.zeebe.broker.system - Transition to LEADER on term 1 - transitioning InterPartitionCommandService
10:33:05.390 [Broker-0] [ZeebePartition-1] [zb-actors-1] DEBUG io.camunda.zeebe.broker.system - Transition to LEADER on term 1 - transitioning StreamProcessor
10:33:05.532 [Broker-0] [StreamProcessor-1] [zb-actors-1] DEBUG io.camunda.zeebe.logstreams - Recovering state of partition 1 from snapshot
10:33:05.533 [Broker-0] [StreamProcessor-1] [zb-actors-1] INFO  io.camunda.zeebe.logstreams - Recovered state of partition 1 from snapshot at position -1
10:33:05.602 [Broker-0] [StreamProcessor-1] [zb-actors-1] INFO  org.camunda.feel.FeelEngine - Engine created. [value-mapper: CompositeValueMapper(List(io.camunda.zeebe.feel.impl.MessagePackValueMapper@6d3a6750)), function-provider: io.camunda.zeebe.feel.impl.FeelFunctionProvider@1944a5ec, clock: io.camunda.zeebe.engine.processing.bpmn.clock.ZeebeFeelEngineClock@3ae130ca, configuration: {externalFunctionsEnabled: false}]
10:33:05.608 [Broker-0] [StreamProcessor-1] [zb-actors-1] INFO  org.camunda.dmn.DmnEngine - DMN-Engine created. [value-mapper: CompositeValueMapper(List(io.camunda.zeebe.feel.impl.MessagePackValueMapper@6c8a6890)), function-provider: org.camunda.feel.context.FunctionProvider$EmptyFunctionProvider$@6211d91f, audit-loggers: List(), configuration: Configuration(false,false,false)]
10:33:05.609 [Broker-0] [StreamProcessor-1] [zb-actors-1] INFO  org.camunda.feel.FeelEngine - Engine created. [value-mapper: CompositeValueMapper(List(org.camunda.dmn.NoUnpackValueMapper@7cb9dae4)), function-provider: org.camunda.feel.context.FunctionProvider$EmptyFunctionProvider$@6211d91f, clock: SystemClock, configuration: {externalFunctionsEnabled: false}]
10:33:05.612 [Broker-0] [StreamProcessor-1] [zb-actors-1] INFO  org.camunda.dmn.DmnEngine - DMN-Engine created. [value-mapper: CompositeValueMapper(List(io.camunda.zeebe.feel.impl.MessagePackValueMapper@65e6cae8)), function-provider: org.camunda.feel.context.FunctionProvider$EmptyFunctionProvider$@6211d91f, audit-loggers: List(), configuration: Configuration(false,false,false)]
10:33:05.612 [Broker-0] [StreamProcessor-1] [zb-actors-1] INFO  org.camunda.feel.FeelEngine - Engine created. [value-mapper: CompositeValueMapper(List(org.camunda.dmn.NoUnpackValueMapper@53e6c685)), function-provider: org.camunda.feel.context.FunctionProvider$EmptyFunctionProvider$@6211d91f, clock: SystemClock, configuration: {externalFunctionsEnabled: false}]
10:33:05.700 [Broker-0] [StreamProcessor-1] [zb-actors-1] INFO  org.camunda.dmn.DmnEngine - DMN-Engine created. [value-mapper: CompositeValueMapper(List(io.camunda.zeebe.feel.impl.MessagePackValueMapper@23579831)), function-provider: org.camunda.feel.context.FunctionProvider$EmptyFunctionProvider$@6211d91f, audit-loggers: List(), configuration: Configuration(false,false,false)]
10:33:05.700 [Broker-0] [StreamProcessor-1] [zb-actors-1] INFO  org.camunda.feel.FeelEngine - Engine created. [value-mapper: CompositeValueMapper(List(org.camunda.dmn.NoUnpackValueMapper@1b011bc)), function-provider: org.camunda.feel.context.FunctionProvider$EmptyFunctionProvider$@6211d91f, clock: SystemClock, configuration: {externalFunctionsEnabled: false}]
10:33:05.716 [Broker-0] [StreamProcessor-1] [zb-actors-1] INFO  org.camunda.feel.FeelEngine - Engine created. [value-mapper: CompositeValueMapper(List(io.camunda.zeebe.feel.impl.MessagePackValueMapper@7d78f0ff)), function-provider: io.camunda.zeebe.feel.impl.FeelFunctionProvider@3e82c036, clock: io.camunda.zeebe.engine.processing.bpmn.clock.ZeebeFeelEngineClock@3611484, configuration: {externalFunctionsEnabled: false}]
10:33:05.804 [Broker-0] [StreamProcessor-1] [zb-actors-1] INFO  org.camunda.feel.FeelEngine - Engine created. [value-mapper: CompositeValueMapper(List(io.camunda.zeebe.feel.impl.MessagePackValueMapper@9fa1d9f)), function-provider: io.camunda.zeebe.feel.impl.FeelFunctionProvider@55f27ec4, clock: io.camunda.zeebe.engine.processing.bpmn.clock.ZeebeFeelEngineClock@3f45bb96, configuration: {externalFunctionsEnabled: false}]
10:33:05.805 [Broker-0] [StreamProcessor-1] [zb-actors-1] INFO  org.camunda.feel.FeelEngine - Engine created. [value-mapper: CompositeValueMapper(List(io.camunda.zeebe.feel.impl.MessagePackValueMapper@6a7bf391)), function-provider: io.camunda.zeebe.feel.impl.FeelFunctionProvider@282d78bf, clock: io.camunda.zeebe.engine.processing.bpmn.clock.ZeebeFeelEngineClock@24740b2f, configuration: {externalFunctionsEnabled: false}]
10:33:05.983 [Broker-0] [StreamProcessor-1] [zb-actors-1] INFO  org.camunda.dmn.DmnEngine - DMN-Engine created. [value-mapper: CompositeValueMapper(List(io.camunda.zeebe.feel.impl.MessagePackValueMapper@570a55ab)), function-provider: org.camunda.feel.context.FunctionProvider$EmptyFunctionProvider$@6211d91f, audit-loggers: List(), configuration: Configuration(false,false,false)]
10:33:05.983 [Broker-0] [StreamProcessor-1] [zb-actors-1] INFO  org.camunda.feel.FeelEngine - Engine created. [value-mapper: CompositeValueMapper(List(org.camunda.dmn.NoUnpackValueMapper@11f63d3)), function-provider: org.camunda.feel.context.FunctionProvider$EmptyFunctionProvider$@6211d91f, clock: SystemClock, configuration: {externalFunctionsEnabled: false}]
10:33:06.199 [Broker-0] [StreamProcessor-1] [zb-actors-1] INFO  io.camunda.zeebe.processor - Processor starts replay of events. [snapshot-position: -1, replay-mode: PROCESSING]
10:33:06.199 [Broker-0] [StreamProcessor-1] [zb-actors-1] INFO  io.camunda.zeebe.processor - Processor finished replay, with [lastProcessedPosition: -1, lastWrittenPosition: -1]
10:33:06.212 [Broker-0] [ZeebePartition-1] [zb-actors-1] DEBUG io.camunda.zeebe.broker.system - Transition to LEADER on term 1 - transitioning CommandApiService
10:33:06.217 [Broker-0] [ZeebePartition-1] [zb-actors-1] DEBUG io.camunda.zeebe.broker.system - Transition to LEADER on term 1 - transitioning SnapshotDirector
10:33:06.220 [Broker-0] [ZeebePartition-1] [zb-actors-1] DEBUG io.camunda.zeebe.broker.system - Transition to LEADER on term 1 - transitioning ExporterDirector
10:33:06.223 [Broker-0] [ZeebePartition-1] [zb-actors-1] INFO  io.camunda.zeebe.broker.exporter - Use default exporter factory to create instance of class io.camunda.zeebe.test.util.record.RecordingExporter
10:33:06.226 [Broker-0] [Exporter-1] [zb-fs-workers-1] DEBUG io.camunda.zeebe.broker.exporter - Recovering exporter from snapshot
10:33:06.227 [Broker-0] [ZeebePartition-1] [zb-actors-1] DEBUG io.camunda.zeebe.broker.system - Transition to LEADER on term 1 - transitioning BackupApiRequestHandler
10:33:06.231 [Broker-0] [ZeebePartition-1] [zb-actors-1] DEBUG io.camunda.zeebe.broker.system - Transition to LEADER on term 1 - transitioning Admin API
10:33:06.236 [Broker-0] [ZeebePartition-1] [zb-actors-1] INFO  io.camunda.zeebe.broker.system - Transition to LEADER on term 1 completed
10:33:06.243 [Broker-0] [ZeebePartition-1] [zb-actors-1] INFO  io.camunda.zeebe.broker.system - ZeebePartitionHealth-1 recovered, marking it as healthy
10:33:06.245 [Broker-0] [Exporter-1] [zb-fs-workers-1] DEBUG io.camunda.zeebe.broker.exporter - Recovered exporter 'Exporter-1' from snapshot at lastExportedPosition -1
10:33:06.248 [Broker-0] [ZeebePartition-1] [zb-actors-1] DEBUG io.camunda.zeebe.broker.system - Detected 'HEALTHY' components. The current health status of components: [HealthReport[componentName=SnapshotDirector-1, status=HEALTHY, issue=null, children={}], HealthReport[componentName=ZeebePartitionHealth-1, status=HEALTHY, issue=null, children={}], HealthReport[componentName=StreamProcessor-1, status=HEALTHY, issue=null, children={}], HealthReport[componentName=Exporter-1, status=HEALTHY, issue=null, children={}], HealthReport[componentName=RaftPartition-1, status=HEALTHY, issue=null, children={}]]
10:33:06.249 [Broker-0] [HealthCheckService] [zb-actors-1] INFO  io.camunda.zeebe.broker.system - Partition-1 recovered, marking it as healthy
10:33:06.249 [Broker-0] [HealthCheckService] [zb-actors-1] DEBUG io.camunda.zeebe.broker.system - Detected 'HEALTHY' components. The current health status of components: [HealthReport[componentName=Partition-1, status=HEALTHY, issue=null, children={SnapshotDirector-1=HealthReport[componentName=SnapshotDirector-1, status=HEALTHY, issue=null, children={}], ZeebePartitionHealth-1=HealthReport[componentName=ZeebePartitionHealth-1, status=HEALTHY, issue=null, children={}], StreamProcessor-1=HealthReport[componentName=StreamProcessor-1, status=HEALTHY, issue=null, children={}], Exporter-1=HealthReport[componentName=Exporter-1, status=HEALTHY, issue=null, children={}], RaftPartition-1=HealthReport[componentName=RaftPartition-1, status=HEALTHY, issue=null, children={}]}]]
10:33:06.249 [Broker-0] [HealthCheckService] [zb-actors-1] INFO  io.camunda.zeebe.broker.system - Partition-1 recovered, marking it as healthy
10:33:06.249 [Broker-0] [Exporter-1] [zb-fs-workers-1] DEBUG io.camunda.zeebe.broker.exporter - Configure exporter with id 'rdbms'
10:33:06.250 [Broker-0] [Exporter-1] [zb-fs-workers-1] INFO  io.camunda.exporter.rdbms.RdbmsExporterWrapper - [RDBMS Exporter] Configuration: flushInterval=PT0.5S, maxQueueSize=1000
10:33:06.284 [Broker-0] [Exporter-1] [zb-fs-workers-1] DEBUG io.camunda.zeebe.broker.exporter - Configure exporter with id 'recordingExporter'
10:33:06.293 [Broker-0] [Exporter-1] [zb-fs-workers-1] DEBUG io.camunda.zeebe.broker.exporter - Set event filter for exporters: io.camunda.zeebe.stream.api.EventFilter$$Lambda/0x00007bb37505fb28@50ba655c
10:33:06.295 [Broker-0] [Exporter-1] [zb-fs-workers-1] DEBUG io.camunda.zeebe.broker.exporter - Open exporter with id 'recordingExporter'
10:33:06.296 [Broker-0] [Exporter-1] [zb-fs-workers-1] DEBUG io.camunda.zeebe.broker.exporter - Open exporter with id 'rdbms'
10:33:06.444 [Broker-0] [Exporter-1] [zb-fs-workers-1] DEBUG io.camunda.db.rdbms.sql.ExporterPositionMapper.findOne - ==>  Preparing: SELECT PARTITION_ID, EXPORTER, LAST_EXPORTED_POSITION, CREATED, LAST_UPDATED FROM EXPORTER_POSITION WHERE PARTITION_ID = ?
10:33:06.487 [Broker-0] [] [atomix-cluster-heartbeat-sender] DEBUG io.atomix.cluster.protocol.swim - 0 - Detected local properties change {brokerInfo=EADJAAAABQAAAAAAAQAAAAEAAAABAAAAAAABCgAAAGNvbW1hbmRBcGkRAAAAMTAuMTI4Ljg5LjExOjExMjcFAAEBAAAAAAwAAQEAAAABAAAAAAAAAA4AAAA4LjcuMC1TTkFQU0hPVAUAAQEAAAAB, event-service-topics-subscribed=KIIDAGpvYnNBdmFpbGFibOU=}
10:33:06.488 [Broker-0] [] [atomix-cluster-events] DEBUG io.camunda.zeebe.broker.client.impl.BrokerTopologyManagerImpl - Received metadata change from Broker 0, partitions {1=LEADER}, terms {1=1} and health {1=HEALTHY}.
10:33:06.499 [Broker-0] [Exporter-1] [zb-fs-workers-1] DEBUG io.camunda.db.rdbms.sql.ExporterPositionMapper.findOne - ==> Parameters: 1(Long)
10:33:06.536 [Broker-0] [Exporter-1] [zb-fs-workers-1] DEBUG io.camunda.db.rdbms.sql.ExporterPositionMapper.findOne - <==      Total: 0
10:33:06.547 [Broker-0] [Exporter-1] [zb-fs-workers-1] DEBUG io.camunda.db.rdbms.sql.ExporterPositionMapper.insert - ==>  Preparing: INSERT INTO EXPORTER_POSITION (PARTITION_ID, EXPORTER, LAST_EXPORTED_POSITION, CREATED, LAST_UPDATED) VALUES (?, ?, ?, ?, ?)
10:33:06.550 [Broker-0] [Exporter-1] [zb-fs-workers-1] DEBUG io.camunda.db.rdbms.sql.ExporterPositionMapper.insert - ==> Parameters: 1(Long), RdbmsExporter(String), -1(Long), 2025-01-09T10:33:06.546618214(LocalDateTime), 2025-01-09T10:33:06.546644394(LocalDateTime)
10:33:06.560 [Broker-0] [Exporter-1] [zb-fs-workers-1] DEBUG io.camunda.db.rdbms.sql.ExporterPositionMapper.insert - <==    Updates: 1
10:33:06.561 [Broker-0] [Exporter-1] [zb-fs-workers-1] INFO  io.camunda.exporter.rdbms.RdbmsExporter - [RDBMS Exporter] Exporter opened with last exported position -1
10:33:06.956 [Broker-0] [Exporter-1] [zb-fs-workers-0] DEBUG io.camunda.db.rdbms.write.queue.DefaultExecutionQueue - [RDBMS ExecutionQueue, Partition 1] Added entry to queue: QueueItem[contextType=ROLE, id=2251799813685249, statementId=io.camunda.db.rdbms.sql.RoleMapper.insert, parameter=RoleDbModel{roleKey=2251799813685249, name='Admin', members=null}]
10:33:06.974 [Broker-0] [Exporter-1] [zb-fs-workers-0] DEBUG io.camunda.db.rdbms.write.queue.DefaultExecutionQueue - [RDBMS ExecutionQueue, Partition 1] Added entry to queue: QueueItem[contextType=AUTHORIZATION, id=2251799813685249_ROLE_AUTHORIZATION, statementId=io.camunda.db.rdbms.sql.AuthorizationMapper.insert, parameter=io.camunda.db.rdbms.write.domain.AuthorizationDbModel@615be916]
10:33:06.975 [Broker-0] [Exporter-1] [zb-fs-workers-0] DEBUG io.camunda.db.rdbms.write.queue.DefaultExecutionQueue - [RDBMS ExecutionQueue, Partition 1] Added entry to queue: QueueItem[contextType=AUTHORIZATION, id=2251799813685249_ROLE_MAPPING_RULE, statementId=io.camunda.db.rdbms.sql.AuthorizationMapper.insert, parameter=io.camunda.db.rdbms.write.domain.AuthorizationDbModel@27d7f10f]
10:33:06.980 [Broker-0] [Exporter-1] [zb-fs-workers-0] DEBUG io.camunda.db.rdbms.write.queue.DefaultExecutionQueue - [RDBMS ExecutionQueue, Partition 1] Added entry to queue: QueueItem[contextType=AUTHORIZATION, id=2251799813685249_ROLE_MESSAGE, statementId=io.camunda.db.rdbms.sql.AuthorizationMapper.insert, parameter=io.camunda.db.rdbms.write.domain.AuthorizationDbModel@274116e6]
10:33:06.989 [Broker-0] [Exporter-1] [zb-fs-workers-0] DEBUG io.camunda.db.rdbms.write.queue.DefaultExecutionQueue - [RDBMS ExecutionQueue, Partition 1] Added entry to queue: QueueItem[contextType=AUTHORIZATION, id=2251799813685249_ROLE_BATCH, statementId=io.camunda.db.rdbms.sql.AuthorizationMapper.insert, parameter=io.camunda.db.rdbms.write.domain.AuthorizationDbModel@70ca58ea]
10:33:06.990 [Broker-0] [Exporter-1] [zb-fs-workers-0] DEBUG io.camunda.db.rdbms.write.queue.DefaultExecutionQueue - [RDBMS ExecutionQueue, Partition 1] Added entry to queue: QueueItem[contextType=AUTHORIZATION, id=2251799813685249_ROLE_APPLICATION, statementId=io.camunda.db.rdbms.sql.AuthorizationMapper.insert, parameter=io.camunda.db.rdbms.write.domain.AuthorizationDbModel@4ee70cbc]
10:33:06.990 [Broker-0] [Exporter-1] [zb-fs-workers-0] DEBUG io.camunda.db.rdbms.write.queue.DefaultExecutionQueue - [RDBMS ExecutionQueue, Partition 1] Added entry to queue: QueueItem[contextType=AUTHORIZATION, id=2251799813685249_ROLE_SYSTEM, statementId=io.camunda.db.rdbms.sql.AuthorizationMapper.insert, parameter=io.camunda.db.rdbms.write.domain.AuthorizationDbModel@5620c3e6]
10:33:06.991 [Broker-0] [Exporter-1] [zb-fs-workers-0] DEBUG io.camunda.db.rdbms.write.queue.DefaultExecutionQueue - [RDBMS ExecutionQueue, Partition 1] Added entry to queue: QueueItem[contextType=AUTHORIZATION, id=2251799813685249_ROLE_TENANT, statementId=io.camunda.db.rdbms.sql.AuthorizationMapper.insert, parameter=io.camunda.db.rdbms.write.domain.AuthorizationDbModel@79f919e2]
10:33:06.998 [Broker-0] [Exporter-1] [zb-fs-workers-0] DEBUG io.camunda.db.rdbms.write.queue.DefaultExecutionQueue - [RDBMS ExecutionQueue, Partition 1] Added entry to queue: QueueItem[contextType=AUTHORIZATION, id=2251799813685249_ROLE_DEPLOYMENT, statementId=io.camunda.db.rdbms.sql.AuthorizationMapper.insert, parameter=io.camunda.db.rdbms.write.domain.AuthorizationDbModel@5b56133f]
10:33:06.999 [Broker-0] [Exporter-1] [zb-fs-workers-0] DEBUG io.camunda.db.rdbms.write.queue.DefaultExecutionQueue - [RDBMS ExecutionQueue, Partition 1] Added entry to queue: QueueItem[contextType=AUTHORIZATION, id=2251799813685249_ROLE_PROCESS_DEFINITION, statementId=io.camunda.db.rdbms.sql.AuthorizationMapper.insert, parameter=io.camunda.db.rdbms.write.domain.AuthorizationDbModel@2d226605]
10:33:06.999 [Broker-0] [Exporter-1] [zb-fs-workers-0] DEBUG io.camunda.db.rdbms.write.queue.DefaultExecutionQueue - [RDBMS ExecutionQueue, Partition 1] Added entry to queue: QueueItem[contextType=AUTHORIZATION, id=2251799813685249_ROLE_DECISION_REQUIREMENTS_DEFINITION, statementId=io.camunda.db.rdbms.sql.AuthorizationMapper.insert, parameter=io.camunda.db.rdbms.write.domain.AuthorizationDbModel@7d4dafb4]
10:33:07.000 [Broker-0] [Exporter-1] [zb-fs-workers-0] DEBUG io.camunda.db.rdbms.write.queue.DefaultExecutionQueue - [RDBMS ExecutionQueue, Partition 1] Added entry to queue: QueueItem[contextType=AUTHORIZATION, id=2251799813685249_ROLE_DECISION_DEFINITION, statementId=io.camunda.db.rdbms.sql.AuthorizationMapper.insert, parameter=io.camunda.db.rdbms.write.domain.AuthorizationDbModel@4cca9ff6]
10:33:07.001 [Broker-0] [Exporter-1] [zb-fs-workers-0] DEBUG io.camunda.db.rdbms.write.queue.DefaultExecutionQueue - [RDBMS ExecutionQueue, Partition 1] Added entry to queue: QueueItem[contextType=AUTHORIZATION, id=2251799813685249_ROLE_GROUP, statementId=io.camunda.db.rdbms.sql.AuthorizationMapper.insert, parameter=io.camunda.db.rdbms.write.domain.AuthorizationDbModel@276ea2bb]
10:33:07.013 [Broker-0] [Exporter-1] [zb-fs-workers-0] DEBUG io.camunda.db.rdbms.write.queue.DefaultExecutionQueue - [RDBMS ExecutionQueue, Partition 1] Added entry to queue: QueueItem[contextType=AUTHORIZATION, id=2251799813685249_ROLE_USER, statementId=io.camunda.db.rdbms.sql.AuthorizationMapper.insert, parameter=io.camunda.db.rdbms.write.domain.AuthorizationDbModel@1942ea1d]
10:33:07.014 [Broker-0] [Exporter-1] [zb-fs-workers-0] DEBUG io.camunda.db.rdbms.write.queue.DefaultExecutionQueue - [RDBMS ExecutionQueue, Partition 1] Added entry to queue: QueueItem[contextType=AUTHORIZATION, id=2251799813685249_ROLE_ROLE, statementId=io.camunda.db.rdbms.sql.AuthorizationMapper.insert, parameter=io.camunda.db.rdbms.write.domain.AuthorizationDbModel@962c68e]
10:33:07.019 [] [] [ForkJoinPool-1-worker-2] WARN  org.springframework.boot.autoconfigure.freemarker.FreeMarkerAutoConfiguration - Cannot find template location: [classpath:/templates/] (please add some templates, check your FreeMarker configuration, or set spring.freemarker.check-template-location=false)
10:33:07.018 [Broker-0] [Exporter-1] [zb-fs-workers-0] DEBUG io.camunda.db.rdbms.write.queue.DefaultExecutionQueue - [RDBMS ExecutionQueue, Partition 1] Added entry to queue: QueueItem[contextType=USER, id=2251799813685250, statementId=io.camunda.db.rdbms.sql.UserMapper.insert, parameter=UserDbModel[userKey=2251799813685250, username=demo, name=Demo, email=demo@demo.com, password={bcrypt}$2a$10$KNgffqHJll.CHLkRMLoueuR6rIla6kL1nMFk2pZ4FC1Urr8fqaITu]]
10:33:07.029 [Broker-0] [Exporter-1] [zb-fs-workers-0] DEBUG io.camunda.db.rdbms.write.queue.DefaultExecutionQueue - [RDBMS ExecutionQueue, Partition 1] Added entry to queue: QueueItem[contextType=ROLE, id=2251799813685249, statementId=io.camunda.db.rdbms.sql.RoleMapper.insertMember, parameter=RoleMemberDbModel[roleKey=2251799813685249, entityKey=2251799813685250, entityType=USER]]
10:33:07.037 [Broker-0] [Exporter-1] [zb-fs-workers-0] DEBUG io.camunda.db.rdbms.write.queue.DefaultExecutionQueue - [RDBMS ExecutionQueue, Partition 1] Added entry to queue: QueueItem[contextType=TENANT, id=2251799813685251, statementId=io.camunda.db.rdbms.sql.TenantMapper.insert, parameter=io.camunda.db.rdbms.write.domain.TenantDbModel@72eb55b1]
10:33:07.201 [] [] [ForkJoinPool-1-worker-2] INFO  org.apache.coyote.http11.Http11NioProtocol - Starting ProtocolHandler ["http-nio-0.0.0.0-1125"]
10:33:07.226 [] [] [ForkJoinPool-1-worker-2] INFO  org.springframework.boot.web.embedded.tomcat.TomcatWebServer - Tomcat started on port 1125 (http) with context path '/'
10:33:07.379 [Broker-0] [Exporter-1] [zb-fs-workers-1] DEBUG io.camunda.db.rdbms.write.queue.DefaultExecutionQueue - [RDBMS ExecutionQueue, Partition 1] Flushing execution queue with 18 items
10:33:07.380 [Broker-0] [Exporter-1] [zb-fs-workers-1] DEBUG io.camunda.db.rdbms.sql.RoleMapper.insert - ==>  Preparing: INSERT INTO ROLES (ROLE_KEY, NAME) VALUES (?, ?)
10:33:07.382 [Broker-0] [Exporter-1] [zb-fs-workers-1] DEBUG io.camunda.db.rdbms.sql.RoleMapper.insert - ==> Parameters: 2251799813685249(Long), Admin(String)
10:33:07.463 [Broker-0] [Exporter-1] [zb-fs-workers-1] DEBUG io.camunda.db.rdbms.sql.AuthorizationMapper.insert - ==>  Preparing: INSERT INTO AUTHORIZATIONS (OWNER_KEY, OWNER_TYPE, RESOURCE_TYPE, PERMISSION_TYPE, RESOURCE_ID) VALUES (?, ?, ?, ?, ?) , (?, ?, ?, ?, ?) , (?, ?, ?, ?, ?) , (?, ?, ?, ?, ?) , (?, ?, ?, ?, ?) , (?, ?, ?, ?, ?) , (?, ?, ?, ?, ?) , (?, ?, ?, ?, ?) , (?, ?, ?, ?, ?) , (?, ?, ?, ?, ?) , (?, ?, ?, ?, ?) , (?, ?, ?, ?, ?) , (?, ?, ?, ?, ?) , (?, ?, ?, ?, ?) , (?, ?, ?, ?, ?) , (?, ?, ?, ?, ?)
10:33:07.479 [Broker-0] [Exporter-1] [zb-fs-workers-1] DEBUG io.camunda.db.rdbms.sql.AuthorizationMapper.insert - ==> Parameters: 2251799813685249(Long), ROLE(String), AUTHORIZATION(String), ACCESS(String), *(String), 2251799813685249(Long), ROLE(String), AUTHORIZATION(String), CREATE(String), *(String), 2251799813685249(Long), ROLE(String), AUTHORIZATION(String), CREATE_PROCESS_INSTANCE(String), *(String), 2251799813685249(Long), ROLE(String), AUTHORIZATION(String), CREATE_DECISION_INSTANCE(String), *(String), 2251799813685249(Long), ROLE(String), AUTHORIZATION(String), READ(String), *(String), 2251799813685249(Long), ROLE(String), AUTHORIZATION(String), READ_PROCESS_INSTANCE(String), *(String), 2251799813685249(Long), ROLE(String), AUTHORIZATION(String), READ_USER_TASK(String), *(String), 2251799813685249(Long), ROLE(String), AUTHORIZATION(String), READ_DECISION_INSTANCE(String), *(String), 2251799813685249(Long), ROLE(String), AUTHORIZATION(String), UPDATE(String), *(String), 2251799813685249(Long), ROLE(String), AUTHORIZATION(String), UPDATE_PROCESS_INSTANCE(String), *(String), 2251799813685249(Long), ROLE(String), AUTHORIZATION(String), UPDATE_USER_TASK(String), *(String), 2251799813685249(Long), ROLE(String), AUTHORIZATION(String), DELETE(String), *(String), 2251799813685249(Long), ROLE(String), AUTHORIZATION(String), DELETE_PROCESS(String), *(String), 2251799813685249(Long), ROLE(String), AUTHORIZATION(String), DELETE_DRD(String), *(String), 2251799813685249(Long), ROLE(String), AUTHORIZATION(String), DELETE_FORM(String), *(String), 2251799813685249(Long), ROLE(String), AUTHORIZATION(String), DELETE_PROCESS_INSTANCE(String), *(String)
10:33:07.503 [] [] [ForkJoinPool-1-worker-1] INFO  tc.docker.elastic.co/elasticsearch/elasticsearch:8.13.4 - Container docker.elastic.co/elasticsearch/elasticsearch:8.13.4 is starting: ba78c7d9f23a47ce245680aae796a1251b48feaca801a5d6e5bacbdfdee34cc2
10:33:07.570 [Broker-0] [Exporter-1] [zb-fs-workers-1] DEBUG io.camunda.db.rdbms.sql.AuthorizationMapper.insert - ==> Parameters: 2251799813685249(Long), ROLE(String), MAPPING_RULE(String), ACCESS(String), *(String), 2251799813685249(Long), ROLE(String), MAPPING_RULE(String), CREATE(String), *(String), 2251799813685249(Long), ROLE(String), MAPPING_RULE(String), CREATE_PROCESS_INSTANCE(String), *(String), 2251799813685249(Long), ROLE(String), MAPPING_RULE(String), CREATE_DECISION_INSTANCE(String), *(String), 2251799813685249(Long), ROLE(String), MAPPING_RULE(String), READ(String), *(String), 2251799813685249(Long), ROLE(String), MAPPING_RULE(String), READ_PROCESS_INSTANCE(String), *(String), 2251799813685249(Long), ROLE(String), MAPPING_RULE(String), READ_USER_TASK(String), *(String), 2251799813685249(Long), ROLE(String), MAPPING_RULE(String), READ_DECISION_INSTANCE(String), *(String), 2251799813685249(Long), ROLE(String), MAPPING_RULE(String), UPDATE(String), *(String), 2251799813685249(Long), ROLE(String), MAPPING_RULE(String), UPDATE_PROCESS_INSTANCE(String), *(String), 2251799813685249(Long), ROLE(String), MAPPING_RULE(String), UPDATE_USER_TASK(String), *(String), 2251799813685249(Long), ROLE(String), MAPPING_RULE(String), DELETE(String), *(String), 2251799813685249(Long), ROLE(String), MAPPING_RULE(String), DELETE_PROCESS(String), *(String), 2251799813685249(Long), ROLE(String), MAPPING_RULE(String), DELETE_DRD(String), *(String), 2251799813685249(Long), ROLE(String), MAPPING_RULE(String), DELETE_FORM(String), *(String), 2251799813685249(Long), ROLE(String), MAPPING_RULE(String), DELETE_PROCESS_INSTANCE(String), *(String)
10:33:07.575 [] [] [ForkJoinPool-1-worker-2] INFO  org.springframework.boot.web.embedded.tomcat.TomcatWebServer - Tomcat initialized with port 1126 (http)
10:33:07.576 [] [] [ForkJoinPool-1-worker-2] INFO  org.apache.coyote.http11.Http11NioProtocol - Initializing ProtocolHandler ["http-nio-0.0.0.0-1126"]
10:33:07.584 [] [] [ForkJoinPool-1-worker-2] INFO  org.apache.catalina.core.StandardService - Starting service [Tomcat]
[...]
10:33:41.025 [Broker-0] [StreamProcessor-1] [zb-actors-0] INFO  org.camunda.feel.FeelEngine - Engine created. [value-mapper: CompositeValueMapper(List(org.camunda.dmn.NoUnpackValueMapper@b4c9c6)), function-provider: org.camunda.feel.context.FunctionProvider$EmptyFunctionProvider$@6211d91f, clock: SystemClock, configuration: {externalFunctionsEnabled: false}]
10:33:41.035 [Broker-0] [StreamProcessor-1] [zb-actors-0] INFO  io.camunda.zeebe.processor - Processor starts replay of events. [snapshot-position: -1, replay-mode: PROCESSING]
10:33:41.036 [Broker-0] [StreamProcessor-1] [zb-actors-0] INFO  io.camunda.zeebe.processor - Processor finished replay, with [lastProcessedPosition: -1, lastWrittenPosition: -1]
10:33:41.036 [Broker-0] [ZeebePartition-1] [zb-actors-0] DEBUG io.camunda.zeebe.broker.system - Transition to LEADER on term 1 - transitioning CommandApiService
10:33:41.037 [Broker-0] [ZeebePartition-1] [zb-actors-0] DEBUG io.camunda.zeebe.broker.system - Transition to LEADER on term 1 - transitioning SnapshotDirector
10:33:41.037 [Broker-0] [ZeebePartition-1] [zb-actors-0] DEBUG io.camunda.zeebe.broker.system - Transition to LEADER on term 1 - transitioning ExporterDirector
10:33:41.041 [Broker-0] [ZeebePartition-1] [zb-actors-0] INFO  io.camunda.zeebe.broker.exporter - Use default exporter factory to create instance of class io.camunda.zeebe.test.util.record.RecordingExporter
10:33:41.041 [Broker-0] [ZeebePartition-1] [zb-actors-0] INFO  io.camunda.zeebe.broker.exporter - Use default exporter factory to create instance of class io.camunda.exporter.CamundaExporter
10:33:41.042 [Broker-0] [Exporter-1] [zb-fs-workers-1] DEBUG io.camunda.zeebe.broker.exporter - Recovering exporter from snapshot
10:33:41.042 [Broker-0] [Exporter-1] [zb-fs-workers-1] DEBUG io.camunda.zeebe.broker.exporter - Recovered exporter 'Exporter-1' from snapshot at lastExportedPosition -1
10:33:41.042 [Broker-0] [Exporter-1] [zb-fs-workers-1] DEBUG io.camunda.zeebe.broker.exporter - Configure exporter with id 'recordingExporter'
10:33:41.042 [Broker-0] [Exporter-1] [zb-fs-workers-1] DEBUG io.camunda.zeebe.broker.exporter - Configure exporter with id 'CamundaExporter'
10:33:41.044 [Broker-0] [Exporter-1] [zb-fs-workers-1] WARN  io.camunda.search.connect.es.ElasticsearchConnector - Username and/or password for are empty. Basic authentication for elasticsearch is not used.
10:33:41.045 [Broker-0] [ZeebePartition-1] [zb-actors-0] DEBUG io.camunda.zeebe.broker.system - Transition to LEADER on term 1 - transitioning BackupApiRequestHandler
10:33:41.046 [Broker-0] [ZeebePartition-1] [zb-actors-0] DEBUG io.camunda.zeebe.broker.system - Transition to LEADER on term 1 - transitioning Admin API
10:33:41.046 [Broker-0] [ZeebePartition-1] [zb-actors-0] INFO  io.camunda.zeebe.broker.system - Transition to LEADER on term 1 completed
10:33:41.046 [Broker-0] [ZeebePartition-1] [zb-actors-0] INFO  io.camunda.zeebe.broker.system - ZeebePartitionHealth-1 recovered, marking it as healthy
10:33:41.046 [Broker-0] [ZeebePartition-1] [zb-actors-0] DEBUG io.camunda.zeebe.broker.system - Detected 'HEALTHY' components. The current health status of components: [HealthReport[componentName=SnapshotDirector-1, status=HEALTHY, issue=null, children={}], HealthReport[componentName=ZeebePartitionHealth-1, status=HEALTHY, issue=null, children={}], HealthReport[componentName=StreamProcessor-1, status=HEALTHY, issue=null, children={}], HealthReport[componentName=Exporter-1, status=HEALTHY, issue=null, children={}], HealthReport[componentName=RaftPartition-1, status=HEALTHY, issue=null, children={}]]
10:33:41.046 [Broker-0] [HealthCheckService] [zb-actors-0] INFO  io.camunda.zeebe.broker.system - Partition-1 recovered, marking it as healthy
10:33:41.046 [Broker-0] [HealthCheckService] [zb-actors-0] DEBUG io.camunda.zeebe.broker.system - Detected 'HEALTHY' components. The current health status of components: [HealthReport[componentName=Partition-1, status=HEALTHY, issue=null, children={SnapshotDirector-1=HealthReport[componentName=SnapshotDirector-1, status=HEALTHY, issue=null, children={}], ZeebePartitionHealth-1=HealthReport[componentName=ZeebePartitionHealth-1, status=HEALTHY, issue=null, children={}], StreamProcessor-1=HealthReport[componentName=StreamProcessor-1, status=HEALTHY, issue=null, children={}], Exporter-1=HealthReport[componentName=Exporter-1, status=HEALTHY, issue=null, children={}], RaftPartition-1=HealthReport[componentName=RaftPartition-1, status=HEALTHY, issue=null, children={}]}]]
10:33:41.046 [Broker-0] [HealthCheckService] [zb-actors-0] INFO  io.camunda.zeebe.broker.system - Partition-1 recovered, marking it as healthy
10:33:41.077 [Broker-0] [Exporter-1] [zb-fs-workers-1] WARN  io.camunda.search.connect.es.ElasticsearchConnector - Username and/or password for are empty. Basic authentication for elasticsearch is not used.
10:33:41.080 [Broker-0] [Exporter-1] [zb-fs-workers-1] WARN  io.camunda.search.connect.es.ElasticsearchConnector - Username and/or password for are empty. Basic authentication for elasticsearch is not used.
10:33:41.088 [Broker-0] [Exporter-1] [zb-fs-workers-1] WARN  io.camunda.search.connect.es.ElasticsearchConnector - Username and/or password for are empty. Basic authentication for elasticsearch is not used.
10:33:41.091 [Broker-0] [Exporter-1] [zb-fs-workers-1] DEBUG io.camunda.zeebe.broker.exporter - Set event filter for exporters: io.camunda.zeebe.stream.api.EventFilter$$Lambda/0x00007bb37505fb28@3f785279
10:33:41.096 [Broker-0] [Exporter-1] [zb-fs-workers-1] DEBUG io.camunda.zeebe.broker.exporter - Open exporter with id 'CamundaExporter'
10:33:41.100 [Broker-0] [Exporter-1] [zb-fs-workers-1] INFO  io.camunda.exporter.schema.SchemaManager - Schema creation is enabled. Start Schema management.
10:33:41.101 [Broker-0] [] [atomix-cluster-heartbeat-sender] DEBUG io.atomix.cluster.protocol.swim - 0 - Detected local properties change {brokerInfo=EADJAAAABQAAAAAAAQAAAAEAAAABAAAAAAABCgAAAGNvbW1hbmRBcGkRAAAAMTAuMTI4Ljg5LjExOjExMzIFAAEBAAAAAAwAAQEAAAABAAAAAAAAAA4AAAA4LjcuMC1TTkFQU0hPVAUAAQEAAAAB, event-service-topics-subscribed=KIIDAGpvYnNBdmFpbGFibOU=}
10:33:41.101 [Broker-0] [] [atomix-cluster-events] DEBUG io.camunda.zeebe.broker.client.impl.BrokerTopologyManagerImpl - Received metadata change from Broker 0, partitions {1=LEADER}, terms {1=1} and health {1=HEALTHY}.
10:33:41.961 [Broker-0] [Exporter-1] [zb-fs-workers-1] INFO  io.camunda.exporter.schema.SchemaManager - Validate '0' existing indices based on '15' descriptors
10:33:42.059 [] [] [ForkJoinPool-1-worker-1] WARN  org.springframework.boot.autoconfigure.freemarker.FreeMarkerAutoConfiguration - Cannot find template location: [classpath:/templates/] (please add some templates, check your FreeMarker configuration, or set spring.freemarker.check-template-location=false)
10:33:42.149 [] [] [ForkJoinPool-1-worker-1] INFO  org.apache.coyote.http11.Http11NioProtocol - Starting ProtocolHandler ["http-nio-0.0.0.0-1130"]
10:33:42.186 [] [] [ForkJoinPool-1-worker-1] INFO  org.springframework.boot.web.embedded.tomcat.TomcatWebServer - Tomcat started on port 1130 (http) with context path '/'
10:33:42.419 [] [] [ForkJoinPool-1-worker-1] INFO  org.springframework.boot.web.embedded.tomcat.TomcatWebServer - Tomcat initialized with port 1131 (http)
10:33:42.437 [] [] [ForkJoinPool-1-worker-1] INFO  org.apache.coyote.http11.Http11NioProtocol - Initializing ProtocolHandler ["http-nio-0.0.0.0-1131"]
10:33:42.438 [] [] [ForkJoinPool-1-worker-1] INFO  org.apache.catalina.core.StandardService - Starting service [Tomcat]
10:33:42.438 [] [] [ForkJoinPool-1-worker-1] INFO  org.apache.catalina.core.StandardEngine - Starting Servlet engine: [Apache Tomcat/10.1.34]
10:33:42.694 [] [] [ForkJoinPool-1-worker-1] INFO  org.apache.catalina.core.ContainerBase.[Tomcat-3].[localhost].[/] - Initializing Spring embedded WebApplicationContext
10:33:42.694 [] [] [ForkJoinPool-1-worker-1] INFO  org.springframework.boot.web.servlet.context.ServletWebServerApplicationContext - Root WebApplicationContext: initialization completed in 497 ms
10:33:42.793 [] [] [ForkJoinPool-1-worker-1] INFO  org.springframework.boot.actuate.endpoint.web.EndpointLinksResolver - Exposing 15 endpoints beneath base path '/actuator'
10:33:43.127 [] [] [ForkJoinPool-1-worker-1] INFO  org.apache.coyote.http11.Http11NioProtocol - Starting ProtocolHandler ["http-nio-0.0.0.0-1131"]
10:33:43.179 [] [] [ForkJoinPool-1-worker-1] INFO  org.springframework.boot.web.embedded.tomcat.TomcatWebServer - Tomcat started on port 1131 (http) with context path '/'
10:33:43.202 [] [] [ForkJoinPool-1-worker-1] INFO  org.springframework.boot.SpringApplication - Started application in 5.157 seconds (process running for 67.483)
10:33:43.215 [] [] [ForkJoinPool-1-worker-1] INFO  io.camunda.zeebe.qa.util.cluster.TestSpringApplication - Started TestSpringApplication ...
10:33:43.215 [] [] [ForkJoinPool-1-worker-1] INFO  io.camunda.zeebe.qa.util.cluster.TestSpringApplication - -> Server / Rest Port: 1130
10:33:43.216 [] [] [ForkJoinPool-1-worker-1] INFO  io.camunda.zeebe.qa.util.cluster.TestSpringApplication - -> Monitoring Port: 1131
10:33:43.216 [] [] [ForkJoinPool-1-worker-1] INFO  io.camunda.zeebe.qa.util.cluster.TestSpringApplication - -> Additional Profiles: [test, broker, auth-basic]
10:33:43.216 [] [] [ForkJoinPool-1-worker-1] INFO  io.camunda.zeebe.qa.util.cluster.TestSpringApplication - -> Secondary Database Type: es
10:33:43.385 [] [] [ForkJoinPool-1-worker-1] INFO  io.camunda.it.utils.BrokerITInvocationProvider - Start up of 'CAMUNDA_EXPORTER_ELASTIC_SEARCH' finished.
10:33:43.465 [] [] [ForkJoinPool-1-worker-1] INFO  io.camunda.it.utils.CamundaClientTestFactory - Creating Zeebe client for user 'admin' and broker address 'http://0.0.0.0:1130/
10:33:43.505 [Broker-0] [Exporter-1] [zb-fs-workers-1] INFO  io.camunda.exporter.schema.SchemaManager - Validate '13' existing index templates based on '15' template descriptors
10:33:43.536 [Broker-0] [Exporter-1] [zb-fs-workers-1] INFO  io.camunda.exporter.schema.SchemaManager - Found '0' existing indices. Create missing index templates based on '15' descriptors.
10:33:43.537 [Broker-0] [Exporter-1] [zb-fs-workers-1] INFO  io.camunda.exporter.schema.SchemaManager - Create missing index 'operate-decision-requirements-8.3.0_'
10:33:43.909 [] [] [http-nio-0.0.0.0-1130-exec-1] INFO  org.apache.catalina.core.ContainerBase.[Tomcat-2].[localhost].[/] - Initializing Spring DispatcherServlet 'dispatcherServlet'
10:33:43.909 [] [] [http-nio-0.0.0.0-1130-exec-1] INFO  org.springframework.web.servlet.DispatcherServlet - Initializing Servlet 'dispatcherServlet'
10:33:43.913 [] [] [http-nio-0.0.0.0-1130-exec-1] INFO  org.springframework.web.servlet.DispatcherServlet - Completed initialization in 3 ms
10:33:45.392 [Broker-0] [Exporter-1] [zb-fs-workers-1] INFO  io.camunda.exporter.schema.SchemaManager - Create missing index 'operate-import-position-8.3.0_'
10:33:46.573 [Broker-0] [Exporter-1] [zb-fs-workers-1] INFO  io.camunda.exporter.schema.SchemaManager - Create missing index 'tasklist-import-position-8.2.0_'
10:33:47.702 [Broker-0] [Exporter-1] [zb-fs-workers-1] INFO  io.camunda.exporter.schema.SchemaManager - Create missing index 'camunda-user-8.7.0_'
10:33:48.333 [Broker-0] [Exporter-1] [zb-fs-workers-1] INFO  io.camunda.exporter.schema.SchemaManager - Create missing index 'tasklist-metric-8.3.0_'
10:33:48.877 [Broker-0] [Exporter-1] [zb-fs-workers-1] INFO  io.camunda.exporter.schema.SchemaManager - Create missing index 'operate-decision-8.3.0_'
10:33:49.230 [Broker-0] [Exporter-1] [zb-fs-workers-1] INFO  io.camunda.exporter.schema.SchemaManager - Create missing index 'operate-metric-8.3.0_'
10:33:49.709 [Broker-0] [Exporter-1] [zb-fs-workers-1] INFO  io.camunda.exporter.schema.SchemaManager - Create missing index 'camunda-web-session-8.7.0_'
10:33:50.406 [Broker-0] [Exporter-1] [zb-fs-workers-1] INFO  io.camunda.exporter.schema.SchemaManager - Create missing index 'operate-process-8.3.0_'
10:33:50.782 [Broker-0] [Exporter-1] [zb-fs-workers-1] INFO  io.camunda.exporter.schema.SchemaManager - Create missing index 'camunda-authorization-8.7.0_'
10:33:51.368 [Broker-0] [Exporter-1] [zb-fs-workers-1] INFO  io.camunda.exporter.schema.SchemaManager - Create missing index 'tasklist-form-8.4.0_'
10:33:51.875 [Broker-0] [Exporter-1] [zb-fs-workers-1] INFO  io.camunda.exporter.schema.SchemaManager - Create missing index 'camunda-role-8.7.0_'
10:33:52.481 [Broker-0] [Exporter-1] [zb-fs-workers-1] INFO  io.camunda.exporter.schema.SchemaManager - Create missing index 'camunda-tenant-8.7.0_'
10:33:52.933 [Broker-0] [Exporter-1] [zb-fs-workers-1] INFO  io.camunda.exporter.schema.SchemaManager - Create missing index 'camunda-mapping-8.7.0_'
10:33:53.416 [Broker-0] [Exporter-1] [zb-fs-workers-1] INFO  io.camunda.exporter.schema.SchemaManager - Create missing index 'camunda-group-8.7.0_'
10:33:53.958 [Broker-0] [Exporter-1] [zb-fs-workers-1] INFO  io.camunda.exporter.schema.SchemaManager - Found '13' existing index templates. Create missing index templates based on '15' descriptors.
10:33:53.963 [Broker-0] [Exporter-1] [zb-fs-workers-1] INFO  io.camunda.exporter.schema.SchemaManager - Create missing index template 'operate-flownode-instance-8.3.1_template'
10:33:54.127 [Broker-0] [Exporter-1] [zb-fs-workers-1] INFO  io.camunda.exporter.schema.SchemaManager - Create missing index 'operate-flownode-instance-8.3.1_', for template 'operate-flownode-instance-8.3.1_template'
10:33:54.419 [Broker-0] [Exporter-1] [zb-fs-workers-1] INFO  io.camunda.exporter.schema.SchemaManager - Create missing index template 'operate-incident-8.3.1_template'
10:33:54.576 [Broker-0] [Exporter-1] [zb-fs-workers-1] INFO  io.camunda.exporter.schema.SchemaManager - Create missing index 'operate-incident-8.3.1_', for template 'operate-incident-8.3.1_template'
10:33:54.940 [Broker-0] [Exporter-1] [zb-fs-workers-1] INFO  io.camunda.exporter.schema.SchemaManager - Create missing index template 'operate-variable-8.3.0_template'
10:33:55.041 [Broker-0] [Exporter-1] [zb-fs-workers-1] INFO  io.camunda.exporter.schema.SchemaManager - Create missing index 'operate-variable-8.3.0_', for template 'operate-variable-8.3.0_template'
10:33:55.429 [Broker-0] [Exporter-1] [zb-fs-workers-1] INFO  io.camunda.exporter.schema.SchemaManager - Create missing index template 'operate-job-8.6.0_template'
10:33:55.556 [Broker-0] [Exporter-1] [zb-fs-workers-1] INFO  io.camunda.exporter.schema.SchemaManager - Create missing index 'operate-job-8.6.0_', for template 'operate-job-8.6.0_template'
10:33:56.146 [Broker-0] [Exporter-1] [zb-fs-workers-1] INFO  io.camunda.exporter.schema.SchemaManager - Create missing index template 'tasklist-draft-task-variable-8.3.0_template'
10:33:56.319 [Broker-0] [Exporter-1] [zb-fs-workers-1] INFO  io.camunda.exporter.schema.SchemaManager - Create missing index 'tasklist-draft-task-variable-8.3.0_', for template 'tasklist-draft-task-variable-8.3.0_template'
10:33:56.688 [Broker-0] [Exporter-1] [zb-fs-workers-1] INFO  io.camunda.exporter.schema.SchemaManager - Create missing index template 'tasklist-task-variable-8.3.0_template'
10:33:56.908 [Broker-0] [Exporter-1] [zb-fs-workers-1] INFO  io.camunda.exporter.schema.SchemaManager - Create missing index 'tasklist-task-variable-8.3.0_', for template 'tasklist-task-variable-8.3.0_template'
10:33:57.294 [Broker-0] [Exporter-1] [zb-fs-workers-1] INFO  io.camunda.exporter.schema.SchemaManager - Create missing index template 'operate-event-8.3.0_template'
10:33:57.415 [Broker-0] [Exporter-1] [zb-fs-workers-1] INFO  io.camunda.exporter.schema.SchemaManager - Create missing index 'operate-event-8.3.0_', for template 'operate-event-8.3.0_template'
10:33:57.775 [Broker-0] [Exporter-1] [zb-fs-workers-1] INFO  io.camunda.exporter.schema.SchemaManager - Create missing index template 'operate-batch-operation-1.0.0_template'
10:33:57.851 [Broker-0] [Exporter-1] [zb-fs-workers-1] INFO  io.camunda.exporter.schema.SchemaManager - Create missing index 'operate-batch-operation-1.0.0_', for template 'operate-batch-operation-1.0.0_template'
10:33:58.264 [Broker-0] [Exporter-1] [zb-fs-workers-1] INFO  io.camunda.exporter.schema.SchemaManager - Create missing index template 'operate-decision-instance-8.3.0_template'
10:33:58.378 [Broker-0] [Exporter-1] [zb-fs-workers-1] INFO  io.camunda.exporter.schema.SchemaManager - Create missing index 'operate-decision-instance-8.3.0_', for template 'operate-decision-instance-8.3.0_template'
10:33:58.891 [Broker-0] [Exporter-1] [zb-fs-workers-1] INFO  io.camunda.exporter.schema.SchemaManager - Create missing index template 'tasklist-task-8.5.0_template'
10:33:59.073 [Broker-0] [Exporter-1] [zb-fs-workers-1] INFO  io.camunda.exporter.schema.SchemaManager - Create missing index 'tasklist-task-8.5.0_', for template 'tasklist-task-8.5.0_template'
10:33:59.522 [Broker-0] [Exporter-1] [zb-fs-workers-1] INFO  io.camunda.exporter.schema.SchemaManager - Create missing index template 'operate-message-8.5.0_template'
10:33:59.615 [Broker-0] [Exporter-1] [zb-fs-workers-1] INFO  io.camunda.exporter.schema.SchemaManager - Create missing index 'operate-message-8.5.0_', for template 'operate-message-8.5.0_template'
10:34:00.139 [Broker-0] [Exporter-1] [zb-fs-workers-1] INFO  io.camunda.exporter.schema.SchemaManager - Create missing index template 'operate-post-importer-queue-8.3.0_template'
10:34:00.344 [Broker-0] [Exporter-1] [zb-fs-workers-1] INFO  io.camunda.exporter.schema.SchemaManager - Create missing index 'operate-post-importer-queue-8.3.0_', for template 'operate-post-importer-queue-8.3.0_template'
10:34:00.840 [Broker-0] [Exporter-1] [zb-fs-workers-1] INFO  io.camunda.exporter.schema.SchemaManager - Create missing index template 'operate-sequence-flow-8.3.0_template'
10:34:00.999 [Broker-0] [Exporter-1] [zb-fs-workers-1] INFO  io.camunda.exporter.schema.SchemaManager - Create missing index 'operate-sequence-flow-8.3.0_', for template 'operate-sequence-flow-8.3.0_template'
10:34:01.408 [Broker-0] [Exporter-1] [zb-fs-workers-1] INFO  io.camunda.exporter.schema.SchemaManager - Create missing index template 'operate-list-view-8.3.0_template'
10:34:01.747 [Broker-0] [Exporter-1] [zb-fs-workers-1] INFO  io.camunda.exporter.schema.SchemaManager - Create missing index 'operate-list-view-8.3.0_', for template 'operate-list-view-8.3.0_template'
10:34:02.359 [Broker-0] [Exporter-1] [zb-fs-workers-1] INFO  io.camunda.exporter.schema.SchemaManager - Create missing index template 'operate-operation-8.4.1_template'
10:34:02.602 [Broker-0] [Exporter-1] [zb-fs-workers-1] INFO  io.camunda.exporter.schema.SchemaManager - Create missing index 'operate-operation-8.4.1_', for template 'operate-operation-8.4.1_template'
10:34:03.184 [Broker-0] [Exporter-1] [zb-fs-workers-1] INFO  io.camunda.exporter.schema.SchemaManager - Update index schema. '0' indices need to be updated
10:34:03.184 [Broker-0] [Exporter-1] [zb-fs-workers-1] INFO  io.camunda.exporter.schema.SchemaManager - Update index template schema. '0' index templates need to be updated
10:34:03.184 [Broker-0] [Exporter-1] [zb-fs-workers-1] INFO  io.camunda.exporter.schema.SchemaManager - Schema management completed.
10:34:03.210 [Broker-0] [Exporter-1] [zb-fs-workers-1] DEBUG io.camunda.zeebe.broker.exporter.CamundaExporter - Starting 5 background tasks (with 0 previously submitted tasks out of 5 tasks)
10:34:03.212 [Broker-0] [Exporter-1] [zb-fs-workers-1] INFO  io.camunda.exporter.CamundaExporter - Exporter opened
10:34:03.212 [Broker-0] [Exporter-1] [zb-fs-workers-1] DEBUG io.camunda.zeebe.broker.exporter - Open exporter with id 'recordingExporter'
]]></system-out>
  </testcase>
</testsuite>